{"/Users/kenshin/projects/Bellybook_backend/src/app.controller.ts": {"path":"/Users/kenshin/projects/Bellybook_backend/src/app.controller.ts","statementMap":{"0":{"start":{"line":1,"column":0},"end":{"line":1,"column":49}},"1":{"start":{"line":2,"column":0},"end":{"line":2,"column":43}},"2":{"start":{"line":5,"column":7},"end":{"line":12,"column":null}},"3":{"start":{"line":6,"column":31},"end":{"line":6,"column":43}},"4":{"start":{"line":10,"column":4},"end":{"line":10,"column":38}},"5":{"start":{"line":5,"column":13},"end":{"line":5,"column":26}},"6":{"start":{"line":9,"column":2},"end":{"line":11,"column":null}},"7":{"start":{"line":5,"column":13},"end":{"line":12,"column":null}}},"fnMap":{"0":{"name":"(anonymous_2)","decl":{"start":{"line":6,"column":2},"end":{"line":6,"column":31}},"loc":{"start":{"line":6,"column":53},"end":{"line":6,"column":57}}},"1":{"name":"(anonymous_3)","decl":{"start":{"line":9,"column":2},"end":{"line":9,"column":10}},"loc":{"start":{"line":9,"column":10},"end":{"line":11,"column":3}}}},"branchMap":{"0":{"loc":{"start":{"line":6,"column":43},"end":{"line":6,"column":56}},"type":"cond-expr","locations":[{"start":{"line":6,"column":53},"end":{"line":6,"column":56}},{"start":{"line":6,"column":53},"end":{"line":6,"column":56}}]},"1":{"loc":{"start":{"line":6,"column":43},"end":{"line":6,"column":53}},"type":"binary-expr","locations":[{"start":{"line":6,"column":43},"end":{"line":6,"column":56}},{"start":{"line":6,"column":43},"end":{"line":6,"column":53}}]}},"s":{"0":1,"1":1,"2":1,"3":1,"4":1,"5":1,"6":1,"7":1},"f":{"0":1,"1":1},"b":{"0":[1,0],"1":[1,1]}}
,"/Users/kenshin/projects/Bellybook_backend/src/app.module.ts": {"path":"/Users/kenshin/projects/Bellybook_backend/src/app.module.ts","statementMap":{"0":{"start":{"line":1,"column":0},"end":{"line":1,"column":40}},"1":{"start":{"line":2,"column":0},"end":{"line":2,"column":46}},"2":{"start":{"line":3,"column":0},"end":{"line":3,"column":52}},"3":{"start":{"line":4,"column":0},"end":{"line":4,"column":41}},"4":{"start":{"line":5,"column":0},"end":{"line":5,"column":49}},"5":{"start":{"line":6,"column":0},"end":{"line":6,"column":43}},"6":{"start":{"line":7,"column":0},"end":{"line":7,"column":60}},"7":{"start":{"line":8,"column":0},"end":{"line":8,"column":56}},"8":{"start":{"line":9,"column":0},"end":{"line":9,"column":59}},"9":{"start":{"line":10,"column":0},"end":{"line":10,"column":59}},"10":{"start":{"line":11,"column":0},"end":{"line":11,"column":68}},"11":{"start":{"line":12,"column":0},"end":{"line":12,"column":71}},"12":{"start":{"line":13,"column":0},"end":{"line":13,"column":56}},"13":{"start":{"line":14,"column":0},"end":{"line":14,"column":65}},"14":{"start":{"line":15,"column":0},"end":{"line":15,"column":65}},"15":{"start":{"line":16,"column":0},"end":{"line":16,"column":62}},"16":{"start":{"line":17,"column":0},"end":{"line":17,"column":35}},"17":{"start":{"line":47,"column":7},"end":{"line":47,"column":null}},"18":{"start":{"line":47,"column":13},"end":{"line":47,"column":22}},"19":{"start":{"line":47,"column":13},"end":{"line":47,"column":null}}},"fnMap":{},"branchMap":{},"s":{"0":0,"1":0,"2":0,"3":0,"4":0,"5":0,"6":0,"7":0,"8":0,"9":0,"10":0,"11":0,"12":0,"13":0,"14":0,"15":0,"16":0,"17":0,"18":0,"19":0},"f":{},"b":{}}
,"/Users/kenshin/projects/Bellybook_backend/src/app.service.ts": {"path":"/Users/kenshin/projects/Bellybook_backend/src/app.service.ts","statementMap":{"0":{"start":{"line":1,"column":0},"end":{"line":1,"column":44}},"1":{"start":{"line":4,"column":7},"end":{"line":8,"column":null}},"2":{"start":{"line":6,"column":4},"end":{"line":6,"column":26}},"3":{"start":{"line":4,"column":13},"end":{"line":4,"column":23}},"4":{"start":{"line":4,"column":13},"end":{"line":8,"column":null}}},"fnMap":{"0":{"name":"(anonymous_1)","decl":{"start":{"line":5,"column":2},"end":{"line":5,"column":10}},"loc":{"start":{"line":5,"column":10},"end":{"line":7,"column":3}}}},"branchMap":{},"s":{"0":1,"1":1,"2":1,"3":1,"4":1},"f":{"0":1},"b":{}}
,"/Users/kenshin/projects/Bellybook_backend/src/main.ts": {"path":"/Users/kenshin/projects/Bellybook_backend/src/main.ts","statementMap":{"0":{"start":{"line":7,"column":0},"end":{"line":7,"column":43}},"1":{"start":{"line":8,"column":0},"end":{"line":8,"column":72}},"2":{"start":{"line":9,"column":0},"end":{"line":9,"column":41}},"3":{"start":{"line":10,"column":0},"end":{"line":10,"column":35}},"4":{"start":{"line":11,"column":0},"end":{"line":11,"column":77}},"5":{"start":{"line":14,"column":14},"end":{"line":14,"column":49}},"6":{"start":{"line":15,"column":17},"end":{"line":15,"column":40}},"7":{"start":{"line":18,"column":2},"end":{"line":18,"column":50}},"8":{"start":{"line":21,"column":2},"end":{"line":24,"column":5}},"9":{"start":{"line":27,"column":2},"end":{"line":27,"column":30}},"10":{"start":{"line":30,"column":2},"end":{"line":33,"column":5}},"11":{"start":{"line":36,"column":2},"end":{"line":43,"column":6}},"12":{"start":{"line":46,"column":2},"end":{"line":46,"column":29}},"13":{"start":{"line":47,"column":2},"end":{"line":47,"column":82}},"14":{"start":{"line":48,"column":2},"end":{"line":48,"column":48}},"15":{"start":{"line":49,"column":2},"end":{"line":49,"column":52}},"16":{"start":{"line":52,"column":0},"end":{"line":52,"column":12}}},"fnMap":{"0":{"name":"bootstrap","decl":{"start":{"line":13,"column":15},"end":{"line":13,"column":24}},"loc":{"start":{"line":13,"column":24},"end":{"line":50,"column":1}}}},"branchMap":{},"s":{"0":0,"1":0,"2":0,"3":0,"4":0,"5":0,"6":0,"7":0,"8":0,"9":0,"10":0,"11":0,"12":0,"13":0,"14":0,"15":0,"16":0},"f":{"0":0},"b":{}}
,"/Users/kenshin/projects/Bellybook_backend/src/common/decorators/current-user.decorator.ts": {"path":"/Users/kenshin/projects/Bellybook_backend/src/common/decorators/current-user.decorator.ts","statementMap":{"0":{"start":{"line":1,"column":0},"end":{"line":1,"column":72}},"1":{"start":{"line":10,"column":13},"end":{"line":21,"column":2}},"2":{"start":{"line":12,"column":20},"end":{"line":12,"column":51}},"3":{"start":{"line":13,"column":17},"end":{"line":13,"column":48}},"4":{"start":{"line":15,"column":4},"end":{"line":17,"column":5}},"5":{"start":{"line":16,"column":6},"end":{"line":16,"column":18}},"6":{"start":{"line":19,"column":4},"end":{"line":19,"column":36}}},"fnMap":{"0":{"name":"(anonymous_0)","decl":{"start":{"line":11,"column":2},"end":{"line":11,"column":3}},"loc":{"start":{"line":11,"column":92},"end":{"line":20,"column":3}}}},"branchMap":{"0":{"loc":{"start":{"line":15,"column":4},"end":{"line":17,"column":5}},"type":"if","locations":[{"start":{"line":15,"column":4},"end":{"line":17,"column":5}},{"start":{},"end":{}}]},"1":{"loc":{"start":{"line":19,"column":11},"end":{"line":19,"column":35}},"type":"cond-expr","locations":[{"start":{"line":19,"column":18},"end":{"line":19,"column":28}},{"start":{"line":19,"column":31},"end":{"line":19,"column":35}}]}},"s":{"0":0,"1":0,"2":0,"3":0,"4":0,"5":0,"6":0},"f":{"0":0},"b":{"0":[0,0],"1":[0,0]}}
,"/Users/kenshin/projects/Bellybook_backend/src/common/decorators/public.decorator.ts": {"path":"/Users/kenshin/projects/Bellybook_backend/src/common/decorators/public.decorator.ts","statementMap":{"0":{"start":{"line":1,"column":0},"end":{"line":1,"column":45}},"1":{"start":{"line":3,"column":13},"end":{"line":3,"column":40}},"2":{"start":{"line":4,"column":22},"end":{"line":4,"column":60}},"3":{"start":{"line":4,"column":28},"end":{"line":4,"column":60}},"4":{"start":{"line":4,"column":13},"end":{"line":4,"column":22}}},"fnMap":{"0":{"name":"(anonymous_0)","decl":{"start":{"line":4,"column":22},"end":{"line":4,"column":25}},"loc":{"start":{"line":4,"column":28},"end":{"line":4,"column":60}}}},"branchMap":{},"s":{"0":0,"1":0,"2":0,"3":0,"4":0},"f":{"0":0},"b":{}}
,"/Users/kenshin/projects/Bellybook_backend/src/common/dto/pagination.dto.ts": {"path":"/Users/kenshin/projects/Bellybook_backend/src/common/dto/pagination.dto.ts","statementMap":{"0":{"start":{"line":1,"column":0},"end":{"line":1,"column":24}},"1":{"start":{"line":3,"column":13},"end":{"line":7,"column":3}},"2":{"start":{"line":19,"column":4},"end":{"line":19,"column":21}},"3":{"start":{"line":20,"column":4},"end":{"line":20,"column":23}},"4":{"start":{"line":21,"column":4},"end":{"line":21,"column":21}},"5":{"start":{"line":22,"column":4},"end":{"line":22,"column":23}},"6":{"start":{"line":23,"column":4},"end":{"line":23,"column":40}},"7":{"start":{"line":11,"column":0},"end":{"line":11,"column":13}}},"fnMap":{"0":{"name":"(anonymous_0)","decl":{"start":{"line":18,"column":2},"end":{"line":18,"column":14}},"loc":{"start":{"line":18,"column":67},"end":{"line":24,"column":3}}}},"branchMap":{},"s":{"0":1,"1":1,"2":0,"3":0,"4":0,"5":0,"6":0,"7":1},"f":{"0":0},"b":{}}
,"/Users/kenshin/projects/Bellybook_backend/src/common/dto/response.dto.ts": {"path":"/Users/kenshin/projects/Bellybook_backend/src/common/dto/response.dto.ts","statementMap":{"0":{"start":{"line":1,"column":0},"end":{"line":1,"column":24}},"1":{"start":{"line":3,"column":13},"end":{"line":8,"column":3}},"2":{"start":{"line":18,"column":4},"end":{"line":18,"column":24}},"3":{"start":{"line":19,"column":4},"end":{"line":19,"column":21}},"4":{"start":{"line":20,"column":4},"end":{"line":20,"column":27}},"5":{"start":{"line":12,"column":0},"end":{"line":12,"column":13}},"6":{"start":{"line":30,"column":4},"end":{"line":30,"column":25}},"7":{"start":{"line":31,"column":4},"end":{"line":31,"column":23}},"8":{"start":{"line":32,"column":4},"end":{"line":32,"column":27}},"9":{"start":{"line":24,"column":0},"end":{"line":24,"column":13}}},"fnMap":{"0":{"name":"(anonymous_0)","decl":{"start":{"line":17,"column":2},"end":{"line":17,"column":14}},"loc":{"start":{"line":17,"column":40},"end":{"line":21,"column":3}}},"1":{"name":"(anonymous_1)","decl":{"start":{"line":29,"column":2},"end":{"line":29,"column":14}},"loc":{"start":{"line":29,"column":45},"end":{"line":33,"column":3}}}},"branchMap":{},"s":{"0":0,"1":0,"2":0,"3":0,"4":0,"5":0,"6":0,"7":0,"8":0,"9":0},"f":{"0":0,"1":0},"b":{}}
,"/Users/kenshin/projects/Bellybook_backend/src/common/filters/all-exceptions.filter.ts": {"path":"/Users/kenshin/projects/Bellybook_backend/src/common/filters/all-exceptions.filter.ts","statementMap":{"0":{"start":{"line":7,"column":0},"end":{"line":7,"column":null}},"1":{"start":{"line":36,"column":32},"end":{"line":143,"column":null}},"2":{"start":{"line":37,"column":28},"end":{"line":37,"column":64}},"3":{"start":{"line":40,"column":16},"end":{"line":40,"column":35}},"4":{"start":{"line":41,"column":21},"end":{"line":41,"column":48}},"5":{"start":{"line":42,"column":20},"end":{"line":42,"column":45}},"6":{"start":{"line":45,"column":26},"end":{"line":45,"column":69}},"7":{"start":{"line":48,"column":4},"end":{"line":48,"column":38}},"8":{"start":{"line":51,"column":4},"end":{"line":51,"column":66}},"9":{"start":{"line":58,"column":23},"end":{"line":58,"column":56}},"10":{"start":{"line":59,"column":20},"end":{"line":59,"column":50}},"11":{"start":{"line":60,"column":18},"end":{"line":60,"column":50}},"12":{"start":{"line":62,"column":4},"end":{"line":69,"column":6}},"13":{"start":{"line":76,"column":4},"end":{"line":78,"column":5}},"14":{"start":{"line":77,"column":6},"end":{"line":77,"column":35}},"15":{"start":{"line":79,"column":4},"end":{"line":79,"column":44}},"16":{"start":{"line":86,"column":4},"end":{"line":94,"column":5}},"17":{"start":{"line":87,"column":23},"end":{"line":87,"column":46}},"18":{"start":{"line":88,"column":6},"end":{"line":90,"column":7}},"19":{"start":{"line":89,"column":8},"end":{"line":89,"column":24}},"20":{"start":{"line":91,"column":6},"end":{"line":93,"column":7}},"21":{"start":{"line":92,"column":8},"end":{"line":92,"column":89}},"22":{"start":{"line":95,"column":4},"end":{"line":97,"column":5}},"23":{"start":{"line":96,"column":6},"end":{"line":96,"column":31}},"24":{"start":{"line":98,"column":4},"end":{"line":98,"column":42}},"25":{"start":{"line":105,"column":4},"end":{"line":107,"column":5}},"26":{"start":{"line":106,"column":6},"end":{"line":106,"column":40}},"27":{"start":{"line":108,"column":4},"end":{"line":110,"column":5}},"28":{"start":{"line":109,"column":6},"end":{"line":109,"column":40}},"29":{"start":{"line":111,"column":4},"end":{"line":111,"column":26}},"30":{"start":{"line":118,"column":23},"end":{"line":118,"column":56}},"31":{"start":{"line":119,"column":20},"end":{"line":119,"column":50}},"32":{"start":{"line":122,"column":4},"end":{"line":127,"column":5}},"33":{"start":{"line":123,"column":6},"end":{"line":125,"column":8}},"34":{"start":{"line":126,"column":6},"end":{"line":126,"column":13}},"35":{"start":{"line":130,"column":18},"end":{"line":130,"column":74}},"36":{"start":{"line":131,"column":4},"end":{"line":134,"column":6}},"37":{"start":{"line":141,"column":4},"end":{"line":141,"column":50}},"38":{"start":{"line":36,"column":13},"end":{"line":36,"column":32}},"39":{"start":{"line":36,"column":13},"end":{"line":143,"column":null}}},"fnMap":{"0":{"name":"(anonymous_1)","decl":{"start":{"line":39,"column":2},"end":{"line":39,"column":7}},"loc":{"start":{"line":39,"column":47},"end":{"line":52,"column":3}}},"1":{"name":"(anonymous_2)","decl":{"start":{"line":57,"column":10},"end":{"line":57,"column":28}},"loc":{"start":{"line":57,"column":65},"end":{"line":70,"column":3}}},"2":{"name":"(anonymous_3)","decl":{"start":{"line":75,"column":10},"end":{"line":75,"column":27}},"loc":{"start":{"line":75,"column":46},"end":{"line":80,"column":3}}},"3":{"name":"(anonymous_4)","decl":{"start":{"line":85,"column":10},"end":{"line":85,"column":24}},"loc":{"start":{"line":85,"column":43},"end":{"line":99,"column":3}}},"4":{"name":"(anonymous_5)","decl":{"start":{"line":104,"column":10},"end":{"line":104,"column":26}},"loc":{"start":{"line":104,"column":45},"end":{"line":112,"column":3}}},"5":{"name":"(anonymous_6)","decl":{"start":{"line":117,"column":10},"end":{"line":117,"column":18}},"loc":{"start":{"line":117,"column":55},"end":{"line":135,"column":3}}},"6":{"name":"(anonymous_7)","decl":{"start":{"line":140,"column":10},"end":{"line":140,"column":23}},"loc":{"start":{"line":140,"column":23},"end":{"line":142,"column":3}}}},"branchMap":{"0":{"loc":{"start":{"line":65,"column":15},"end":{"line":65,"column":57}},"type":"cond-expr","locations":[{"start":{"line":65,"column":38},"end":{"line":65,"column":45}},{"start":{"line":65,"column":48},"end":{"line":65,"column":57}}]},"1":{"loc":{"start":{"line":76,"column":4},"end":{"line":78,"column":5}},"type":"if","locations":[{"start":{"line":76,"column":4},"end":{"line":78,"column":5}},{"start":{},"end":{}}]},"2":{"loc":{"start":{"line":86,"column":4},"end":{"line":94,"column":5}},"type":"if","locations":[{"start":{"line":86,"column":4},"end":{"line":94,"column":5}},{"start":{},"end":{}}]},"3":{"loc":{"start":{"line":88,"column":6},"end":{"line":90,"column":7}},"type":"if","locations":[{"start":{"line":88,"column":6},"end":{"line":90,"column":7}},{"start":{},"end":{}}]},"4":{"loc":{"start":{"line":91,"column":6},"end":{"line":93,"column":7}},"type":"if","locations":[{"start":{"line":91,"column":6},"end":{"line":93,"column":7}},{"start":{},"end":{}}]},"5":{"loc":{"start":{"line":91,"column":10},"end":{"line":91,"column":59}},"type":"binary-expr","locations":[{"start":{"line":91,"column":10},"end":{"line":91,"column":38}},{"start":{"line":91,"column":42},"end":{"line":91,"column":59}}]},"6":{"loc":{"start":{"line":92,"column":16},"end":{"line":92,"column":88}},"type":"binary-expr","locations":[{"start":{"line":92,"column":16},"end":{"line":92,"column":40}},{"start":{"line":92,"column":45},"end":{"line":92,"column":67}},{"start":{"line":92,"column":71},"end":{"line":92,"column":88}}]},"7":{"loc":{"start":{"line":95,"column":4},"end":{"line":97,"column":5}},"type":"if","locations":[{"start":{"line":95,"column":4},"end":{"line":97,"column":5}},{"start":{},"end":{}}]},"8":{"loc":{"start":{"line":105,"column":4},"end":{"line":107,"column":5}},"type":"if","locations":[{"start":{"line":105,"column":4},"end":{"line":107,"column":5}},{"start":{},"end":{}}]},"9":{"loc":{"start":{"line":108,"column":4},"end":{"line":110,"column":5}},"type":"if","locations":[{"start":{"line":108,"column":4},"end":{"line":110,"column":5}},{"start":{},"end":{}}]},"10":{"loc":{"start":{"line":122,"column":4},"end":{"line":127,"column":5}},"type":"if","locations":[{"start":{"line":122,"column":4},"end":{"line":127,"column":5}},{"start":{},"end":{}}]},"11":{"loc":{"start":{"line":122,"column":8},"end":{"line":122,"column":45}},"type":"binary-expr","locations":[{"start":{"line":122,"column":8},"end":{"line":122,"column":25}},{"start":{"line":122,"column":29},"end":{"line":122,"column":45}}]},"12":{"loc":{"start":{"line":130,"column":18},"end":{"line":130,"column":74}},"type":"cond-expr","locations":[{"start":{"line":130,"column":47},"end":{"line":130,"column":62}},{"start":{"line":130,"column":65},"end":{"line":130,"column":74}}]}},"s":{"0":0,"1":0,"2":0,"3":0,"4":0,"5":0,"6":0,"7":0,"8":0,"9":0,"10":0,"11":0,"12":0,"13":0,"14":0,"15":0,"16":0,"17":0,"18":0,"19":0,"20":0,"21":0,"22":0,"23":0,"24":0,"25":0,"26":0,"27":0,"28":0,"29":0,"30":0,"31":0,"32":0,"33":0,"34":0,"35":0,"36":0,"37":0,"38":0,"39":0},"f":{"0":0,"1":0,"2":0,"3":0,"4":0,"5":0,"6":0},"b":{"0":[0,0],"1":[0,0],"2":[0,0],"3":[0,0],"4":[0,0],"5":[0,0],"6":[0,0,0],"7":[0,0],"8":[0,0],"9":[0,0],"10":[0,0],"11":[0,0],"12":[0,0]}}
,"/Users/kenshin/projects/Bellybook_backend/src/common/guards/jwt-auth.guard.ts": {"path":"/Users/kenshin/projects/Bellybook_backend/src/common/guards/jwt-auth.guard.ts","statementMap":{"0":{"start":{"line":1,"column":0},"end":{"line":1,"column":null}},"1":{"start":{"line":7,"column":0},"end":{"line":7,"column":41}},"2":{"start":{"line":8,"column":0},"end":{"line":8,"column":41}},"3":{"start":{"line":9,"column":0},"end":{"line":9,"column":39}},"4":{"start":{"line":10,"column":0},"end":{"line":10,"column":63}},"5":{"start":{"line":14,"column":7},"end":{"line":54,"column":null}},"6":{"start":{"line":16,"column":12},"end":{"line":16,"column":24}},"7":{"start":{"line":17,"column":12},"end":{"line":17,"column":23}},"8":{"start":{"line":21,"column":21},"end":{"line":24,"column":6}},"9":{"start":{"line":26,"column":4},"end":{"line":28,"column":5}},"10":{"start":{"line":27,"column":6},"end":{"line":27,"column":18}},"11":{"start":{"line":30,"column":20},"end":{"line":30,"column":55}},"12":{"start":{"line":31,"column":18},"end":{"line":31,"column":54}},"13":{"start":{"line":33,"column":4},"end":{"line":35,"column":5}},"14":{"start":{"line":34,"column":6},"end":{"line":34,"column":59}},"15":{"start":{"line":37,"column":4},"end":{"line":45,"column":5}},"16":{"start":{"line":38,"column":22},"end":{"line":40,"column":8}},"17":{"start":{"line":42,"column":6},"end":{"line":42,"column":29}},"18":{"start":{"line":44,"column":6},"end":{"line":44,"column":55}},"19":{"start":{"line":47,"column":4},"end":{"line":47,"column":16}},"20":{"start":{"line":51,"column":26},"end":{"line":51,"column":73}},"21":{"start":{"line":52,"column":4},"end":{"line":52,"column":49}},"22":{"start":{"line":14,"column":13},"end":{"line":14,"column":25}},"23":{"start":{"line":14,"column":13},"end":{"line":54,"column":null}}},"fnMap":{"0":{"name":"(anonymous_2)","decl":{"start":{"line":15,"column":2},"end":{"line":15,"column":null}},"loc":{"start":{"line":17,"column":32},"end":{"line":18,"column":6}}},"1":{"name":"(anonymous_3)","decl":{"start":{"line":20,"column":2},"end":{"line":20,"column":7}},"loc":{"start":{"line":20,"column":45},"end":{"line":48,"column":3}}},"2":{"name":"(anonymous_4)","decl":{"start":{"line":50,"column":10},"end":{"line":50,"column":32}},"loc":{"start":{"line":50,"column":45},"end":{"line":53,"column":3}}}},"branchMap":{"0":{"loc":{"start":{"line":26,"column":4},"end":{"line":28,"column":5}},"type":"if","locations":[{"start":{"line":26,"column":4},"end":{"line":28,"column":5}},{"start":{},"end":{}}]},"1":{"loc":{"start":{"line":33,"column":4},"end":{"line":35,"column":5}},"type":"if","locations":[{"start":{"line":33,"column":4},"end":{"line":35,"column":5}},{"start":{},"end":{}}]},"2":{"loc":{"start":{"line":51,"column":26},"end":{"line":51,"column":73}},"type":"binary-expr","locations":[{"start":{"line":51,"column":26},"end":{"line":51,"column":67}},{"start":{"line":51,"column":71},"end":{"line":51,"column":73}}]},"3":{"loc":{"start":{"line":52,"column":11},"end":{"line":52,"column":48}},"type":"cond-expr","locations":[{"start":{"line":52,"column":31},"end":{"line":52,"column":36}},{"start":{"line":52,"column":39},"end":{"line":52,"column":48}}]},"4":{"loc":{"start":{"line":16,"column":24},"end":{"line":16,"column":null}},"type":"cond-expr","locations":[{"start":{"line":16,"column":34},"end":{"line":16,"column":null}},{"start":{"line":16,"column":34},"end":{"line":16,"column":null}}]},"5":{"loc":{"start":{"line":16,"column":24},"end":{"line":16,"column":34}},"type":"binary-expr","locations":[{"start":{"line":16,"column":24},"end":{"line":16,"column":null}},{"start":{"line":16,"column":24},"end":{"line":16,"column":34}}]},"6":{"loc":{"start":{"line":16,"column":34},"end":{"line":17,"column":null}},"type":"cond-expr","locations":[{"start":{"line":17,"column":32},"end":{"line":17,"column":null}},{"start":{"line":17,"column":32},"end":{"line":17,"column":null}}]},"7":{"loc":{"start":{"line":16,"column":34},"end":{"line":17,"column":32}},"type":"binary-expr","locations":[{"start":{"line":16,"column":34},"end":{"line":17,"column":null}},{"start":{"line":17,"column":23},"end":{"line":17,"column":32}}]}},"s":{"0":0,"1":0,"2":0,"3":0,"4":0,"5":0,"6":0,"7":0,"8":0,"9":0,"10":0,"11":0,"12":0,"13":0,"14":0,"15":0,"16":0,"17":0,"18":0,"19":0,"20":0,"21":0,"22":0,"23":0},"f":{"0":0,"1":0,"2":0},"b":{"0":[0,0],"1":[0,0],"2":[0,0],"3":[0,0],"4":[0,0],"5":[0,0],"6":[0,0],"7":[0,0]}}
,"/Users/kenshin/projects/Bellybook_backend/src/common/utils/crypto.util.ts": {"path":"/Users/kenshin/projects/Bellybook_backend/src/common/utils/crypto.util.ts","statementMap":{"0":{"start":{"line":1,"column":0},"end":{"line":1,"column":33}},"1":{"start":{"line":4,"column":40},"end":{"line":4,"column":42}},"2":{"start":{"line":7,"column":4},"end":{"line":7,"column":51}},"3":{"start":{"line":11,"column":4},"end":{"line":11,"column":42}},"4":{"start":{"line":15,"column":4},"end":{"line":17,"column":16}},"5":{"start":{"line":16,"column":16},"end":{"line":16,"column":47}},"6":{"start":{"line":3,"column":0},"end":{"line":3,"column":13}}},"fnMap":{"0":{"name":"(anonymous_9)","decl":{"start":{"line":6,"column":2},"end":{"line":6,"column":8}},"loc":{"start":{"line":6,"column":44},"end":{"line":8,"column":3}}},"1":{"name":"(anonymous_10)","decl":{"start":{"line":10,"column":2},"end":{"line":10,"column":8}},"loc":{"start":{"line":10,"column":61},"end":{"line":12,"column":3}}},"2":{"name":"(anonymous_11)","decl":{"start":{"line":14,"column":2},"end":{"line":14,"column":8}},"loc":{"start":{"line":14,"column":28},"end":{"line":18,"column":3}}},"3":{"name":"(anonymous_12)","decl":{"start":{"line":16,"column":11},"end":{"line":16,"column":12}},"loc":{"start":{"line":16,"column":16},"end":{"line":16,"column":47}}}},"branchMap":{},"s":{"0":0,"1":0,"2":0,"3":0,"4":0,"5":0,"6":0},"f":{"0":0,"1":0,"2":0,"3":0},"b":{}}
,"/Users/kenshin/projects/Bellybook_backend/src/config/env.ts": {"path":"/Users/kenshin/projects/Bellybook_backend/src/config/env.ts","statementMap":{"0":{"start":{"line":1,"column":0},"end":{"line":1,"column":23}},"1":{"start":{"line":2,"column":0},"end":{"line":2,"column":24}},"2":{"start":{"line":4,"column":18},"end":{"line":49,"column":2}},"3":{"start":{"line":53,"column":27},"end":{"line":63,"column":1}},"4":{"start":{"line":54,"column":17},"end":{"line":54,"column":49}},"5":{"start":{"line":56,"column":2},"end":{"line":60,"column":3}},"6":{"start":{"line":57,"column":4},"end":{"line":57,"column":54}},"7":{"start":{"line":58,"column":4},"end":{"line":58,"column":54}},"8":{"start":{"line":59,"column":4},"end":{"line":59,"column":53}},"9":{"start":{"line":62,"column":2},"end":{"line":62,"column":21}},"10":{"start":{"line":53,"column":13},"end":{"line":53,"column":27}},"11":{"start":{"line":65,"column":13},"end":{"line":65,"column":33}}},"fnMap":{"0":{"name":"(anonymous_0)","decl":{"start":{"line":53,"column":27},"end":{"line":53,"column":35}},"loc":{"start":{"line":53,"column":37},"end":{"line":63,"column":1}}}},"branchMap":{"0":{"loc":{"start":{"line":56,"column":2},"end":{"line":60,"column":3}},"type":"if","locations":[{"start":{"line":56,"column":2},"end":{"line":60,"column":3}},{"start":{},"end":{}}]}},"s":{"0":0,"1":0,"2":0,"3":0,"4":0,"5":0,"6":0,"7":0,"8":0,"9":0,"10":0,"11":0},"f":{"0":0},"b":{"0":[0,0]}}
,"/Users/kenshin/projects/Bellybook_backend/src/database/database.module.ts": {"path":"/Users/kenshin/projects/Bellybook_backend/src/database/database.module.ts","statementMap":{"0":{"start":{"line":1,"column":0},"end":{"line":1,"column":48}},"1":{"start":{"line":2,"column":0},"end":{"line":2,"column":49}},"2":{"start":{"line":9,"column":7},"end":{"line":9,"column":null}},"3":{"start":{"line":9,"column":13},"end":{"line":9,"column":27}},"4":{"start":{"line":9,"column":13},"end":{"line":9,"column":null}}},"fnMap":{},"branchMap":{},"s":{"0":0,"1":0,"2":0,"3":0,"4":0},"f":{},"b":{}}
,"/Users/kenshin/projects/Bellybook_backend/src/database/prisma.service.ts": {"path":"/Users/kenshin/projects/Bellybook_backend/src/database/prisma.service.ts","statementMap":{"0":{"start":{"line":1,"column":0},"end":{"line":1,"column":75}},"1":{"start":{"line":2,"column":0},"end":{"line":2,"column":46}},"2":{"start":{"line":5,"column":7},"end":{"line":38,"column":null}},"3":{"start":{"line":7,"column":4},"end":{"line":9,"column":7}},"4":{"start":{"line":13,"column":4},"end":{"line":13,"column":26}},"5":{"start":{"line":17,"column":4},"end":{"line":17,"column":29}},"6":{"start":{"line":21,"column":4},"end":{"line":23,"column":5}},"7":{"start":{"line":22,"column":6},"end":{"line":22,"column":61}},"8":{"start":{"line":25,"column":19},"end":{"line":26,"column":null}},"9":{"start":{"line":26,"column":15},"end":{"line":26,"column":74}},"10":{"start":{"line":29,"column":4},"end":{"line":36,"column":6}},"11":{"start":{"line":31,"column":23},"end":{"line":31,"column":55}},"12":{"start":{"line":32,"column":8},"end":{"line":34,"column":9}},"13":{"start":{"line":33,"column":10},"end":{"line":33,"column":36}},"14":{"start":{"line":5,"column":13},"end":{"line":5,"column":26}},"15":{"start":{"line":5,"column":13},"end":{"line":38,"column":null}}},"fnMap":{"0":{"name":"(anonymous_2)","decl":{"start":{"line":6,"column":2},"end":{"line":6,"column":null}},"loc":{"start":{"line":6,"column":2},"end":{"line":10,"column":3}}},"1":{"name":"(anonymous_3)","decl":{"start":{"line":12,"column":2},"end":{"line":12,"column":7}},"loc":{"start":{"line":12,"column":20},"end":{"line":14,"column":3}}},"2":{"name":"(anonymous_4)","decl":{"start":{"line":16,"column":2},"end":{"line":16,"column":7}},"loc":{"start":{"line":16,"column":23},"end":{"line":18,"column":3}}},"3":{"name":"(anonymous_5)","decl":{"start":{"line":20,"column":2},"end":{"line":20,"column":7}},"loc":{"start":{"line":20,"column":21},"end":{"line":37,"column":3}}},"4":{"name":"(anonymous_6)","decl":{"start":{"line":26,"column":6},"end":{"line":26,"column":7}},"loc":{"start":{"line":26,"column":15},"end":{"line":26,"column":74}}},"5":{"name":"(anonymous_7)","decl":{"start":{"line":30,"column":17},"end":{"line":30,"column":18}},"loc":{"start":{"line":30,"column":30},"end":{"line":35,"column":7}}}},"branchMap":{"0":{"loc":{"start":{"line":21,"column":4},"end":{"line":23,"column":5}},"type":"if","locations":[{"start":{"line":21,"column":4},"end":{"line":23,"column":5}},{"start":{},"end":{}}]},"1":{"loc":{"start":{"line":26,"column":15},"end":{"line":26,"column":74}},"type":"binary-expr","locations":[{"start":{"line":26,"column":15},"end":{"line":26,"column":38}},{"start":{"line":26,"column":42},"end":{"line":26,"column":56}},{"start":{"line":26,"column":60},"end":{"line":26,"column":74}}]},"2":{"loc":{"start":{"line":32,"column":8},"end":{"line":34,"column":9}},"type":"if","locations":[{"start":{"line":32,"column":8},"end":{"line":34,"column":9}},{"start":{},"end":{}}]},"3":{"loc":{"start":{"line":32,"column":12},"end":{"line":32,"column":59}},"type":"binary-expr","locations":[{"start":{"line":32,"column":12},"end":{"line":32,"column":17}},{"start":{"line":32,"column":21},"end":{"line":32,"column":59}}]}},"s":{"0":3,"1":3,"2":3,"3":0,"4":0,"5":0,"6":0,"7":0,"8":0,"9":0,"10":0,"11":0,"12":0,"13":0,"14":3,"15":3},"f":{"0":0,"1":0,"2":0,"3":0,"4":0,"5":0},"b":{"0":[0,0],"1":[0,0,0],"2":[0,0],"3":[0,0]}}
,"/Users/kenshin/projects/Bellybook_backend/src/modules/ai/ai.module.ts": {"path":"/Users/kenshin/projects/Bellybook_backend/src/modules/ai/ai.module.ts","statementMap":{"0":{"start":{"line":1,"column":0},"end":{"line":1,"column":40}},"1":{"start":{"line":2,"column":0},"end":{"line":2,"column":41}},"2":{"start":{"line":8,"column":7},"end":{"line":8,"column":null}},"3":{"start":{"line":8,"column":13},"end":{"line":8,"column":21}},"4":{"start":{"line":8,"column":13},"end":{"line":8,"column":null}}},"fnMap":{},"branchMap":{},"s":{"0":0,"1":0,"2":0,"3":0,"4":0},"f":{},"b":{}}
,"/Users/kenshin/projects/Bellybook_backend/src/modules/ai/ai.service.ts": {"path":"/Users/kenshin/projects/Bellybook_backend/src/modules/ai/ai.service.ts","statementMap":{"0":{"start":{"line":7,"column":0},"end":{"line":7,"column":66}},"1":{"start":{"line":8,"column":0},"end":{"line":8,"column":59}},"2":{"start":{"line":9,"column":0},"end":{"line":9,"column":39}},"3":{"start":{"line":10,"column":0},"end":{"line":10,"column":52}},"4":{"start":{"line":13,"column":20},"end":{"line":13,"column":21}},"5":{"start":{"line":14,"column":22},"end":{"line":14,"column":26}},"6":{"start":{"line":61,"column":22},"end":{"line":458,"column":null}},"7":{"start":{"line":62,"column":28},"end":{"line":62,"column":54}},"8":{"start":{"line":71,"column":4},"end":{"line":89,"column":5}},"9":{"start":{"line":72,"column":6},"end":{"line":72,"column":57}},"10":{"start":{"line":73,"column":20},"end":{"line":73,"column":56}},"11":{"start":{"line":76,"column":28},"end":{"line":76,"column":44}},"12":{"start":{"line":77,"column":6},"end":{"line":86,"column":8}},"13":{"start":{"line":78,"column":8},"end":{"line":84,"column":9}},"14":{"start":{"line":79,"column":10},"end":{"line":83,"column":13}},"15":{"start":{"line":85,"column":8},"end":{"line":85,"column":42}},"16":{"start":{"line":88,"column":6},"end":{"line":88,"column":66}},"17":{"start":{"line":91,"column":4},"end":{"line":91,"column":66}},"18":{"start":{"line":105,"column":4},"end":{"line":198,"column":5}},"19":{"start":{"line":105,"column":23},"end":{"line":105,"column":24}},"20":{"start":{"line":106,"column":6},"end":{"line":197,"column":7}},"21":{"start":{"line":107,"column":22},"end":{"line":109,"column":10}},"22":{"start":{"line":111,"column":34},"end":{"line":111,"column":61}},"23":{"start":{"line":112,"column":23},"end":{"line":112,"column":58}},"24":{"start":{"line":115,"column":23},"end":{"line":123,"column":10}},"25":{"start":{"line":125,"column":25},"end":{"line":125,"column":46}},"26":{"start":{"line":126,"column":21},"end":{"line":126,"column":36}},"27":{"start":{"line":129,"column":8},"end":{"line":129,"column":90}},"28":{"start":{"line":132,"column":26},"end":{"line":132,"column":51}},"29":{"start":{"line":133,"column":8},"end":{"line":136,"column":9}},"30":{"start":{"line":134,"column":10},"end":{"line":134,"column":108}},"31":{"start":{"line":135,"column":10},"end":{"line":135,"column":101}},"32":{"start":{"line":139,"column":8},"end":{"line":144,"column":9}},"33":{"start":{"line":140,"column":10},"end":{"line":140,"column":46}},"34":{"start":{"line":142,"column":10},"end":{"line":142,"column":69}},"35":{"start":{"line":143,"column":10},"end":{"line":143,"column":95}},"36":{"start":{"line":147,"column":33},"end":{"line":147,"column":63}},"37":{"start":{"line":150,"column":31},"end":{"line":150,"column":77}},"38":{"start":{"line":153,"column":31},"end":{"line":153,"column":112}},"39":{"start":{"line":156,"column":28},"end":{"line":156,"column":54}},"40":{"start":{"line":157,"column":8},"end":{"line":159,"column":9}},"41":{"start":{"line":158,"column":10},"end":{"line":158,"column":93}},"42":{"start":{"line":161,"column":8},"end":{"line":161,"column":85}},"43":{"start":{"line":163,"column":8},"end":{"line":174,"column":10}},"44":{"start":{"line":176,"column":8},"end":{"line":176,"column":26}},"45":{"start":{"line":179,"column":8},"end":{"line":182,"column":9}},"46":{"start":{"line":180,"column":10},"end":{"line":180,"column":91}},"47":{"start":{"line":181,"column":10},"end":{"line":181,"column":61}},"48":{"start":{"line":185,"column":8},"end":{"line":193,"column":9}},"49":{"start":{"line":186,"column":26},"end":{"line":186,"column":62}},"50":{"start":{"line":187,"column":10},"end":{"line":190,"column":12}},"51":{"start":{"line":191,"column":10},"end":{"line":191,"column":36}},"52":{"start":{"line":192,"column":10},"end":{"line":192,"column":19}},"53":{"start":{"line":196,"column":8},"end":{"line":196,"column":14}},"54":{"start":{"line":201,"column":25},"end":{"line":201,"column":89}},"55":{"start":{"line":202,"column":23},"end":{"line":202,"column":79}},"56":{"start":{"line":203,"column":4},"end":{"line":206,"column":6}},"57":{"start":{"line":207,"column":4},"end":{"line":207,"column":20}},"58":{"start":{"line":214,"column":4},"end":{"line":214,"column":37}},"59":{"start":{"line":235,"column":4},"end":{"line":250,"column":5}},"60":{"start":{"line":236,"column":6},"end":{"line":240,"column":10}},"61":{"start":{"line":236,"column":55},"end":{"line":240,"column":8}},"62":{"start":{"line":241,"column":11},"end":{"line":250,"column":5}},"63":{"start":{"line":243,"column":6},"end":{"line":247,"column":9}},"64":{"start":{"line":249,"column":6},"end":{"line":249,"column":80}},"65":{"start":{"line":257,"column":4},"end":{"line":265,"column":6}},"66":{"start":{"line":258,"column":22},"end":{"line":263,"column":8}},"67":{"start":{"line":278,"column":21},"end":{"line":278,"column":53}},"68":{"start":{"line":279,"column":20},"end":{"line":279,"column":51}},"69":{"start":{"line":280,"column":16},"end":{"line":280,"column":43}},"70":{"start":{"line":281,"column":26},"end":{"line":281,"column":63}},"71":{"start":{"line":284,"column":4},"end":{"line":287,"column":5}},"72":{"start":{"line":285,"column":6},"end":{"line":285,"column":81}},"73":{"start":{"line":286,"column":6},"end":{"line":286,"column":72}},"74":{"start":{"line":288,"column":4},"end":{"line":290,"column":5}},"75":{"start":{"line":289,"column":6},"end":{"line":289,"column":76}},"76":{"start":{"line":291,"column":4},"end":{"line":293,"column":5}},"77":{"start":{"line":292,"column":6},"end":{"line":292,"column":68}},"78":{"start":{"line":294,"column":4},"end":{"line":296,"column":5}},"79":{"start":{"line":295,"column":6},"end":{"line":295,"column":88}},"80":{"start":{"line":298,"column":4},"end":{"line":303,"column":6}},"81":{"start":{"line":314,"column":20},"end":{"line":314,"column":36}},"82":{"start":{"line":317,"column":4},"end":{"line":317,"column":44}},"83":{"start":{"line":317,"column":32},"end":{"line":317,"column":44}},"84":{"start":{"line":319,"column":4},"end":{"line":319,"column":44}},"85":{"start":{"line":319,"column":32},"end":{"line":319,"column":44}},"86":{"start":{"line":321,"column":4},"end":{"line":321,"column":44}},"87":{"start":{"line":321,"column":32},"end":{"line":321,"column":44}},"88":{"start":{"line":323,"column":4},"end":{"line":323,"column":44}},"89":{"start":{"line":323,"column":32},"end":{"line":323,"column":44}},"90":{"start":{"line":325,"column":4},"end":{"line":325,"column":44}},"91":{"start":{"line":325,"column":32},"end":{"line":325,"column":44}},"92":{"start":{"line":327,"column":4},"end":{"line":327,"column":115}},"93":{"start":{"line":327,"column":103},"end":{"line":327,"column":115}},"94":{"start":{"line":329,"column":4},"end":{"line":329,"column":17}},"95":{"start":{"line":336,"column":20},"end":{"line":336,"column":36}},"96":{"start":{"line":337,"column":4},"end":{"line":337,"column":67}},"97":{"start":{"line":348,"column":17},"end":{"line":348,"column":38}},"98":{"start":{"line":349,"column":4},"end":{"line":349,"column":43}},"99":{"start":{"line":349,"column":31},"end":{"line":349,"column":43}},"100":{"start":{"line":350,"column":4},"end":{"line":350,"column":44}},"101":{"start":{"line":350,"column":32},"end":{"line":350,"column":44}},"102":{"start":{"line":351,"column":4},"end":{"line":351,"column":45}},"103":{"start":{"line":351,"column":33},"end":{"line":351,"column":45}},"104":{"start":{"line":352,"column":4},"end":{"line":352,"column":45}},"105":{"start":{"line":352,"column":33},"end":{"line":352,"column":45}},"106":{"start":{"line":353,"column":4},"end":{"line":353,"column":45}},"107":{"start":{"line":353,"column":33},"end":{"line":353,"column":45}},"108":{"start":{"line":354,"column":4},"end":{"line":354,"column":45}},"109":{"start":{"line":354,"column":33},"end":{"line":354,"column":45}},"110":{"start":{"line":355,"column":4},"end":{"line":355,"column":16}},"111":{"start":{"line":362,"column":17},"end":{"line":362,"column":38}},"112":{"start":{"line":363,"column":4},"end":{"line":363,"column":47}},"113":{"start":{"line":363,"column":32},"end":{"line":363,"column":47}},"114":{"start":{"line":364,"column":4},"end":{"line":364,"column":48}},"115":{"start":{"line":364,"column":33},"end":{"line":364,"column":48}},"116":{"start":{"line":365,"column":4},"end":{"line":365,"column":50}},"117":{"start":{"line":365,"column":33},"end":{"line":365,"column":50}},"118":{"start":{"line":366,"column":4},"end":{"line":366,"column":19}},"119":{"start":{"line":373,"column":17},"end":{"line":373,"column":38}},"120":{"start":{"line":374,"column":4},"end":{"line":374,"column":45}},"121":{"start":{"line":374,"column":31},"end":{"line":374,"column":45}},"122":{"start":{"line":375,"column":4},"end":{"line":375,"column":48}},"123":{"start":{"line":375,"column":32},"end":{"line":375,"column":48}},"124":{"start":{"line":376,"column":4},"end":{"line":376,"column":48}},"125":{"start":{"line":376,"column":33},"end":{"line":376,"column":48}},"126":{"start":{"line":377,"column":4},"end":{"line":377,"column":48}},"127":{"start":{"line":377,"column":33},"end":{"line":377,"column":48}},"128":{"start":{"line":378,"column":4},"end":{"line":378,"column":48}},"129":{"start":{"line":378,"column":33},"end":{"line":378,"column":48}},"130":{"start":{"line":379,"column":4},"end":{"line":379,"column":49}},"131":{"start":{"line":379,"column":33},"end":{"line":379,"column":49}},"132":{"start":{"line":380,"column":4},"end":{"line":380,"column":20}},"133":{"start":{"line":387,"column":21},"end":{"line":387,"column":51}},"134":{"start":{"line":388,"column":4},"end":{"line":388,"column":65}},"135":{"start":{"line":395,"column":4},"end":{"line":395,"column":59}},"136":{"start":{"line":395,"column":34},"end":{"line":395,"column":57}},"137":{"start":{"line":402,"column":4},"end":{"line":456,"column":24}},"138":{"start":{"line":61,"column":13},"end":{"line":61,"column":22}},"139":{"start":{"line":61,"column":13},"end":{"line":458,"column":null}}},"fnMap":{"0":{"name":"(anonymous_1)","decl":{"start":{"line":69,"column":2},"end":{"line":69,"column":7}},"loc":{"start":{"line":69,"column":20},"end":{"line":92,"column":3}}},"1":{"name":"(anonymous_2)","decl":{"start":{"line":77,"column":25},"end":{"line":77,"column":26}},"loc":{"start":{"line":77,"column":93},"end":{"line":86,"column":7}}},"2":{"name":"(anonymous_3)","decl":{"start":{"line":102,"column":2},"end":{"line":102,"column":7}},"loc":{"start":{"line":102,"column":44},"end":{"line":208,"column":3}}},"3":{"name":"(anonymous_4)","decl":{"start":{"line":213,"column":2},"end":{"line":213,"column":15}},"loc":{"start":{"line":213,"column":30},"end":{"line":215,"column":3}}},"4":{"name":"(anonymous_5)","decl":{"start":{"line":224,"column":10},"end":{"line":224,"column":25}},"loc":{"start":{"line":224,"column":49},"end":{"line":251,"column":3}}},"5":{"name":"(anonymous_6)","decl":{"start":{"line":236,"column":33},"end":{"line":236,"column":34}},"loc":{"start":{"line":236,"column":55},"end":{"line":240,"column":8}}},"6":{"name":"(anonymous_7)","decl":{"start":{"line":256,"column":10},"end":{"line":256,"column":33}},"loc":{"start":{"line":256,"column":137},"end":{"line":266,"column":3}}},"7":{"name":"(anonymous_8)","decl":{"start":{"line":258,"column":6},"end":{"line":258,"column":7}},"loc":{"start":{"line":258,"column":22},"end":{"line":263,"column":8}}},"8":{"name":"(anonymous_9)","decl":{"start":{"line":272,"column":10},"end":{"line":272,"column":39}},"loc":{"start":{"line":272,"column":66},"end":{"line":304,"column":3}}},"9":{"name":"(anonymous_10)","decl":{"start":{"line":313,"column":10},"end":{"line":313,"column":26}},"loc":{"start":{"line":313,"column":41},"end":{"line":330,"column":3}}},"10":{"name":"(anonymous_11)","decl":{"start":{"line":335,"column":10},"end":{"line":335,"column":26}},"loc":{"start":{"line":335,"column":41},"end":{"line":338,"column":3}}},"11":{"name":"(anonymous_12)","decl":{"start":{"line":347,"column":10},"end":{"line":347,"column":23}},"loc":{"start":{"line":347,"column":23},"end":{"line":356,"column":3}}},"12":{"name":"(anonymous_13)","decl":{"start":{"line":361,"column":10},"end":{"line":361,"column":30}},"loc":{"start":{"line":361,"column":30},"end":{"line":367,"column":3}}},"13":{"name":"(anonymous_14)","decl":{"start":{"line":372,"column":10},"end":{"line":372,"column":23}},"loc":{"start":{"line":372,"column":23},"end":{"line":381,"column":3}}},"14":{"name":"(anonymous_15)","decl":{"start":{"line":386,"column":10},"end":{"line":386,"column":25}},"loc":{"start":{"line":386,"column":25},"end":{"line":389,"column":3}}},"15":{"name":"(anonymous_16)","decl":{"start":{"line":394,"column":10},"end":{"line":394,"column":15}},"loc":{"start":{"line":394,"column":26},"end":{"line":396,"column":3}}},"16":{"name":"(anonymous_17)","decl":{"start":{"line":395,"column":23},"end":{"line":395,"column":30}},"loc":{"start":{"line":395,"column":34},"end":{"line":395,"column":57}}},"17":{"name":"(anonymous_18)","decl":{"start":{"line":401,"column":10},"end":{"line":401,"column":21}},"loc":{"start":{"line":401,"column":47},"end":{"line":457,"column":3}}}},"branchMap":{"0":{"loc":{"start":{"line":71,"column":4},"end":{"line":89,"column":5}},"type":"if","locations":[{"start":{"line":71,"column":4},"end":{"line":89,"column":5}},{"start":{},"end":{}}]},"1":{"loc":{"start":{"line":78,"column":8},"end":{"line":84,"column":9}},"type":"if","locations":[{"start":{"line":78,"column":8},"end":{"line":84,"column":9}},{"start":{},"end":{}}]},"2":{"loc":{"start":{"line":78,"column":12},"end":{"line":78,"column":73}},"type":"binary-expr","locations":[{"start":{"line":78,"column":12},"end":{"line":78,"column":37}},{"start":{"line":78,"column":41},"end":{"line":78,"column":73}}]},"3":{"loc":{"start":{"line":91,"column":40},"end":{"line":91,"column":64}},"type":"binary-expr","locations":[{"start":{"line":91,"column":40},"end":{"line":91,"column":58}},{"start":{"line":91,"column":62},"end":{"line":91,"column":64}}]},"4":{"loc":{"start":{"line":133,"column":8},"end":{"line":136,"column":9}},"type":"if","locations":[{"start":{"line":133,"column":8},"end":{"line":136,"column":9}},{"start":{},"end":{}}]},"5":{"loc":{"start":{"line":156,"column":28},"end":{"line":156,"column":54}},"type":"binary-expr","locations":[{"start":{"line":156,"column":28},"end":{"line":156,"column":48}},{"start":{"line":156,"column":52},"end":{"line":156,"column":54}}]},"6":{"loc":{"start":{"line":157,"column":8},"end":{"line":159,"column":9}},"type":"if","locations":[{"start":{"line":157,"column":8},"end":{"line":159,"column":9}},{"start":{},"end":{}}]},"7":{"loc":{"start":{"line":157,"column":12},"end":{"line":157,"column":65}},"type":"binary-expr","locations":[{"start":{"line":157,"column":12},"end":{"line":157,"column":39}},{"start":{"line":157,"column":43},"end":{"line":157,"column":65}}]},"8":{"loc":{"start":{"line":172,"column":21},"end":{"line":172,"column":80}},"type":"cond-expr","locations":[{"start":{"line":172,"column":42},"end":{"line":172,"column":68}},{"start":{"line":172,"column":71},"end":{"line":172,"column":80}}]},"9":{"loc":{"start":{"line":179,"column":8},"end":{"line":182,"column":9}},"type":"if","locations":[{"start":{"line":179,"column":8},"end":{"line":182,"column":9}},{"start":{},"end":{}}]},"10":{"loc":{"start":{"line":185,"column":8},"end":{"line":193,"column":9}},"type":"if","locations":[{"start":{"line":185,"column":8},"end":{"line":193,"column":9}},{"start":{},"end":{}}]},"11":{"loc":{"start":{"line":185,"column":12},"end":{"line":185,"column":69}},"type":"binary-expr","locations":[{"start":{"line":185,"column":12},"end":{"line":185,"column":40}},{"start":{"line":185,"column":44},"end":{"line":185,"column":69}}]},"12":{"loc":{"start":{"line":201,"column":25},"end":{"line":201,"column":89}},"type":"cond-expr","locations":[{"start":{"line":201,"column":54},"end":{"line":201,"column":71}},{"start":{"line":201,"column":74},"end":{"line":201,"column":89}}]},"13":{"loc":{"start":{"line":202,"column":23},"end":{"line":202,"column":79}},"type":"cond-expr","locations":[{"start":{"line":202,"column":52},"end":{"line":202,"column":67}},{"start":{"line":202,"column":70},"end":{"line":202,"column":79}}]},"14":{"loc":{"start":{"line":235,"column":4},"end":{"line":250,"column":5}},"type":"if","locations":[{"start":{"line":235,"column":4},"end":{"line":250,"column":5}},{"start":{"line":241,"column":11},"end":{"line":250,"column":5}}]},"15":{"loc":{"start":{"line":235,"column":8},"end":{"line":235,"column":87}},"type":"binary-expr","locations":[{"start":{"line":235,"column":8},"end":{"line":235,"column":23}},{"start":{"line":235,"column":27},"end":{"line":235,"column":57}},{"start":{"line":235,"column":61},"end":{"line":235,"column":87}}]},"16":{"loc":{"start":{"line":237,"column":18},"end":{"line":237,"column":41}},"type":"binary-expr","locations":[{"start":{"line":237,"column":18},"end":{"line":237,"column":31}},{"start":{"line":237,"column":35},"end":{"line":237,"column":41}}]},"17":{"loc":{"start":{"line":238,"column":17},"end":{"line":238,"column":37}},"type":"binary-expr","locations":[{"start":{"line":238,"column":17},"end":{"line":238,"column":29}},{"start":{"line":238,"column":33},"end":{"line":238,"column":37}}]},"18":{"loc":{"start":{"line":241,"column":11},"end":{"line":250,"column":5}},"type":"if","locations":[{"start":{"line":241,"column":11},"end":{"line":250,"column":5}},{"start":{"line":248,"column":11},"end":{"line":250,"column":5}}]},"19":{"loc":{"start":{"line":245,"column":17},"end":{"line":245,"column":41}},"type":"binary-expr","locations":[{"start":{"line":245,"column":17},"end":{"line":245,"column":33}},{"start":{"line":245,"column":37},"end":{"line":245,"column":41}}]},"20":{"loc":{"start":{"line":278,"column":21},"end":{"line":278,"column":53}},"type":"binary-expr","locations":[{"start":{"line":278,"column":21},"end":{"line":278,"column":48}},{"start":{"line":278,"column":52},"end":{"line":278,"column":53}}]},"21":{"loc":{"start":{"line":279,"column":20},"end":{"line":279,"column":51}},"type":"binary-expr","locations":[{"start":{"line":279,"column":20},"end":{"line":279,"column":46}},{"start":{"line":279,"column":50},"end":{"line":279,"column":51}}]},"22":{"loc":{"start":{"line":280,"column":16},"end":{"line":280,"column":43}},"type":"binary-expr","locations":[{"start":{"line":280,"column":16},"end":{"line":280,"column":38}},{"start":{"line":280,"column":42},"end":{"line":280,"column":43}}]},"23":{"loc":{"start":{"line":281,"column":26},"end":{"line":281,"column":63}},"type":"binary-expr","locations":[{"start":{"line":281,"column":26},"end":{"line":281,"column":58}},{"start":{"line":281,"column":62},"end":{"line":281,"column":63}}]},"24":{"loc":{"start":{"line":284,"column":4},"end":{"line":287,"column":5}},"type":"if","locations":[{"start":{"line":284,"column":4},"end":{"line":287,"column":5}},{"start":{},"end":{}}]},"25":{"loc":{"start":{"line":284,"column":8},"end":{"line":284,"column":39}},"type":"binary-expr","locations":[{"start":{"line":284,"column":8},"end":{"line":284,"column":20}},{"start":{"line":284,"column":24},"end":{"line":284,"column":39}}]},"26":{"loc":{"start":{"line":288,"column":4},"end":{"line":290,"column":5}},"type":"if","locations":[{"start":{"line":288,"column":4},"end":{"line":290,"column":5}},{"start":{},"end":{}}]},"27":{"loc":{"start":{"line":288,"column":8},"end":{"line":288,"column":36}},"type":"binary-expr","locations":[{"start":{"line":288,"column":8},"end":{"line":288,"column":19}},{"start":{"line":288,"column":23},"end":{"line":288,"column":36}}]},"28":{"loc":{"start":{"line":291,"column":4},"end":{"line":293,"column":5}},"type":"if","locations":[{"start":{"line":291,"column":4},"end":{"line":293,"column":5}},{"start":{},"end":{}}]},"29":{"loc":{"start":{"line":291,"column":8},"end":{"line":291,"column":28}},"type":"binary-expr","locations":[{"start":{"line":291,"column":8},"end":{"line":291,"column":15}},{"start":{"line":291,"column":19},"end":{"line":291,"column":28}}]},"30":{"loc":{"start":{"line":294,"column":4},"end":{"line":296,"column":5}},"type":"if","locations":[{"start":{"line":294,"column":4},"end":{"line":296,"column":5}},{"start":{},"end":{}}]},"31":{"loc":{"start":{"line":294,"column":8},"end":{"line":294,"column":48}},"type":"binary-expr","locations":[{"start":{"line":294,"column":8},"end":{"line":294,"column":25}},{"start":{"line":294,"column":29},"end":{"line":294,"column":48}}]},"32":{"loc":{"start":{"line":317,"column":4},"end":{"line":317,"column":44}},"type":"if","locations":[{"start":{"line":317,"column":4},"end":{"line":317,"column":44}},{"start":{},"end":{}}]},"33":{"loc":{"start":{"line":319,"column":4},"end":{"line":319,"column":44}},"type":"if","locations":[{"start":{"line":319,"column":4},"end":{"line":319,"column":44}},{"start":{},"end":{}}]},"34":{"loc":{"start":{"line":321,"column":4},"end":{"line":321,"column":44}},"type":"if","locations":[{"start":{"line":321,"column":4},"end":{"line":321,"column":44}},{"start":{},"end":{}}]},"35":{"loc":{"start":{"line":323,"column":4},"end":{"line":323,"column":44}},"type":"if","locations":[{"start":{"line":323,"column":4},"end":{"line":323,"column":44}},{"start":{},"end":{}}]},"36":{"loc":{"start":{"line":325,"column":4},"end":{"line":325,"column":44}},"type":"if","locations":[{"start":{"line":325,"column":4},"end":{"line":325,"column":44}},{"start":{},"end":{}}]},"37":{"loc":{"start":{"line":327,"column":4},"end":{"line":327,"column":115}},"type":"if","locations":[{"start":{"line":327,"column":4},"end":{"line":327,"column":115}},{"start":{},"end":{}}]},"38":{"loc":{"start":{"line":327,"column":8},"end":{"line":327,"column":101}},"type":"binary-expr","locations":[{"start":{"line":327,"column":8},"end":{"line":327,"column":37}},{"start":{"line":327,"column":41},"end":{"line":327,"column":69}},{"start":{"line":327,"column":73},"end":{"line":327,"column":101}}]},"39":{"loc":{"start":{"line":337,"column":11},"end":{"line":337,"column":66}},"type":"binary-expr","locations":[{"start":{"line":337,"column":11},"end":{"line":337,"column":37}},{"start":{"line":337,"column":41},"end":{"line":337,"column":53}},{"start":{"line":337,"column":57},"end":{"line":337,"column":66}}]},"40":{"loc":{"start":{"line":349,"column":4},"end":{"line":349,"column":43}},"type":"if","locations":[{"start":{"line":349,"column":4},"end":{"line":349,"column":43}},{"start":{},"end":{}}]},"41":{"loc":{"start":{"line":349,"column":8},"end":{"line":349,"column":29}},"type":"binary-expr","locations":[{"start":{"line":349,"column":8},"end":{"line":349,"column":17}},{"start":{"line":349,"column":21},"end":{"line":349,"column":29}}]},"42":{"loc":{"start":{"line":350,"column":4},"end":{"line":350,"column":44}},"type":"if","locations":[{"start":{"line":350,"column":4},"end":{"line":350,"column":44}},{"start":{},"end":{}}]},"43":{"loc":{"start":{"line":350,"column":8},"end":{"line":350,"column":30}},"type":"binary-expr","locations":[{"start":{"line":350,"column":8},"end":{"line":350,"column":17}},{"start":{"line":350,"column":21},"end":{"line":350,"column":30}}]},"44":{"loc":{"start":{"line":351,"column":4},"end":{"line":351,"column":45}},"type":"if","locations":[{"start":{"line":351,"column":4},"end":{"line":351,"column":45}},{"start":{},"end":{}}]},"45":{"loc":{"start":{"line":351,"column":8},"end":{"line":351,"column":31}},"type":"binary-expr","locations":[{"start":{"line":351,"column":8},"end":{"line":351,"column":18}},{"start":{"line":351,"column":22},"end":{"line":351,"column":31}}]},"46":{"loc":{"start":{"line":352,"column":4},"end":{"line":352,"column":45}},"type":"if","locations":[{"start":{"line":352,"column":4},"end":{"line":352,"column":45}},{"start":{},"end":{}}]},"47":{"loc":{"start":{"line":352,"column":8},"end":{"line":352,"column":31}},"type":"binary-expr","locations":[{"start":{"line":352,"column":8},"end":{"line":352,"column":18}},{"start":{"line":352,"column":22},"end":{"line":352,"column":31}}]},"48":{"loc":{"start":{"line":353,"column":4},"end":{"line":353,"column":45}},"type":"if","locations":[{"start":{"line":353,"column":4},"end":{"line":353,"column":45}},{"start":{},"end":{}}]},"49":{"loc":{"start":{"line":353,"column":8},"end":{"line":353,"column":31}},"type":"binary-expr","locations":[{"start":{"line":353,"column":8},"end":{"line":353,"column":18}},{"start":{"line":353,"column":22},"end":{"line":353,"column":31}}]},"50":{"loc":{"start":{"line":354,"column":4},"end":{"line":354,"column":45}},"type":"if","locations":[{"start":{"line":354,"column":4},"end":{"line":354,"column":45}},{"start":{},"end":{}}]},"51":{"loc":{"start":{"line":354,"column":8},"end":{"line":354,"column":31}},"type":"binary-expr","locations":[{"start":{"line":354,"column":8},"end":{"line":354,"column":18}},{"start":{"line":354,"column":22},"end":{"line":354,"column":31}}]},"52":{"loc":{"start":{"line":363,"column":4},"end":{"line":363,"column":47}},"type":"if","locations":[{"start":{"line":363,"column":4},"end":{"line":363,"column":47}},{"start":{},"end":{}}]},"53":{"loc":{"start":{"line":363,"column":8},"end":{"line":363,"column":30}},"type":"binary-expr","locations":[{"start":{"line":363,"column":8},"end":{"line":363,"column":17}},{"start":{"line":363,"column":21},"end":{"line":363,"column":30}}]},"54":{"loc":{"start":{"line":364,"column":4},"end":{"line":364,"column":48}},"type":"if","locations":[{"start":{"line":364,"column":4},"end":{"line":364,"column":48}},{"start":{},"end":{}}]},"55":{"loc":{"start":{"line":364,"column":8},"end":{"line":364,"column":31}},"type":"binary-expr","locations":[{"start":{"line":364,"column":8},"end":{"line":364,"column":18}},{"start":{"line":364,"column":22},"end":{"line":364,"column":31}}]},"56":{"loc":{"start":{"line":365,"column":4},"end":{"line":365,"column":50}},"type":"if","locations":[{"start":{"line":365,"column":4},"end":{"line":365,"column":50}},{"start":{},"end":{}}]},"57":{"loc":{"start":{"line":365,"column":8},"end":{"line":365,"column":31}},"type":"binary-expr","locations":[{"start":{"line":365,"column":8},"end":{"line":365,"column":18}},{"start":{"line":365,"column":22},"end":{"line":365,"column":31}}]},"58":{"loc":{"start":{"line":374,"column":4},"end":{"line":374,"column":45}},"type":"if","locations":[{"start":{"line":374,"column":4},"end":{"line":374,"column":45}},{"start":{},"end":{}}]},"59":{"loc":{"start":{"line":374,"column":8},"end":{"line":374,"column":29}},"type":"binary-expr","locations":[{"start":{"line":374,"column":8},"end":{"line":374,"column":17}},{"start":{"line":374,"column":21},"end":{"line":374,"column":29}}]},"60":{"loc":{"start":{"line":375,"column":4},"end":{"line":375,"column":48}},"type":"if","locations":[{"start":{"line":375,"column":4},"end":{"line":375,"column":48}},{"start":{},"end":{}}]},"61":{"loc":{"start":{"line":375,"column":8},"end":{"line":375,"column":30}},"type":"binary-expr","locations":[{"start":{"line":375,"column":8},"end":{"line":375,"column":17}},{"start":{"line":375,"column":21},"end":{"line":375,"column":30}}]},"62":{"loc":{"start":{"line":376,"column":4},"end":{"line":376,"column":48}},"type":"if","locations":[{"start":{"line":376,"column":4},"end":{"line":376,"column":48}},{"start":{},"end":{}}]},"63":{"loc":{"start":{"line":376,"column":8},"end":{"line":376,"column":31}},"type":"binary-expr","locations":[{"start":{"line":376,"column":8},"end":{"line":376,"column":18}},{"start":{"line":376,"column":22},"end":{"line":376,"column":31}}]},"64":{"loc":{"start":{"line":377,"column":4},"end":{"line":377,"column":48}},"type":"if","locations":[{"start":{"line":377,"column":4},"end":{"line":377,"column":48}},{"start":{},"end":{}}]},"65":{"loc":{"start":{"line":377,"column":8},"end":{"line":377,"column":31}},"type":"binary-expr","locations":[{"start":{"line":377,"column":8},"end":{"line":377,"column":18}},{"start":{"line":377,"column":22},"end":{"line":377,"column":31}}]},"66":{"loc":{"start":{"line":378,"column":4},"end":{"line":378,"column":48}},"type":"if","locations":[{"start":{"line":378,"column":4},"end":{"line":378,"column":48}},{"start":{},"end":{}}]},"67":{"loc":{"start":{"line":378,"column":8},"end":{"line":378,"column":31}},"type":"binary-expr","locations":[{"start":{"line":378,"column":8},"end":{"line":378,"column":18}},{"start":{"line":378,"column":22},"end":{"line":378,"column":31}}]},"68":{"loc":{"start":{"line":379,"column":4},"end":{"line":379,"column":49}},"type":"if","locations":[{"start":{"line":379,"column":4},"end":{"line":379,"column":49}},{"start":{},"end":{}}]},"69":{"loc":{"start":{"line":379,"column":8},"end":{"line":379,"column":31}},"type":"binary-expr","locations":[{"start":{"line":379,"column":8},"end":{"line":379,"column":18}},{"start":{"line":379,"column":22},"end":{"line":379,"column":31}}]}},"s":{"0":0,"1":0,"2":0,"3":0,"4":0,"5":0,"6":0,"7":0,"8":0,"9":0,"10":0,"11":0,"12":0,"13":0,"14":0,"15":0,"16":0,"17":0,"18":0,"19":0,"20":0,"21":0,"22":0,"23":0,"24":0,"25":0,"26":0,"27":0,"28":0,"29":0,"30":0,"31":0,"32":0,"33":0,"34":0,"35":0,"36":0,"37":0,"38":0,"39":0,"40":0,"41":0,"42":0,"43":0,"44":0,"45":0,"46":0,"47":0,"48":0,"49":0,"50":0,"51":0,"52":0,"53":0,"54":0,"55":0,"56":0,"57":0,"58":0,"59":0,"60":0,"61":0,"62":0,"63":0,"64":0,"65":0,"66":0,"67":0,"68":0,"69":0,"70":0,"71":0,"72":0,"73":0,"74":0,"75":0,"76":0,"77":0,"78":0,"79":0,"80":0,"81":0,"82":0,"83":0,"84":0,"85":0,"86":0,"87":0,"88":0,"89":0,"90":0,"91":0,"92":0,"93":0,"94":0,"95":0,"96":0,"97":0,"98":0,"99":0,"100":0,"101":0,"102":0,"103":0,"104":0,"105":0,"106":0,"107":0,"108":0,"109":0,"110":0,"111":0,"112":0,"113":0,"114":0,"115":0,"116":0,"117":0,"118":0,"119":0,"120":0,"121":0,"122":0,"123":0,"124":0,"125":0,"126":0,"127":0,"128":0,"129":0,"130":0,"131":0,"132":0,"133":0,"134":0,"135":0,"136":0,"137":0,"138":0,"139":0},"f":{"0":0,"1":0,"2":0,"3":0,"4":0,"5":0,"6":0,"7":0,"8":0,"9":0,"10":0,"11":0,"12":0,"13":0,"14":0,"15":0,"16":0,"17":0},"b":{"0":[0,0],"1":[0,0],"2":[0,0],"3":[0,0],"4":[0,0],"5":[0,0],"6":[0,0],"7":[0,0],"8":[0,0],"9":[0,0],"10":[0,0],"11":[0,0],"12":[0,0],"13":[0,0],"14":[0,0],"15":[0,0,0],"16":[0,0],"17":[0,0],"18":[0,0],"19":[0,0],"20":[0,0],"21":[0,0],"22":[0,0],"23":[0,0],"24":[0,0],"25":[0,0],"26":[0,0],"27":[0,0],"28":[0,0],"29":[0,0],"30":[0,0],"31":[0,0],"32":[0,0],"33":[0,0],"34":[0,0],"35":[0,0],"36":[0,0],"37":[0,0],"38":[0,0,0],"39":[0,0,0],"40":[0,0],"41":[0,0],"42":[0,0],"43":[0,0],"44":[0,0],"45":[0,0],"46":[0,0],"47":[0,0],"48":[0,0],"49":[0,0],"50":[0,0],"51":[0,0],"52":[0,0],"53":[0,0],"54":[0,0],"55":[0,0],"56":[0,0],"57":[0,0],"58":[0,0],"59":[0,0],"60":[0,0],"61":[0,0],"62":[0,0],"63":[0,0],"64":[0,0],"65":[0,0],"66":[0,0],"67":[0,0],"68":[0,0],"69":[0,0]}}
,"/Users/kenshin/projects/Bellybook_backend/src/modules/auth/auth.controller.ts": {"path":"/Users/kenshin/projects/Bellybook_backend/src/modules/auth/auth.controller.ts","statementMap":{"0":{"start":{"line":1,"column":0},"end":{"line":1,"column":72}},"1":{"start":{"line":2,"column":0},"end":{"line":2,"column":45}},"2":{"start":{"line":3,"column":0},"end":{"line":3,"column":49}},"3":{"start":{"line":4,"column":0},"end":{"line":4,"column":43}},"4":{"start":{"line":5,"column":0},"end":{"line":5,"column":58}},"5":{"start":{"line":7,"column":0},"end":{"line":7,"column":66}},"6":{"start":{"line":8,"column":0},"end":{"line":8,"column":66}},"7":{"start":{"line":9,"column":0},"end":{"line":9,"column":77}},"8":{"start":{"line":10,"column":0},"end":{"line":10,"column":64}},"9":{"start":{"line":13,"column":7},"end":{"line":46,"column":null}},"10":{"start":{"line":14,"column":31},"end":{"line":14,"column":44}},"11":{"start":{"line":19,"column":4},"end":{"line":19,"column":50}},"12":{"start":{"line":25,"column":4},"end":{"line":25,"column":44}},"13":{"start":{"line":31,"column":4},"end":{"line":31,"column":59}},"14":{"start":{"line":37,"column":4},"end":{"line":37,"column":42}},"15":{"start":{"line":38,"column":4},"end":{"line":38,"column":64}},"16":{"start":{"line":44,"column":4},"end":{"line":44,"column":51}},"17":{"start":{"line":13,"column":13},"end":{"line":13,"column":27}},"18":{"start":{"line":18,"column":8},"end":{"line":20,"column":null}},"19":{"start":{"line":24,"column":8},"end":{"line":26,"column":null}},"20":{"start":{"line":30,"column":8},"end":{"line":32,"column":null}},"21":{"start":{"line":36,"column":8},"end":{"line":39,"column":null}},"22":{"start":{"line":43,"column":8},"end":{"line":45,"column":null}},"23":{"start":{"line":13,"column":13},"end":{"line":46,"column":null}}},"fnMap":{"0":{"name":"(anonymous_4)","decl":{"start":{"line":14,"column":2},"end":{"line":14,"column":31}},"loc":{"start":{"line":14,"column":55},"end":{"line":14,"column":59}}},"1":{"name":"(anonymous_5)","decl":{"start":{"line":18,"column":8},"end":{"line":18,"column":16}},"loc":{"start":{"line":18,"column":49},"end":{"line":20,"column":3}}},"2":{"name":"(anonymous_6)","decl":{"start":{"line":24,"column":8},"end":{"line":24,"column":13}},"loc":{"start":{"line":24,"column":40},"end":{"line":26,"column":3}}},"3":{"name":"(anonymous_7)","decl":{"start":{"line":30,"column":8},"end":{"line":30,"column":21}},"loc":{"start":{"line":30,"column":62},"end":{"line":32,"column":3}}},"4":{"name":"(anonymous_8)","decl":{"start":{"line":36,"column":8},"end":{"line":36,"column":14}},"loc":{"start":{"line":36,"column":52},"end":{"line":39,"column":3}}},"5":{"name":"(anonymous_9)","decl":{"start":{"line":43,"column":8},"end":{"line":43,"column":22}},"loc":{"start":{"line":43,"column":60},"end":{"line":45,"column":3}}}},"branchMap":{"0":{"loc":{"start":{"line":18,"column":38},"end":{"line":18,"column":52}},"type":"cond-expr","locations":[{"start":{"line":18,"column":49},"end":{"line":18,"column":52}},{"start":{"line":18,"column":49},"end":{"line":18,"column":52}}]},"1":{"loc":{"start":{"line":18,"column":38},"end":{"line":18,"column":49}},"type":"binary-expr","locations":[{"start":{"line":18,"column":38},"end":{"line":18,"column":52}},{"start":{"line":18,"column":38},"end":{"line":18,"column":49}}]},"2":{"loc":{"start":{"line":18,"column":52},"end":{"line":18,"column":null}},"type":"cond-expr","locations":[{"start":{"line":18,"column":59},"end":{"line":18,"column":null}},{"start":{"line":18,"column":59},"end":{"line":18,"column":null}}]},"3":{"loc":{"start":{"line":18,"column":52},"end":{"line":18,"column":59}},"type":"binary-expr","locations":[{"start":{"line":18,"column":52},"end":{"line":18,"column":null}},{"start":{"line":18,"column":52},"end":{"line":18,"column":59}}]},"4":{"loc":{"start":{"line":24,"column":32},"end":{"line":24,"column":43}},"type":"cond-expr","locations":[{"start":{"line":24,"column":40},"end":{"line":24,"column":43}},{"start":{"line":24,"column":40},"end":{"line":24,"column":43}}]},"5":{"loc":{"start":{"line":24,"column":32},"end":{"line":24,"column":40}},"type":"binary-expr","locations":[{"start":{"line":24,"column":32},"end":{"line":24,"column":43}},{"start":{"line":24,"column":32},"end":{"line":24,"column":40}}]},"6":{"loc":{"start":{"line":24,"column":43},"end":{"line":24,"column":null}},"type":"cond-expr","locations":[{"start":{"line":24,"column":50},"end":{"line":24,"column":null}},{"start":{"line":24,"column":50},"end":{"line":24,"column":null}}]},"7":{"loc":{"start":{"line":24,"column":43},"end":{"line":24,"column":50}},"type":"binary-expr","locations":[{"start":{"line":24,"column":43},"end":{"line":24,"column":null}},{"start":{"line":24,"column":43},"end":{"line":24,"column":50}}]},"8":{"loc":{"start":{"line":30,"column":47},"end":{"line":30,"column":65}},"type":"cond-expr","locations":[{"start":{"line":30,"column":62},"end":{"line":30,"column":65}},{"start":{"line":30,"column":62},"end":{"line":30,"column":65}}]},"9":{"loc":{"start":{"line":30,"column":47},"end":{"line":30,"column":62}},"type":"binary-expr","locations":[{"start":{"line":30,"column":47},"end":{"line":30,"column":65}},{"start":{"line":30,"column":47},"end":{"line":30,"column":62}}]},"10":{"loc":{"start":{"line":30,"column":65},"end":{"line":30,"column":null}},"type":"cond-expr","locations":[{"start":{"line":30,"column":72},"end":{"line":30,"column":null}},{"start":{"line":30,"column":72},"end":{"line":30,"column":null}}]},"11":{"loc":{"start":{"line":30,"column":65},"end":{"line":30,"column":72}},"type":"binary-expr","locations":[{"start":{"line":30,"column":65},"end":{"line":30,"column":null}},{"start":{"line":30,"column":65},"end":{"line":30,"column":72}}]},"12":{"loc":{"start":{"line":36,"column":55},"end":{"line":36,"column":null}},"type":"cond-expr","locations":[{"start":{"line":36,"column":62},"end":{"line":36,"column":null}},{"start":{"line":36,"column":62},"end":{"line":36,"column":null}}]},"13":{"loc":{"start":{"line":36,"column":55},"end":{"line":36,"column":62}},"type":"binary-expr","locations":[{"start":{"line":36,"column":55},"end":{"line":36,"column":null}},{"start":{"line":36,"column":55},"end":{"line":36,"column":62}}]},"14":{"loc":{"start":{"line":43,"column":63},"end":{"line":43,"column":null}},"type":"cond-expr","locations":[{"start":{"line":43,"column":70},"end":{"line":43,"column":null}},{"start":{"line":43,"column":70},"end":{"line":43,"column":null}}]},"15":{"loc":{"start":{"line":43,"column":63},"end":{"line":43,"column":70}},"type":"binary-expr","locations":[{"start":{"line":43,"column":63},"end":{"line":43,"column":null}},{"start":{"line":43,"column":63},"end":{"line":43,"column":70}}]},"16":{"loc":{"start":{"line":14,"column":44},"end":{"line":14,"column":58}},"type":"cond-expr","locations":[{"start":{"line":14,"column":55},"end":{"line":14,"column":58}},{"start":{"line":14,"column":55},"end":{"line":14,"column":58}}]},"17":{"loc":{"start":{"line":14,"column":44},"end":{"line":14,"column":55}},"type":"binary-expr","locations":[{"start":{"line":14,"column":44},"end":{"line":14,"column":58}},{"start":{"line":14,"column":44},"end":{"line":14,"column":55}}]}},"s":{"0":0,"1":0,"2":0,"3":0,"4":0,"5":0,"6":0,"7":0,"8":0,"9":0,"10":0,"11":0,"12":0,"13":0,"14":0,"15":0,"16":0,"17":0,"18":0,"19":0,"20":0,"21":0,"22":0,"23":0},"f":{"0":0,"1":0,"2":0,"3":0,"4":0,"5":0},"b":{"0":[0,0],"1":[0,0],"2":[0,0],"3":[0,0],"4":[0,0],"5":[0,0],"6":[0,0],"7":[0,0],"8":[0,0],"9":[0,0],"10":[0,0],"11":[0,0],"12":[0,0],"13":[0,0],"14":[0,0],"15":[0,0],"16":[0,0],"17":[0,0]}}
,"/Users/kenshin/projects/Bellybook_backend/src/modules/auth/auth.module.ts": {"path":"/Users/kenshin/projects/Bellybook_backend/src/modules/auth/auth.module.ts","statementMap":{"0":{"start":{"line":1,"column":0},"end":{"line":1,"column":40}},"1":{"start":{"line":2,"column":0},"end":{"line":2,"column":40}},"2":{"start":{"line":3,"column":0},"end":{"line":3,"column":50}},"3":{"start":{"line":4,"column":0},"end":{"line":4,"column":51}},"4":{"start":{"line":5,"column":0},"end":{"line":5,"column":45}},"5":{"start":{"line":6,"column":0},"end":{"line":6,"column":64}},"6":{"start":{"line":7,"column":0},"end":{"line":7,"column":39}},"7":{"start":{"line":24,"column":7},"end":{"line":24,"column":null}},"8":{"start":{"line":24,"column":13},"end":{"line":24,"column":23}},"9":{"start":{"line":24,"column":13},"end":{"line":24,"column":null}}},"fnMap":{},"branchMap":{},"s":{"0":0,"1":0,"2":0,"3":0,"4":0,"5":0,"6":0,"7":0,"8":0,"9":0},"f":{},"b":{}}
,"/Users/kenshin/projects/Bellybook_backend/src/modules/auth/auth.service.ts": {"path":"/Users/kenshin/projects/Bellybook_backend/src/modules/auth/auth.service.ts","statementMap":{"0":{"start":{"line":1,"column":0},"end":{"line":1,"column":null}},"1":{"start":{"line":7,"column":0},"end":{"line":7,"column":41}},"2":{"start":{"line":8,"column":0},"end":{"line":8,"column":62}},"3":{"start":{"line":13,"column":0},"end":{"line":13,"column":60}},"4":{"start":{"line":14,"column":0},"end":{"line":14,"column":39}},"5":{"start":{"line":18,"column":7},"end":{"line":234,"column":null}},"6":{"start":{"line":20,"column":12},"end":{"line":20,"column":20}},"7":{"start":{"line":21,"column":12},"end":{"line":21,"column":24}},"8":{"start":{"line":25,"column":25},"end":{"line":29,"column":6}},"9":{"start":{"line":31,"column":4},"end":{"line":38,"column":5}},"10":{"start":{"line":32,"column":6},"end":{"line":34,"column":7}},"11":{"start":{"line":33,"column":8},"end":{"line":33,"column":63}},"12":{"start":{"line":35,"column":6},"end":{"line":37,"column":7}},"13":{"start":{"line":36,"column":8},"end":{"line":36,"column":60}},"14":{"start":{"line":40,"column":25},"end":{"line":40,"column":68}},"15":{"start":{"line":43,"column":26},"end":{"line":48,"column":6}},"16":{"start":{"line":51,"column":4},"end":{"line":53,"column":5}},"17":{"start":{"line":52,"column":6},"end":{"line":52,"column":33}},"18":{"start":{"line":55,"column":17},"end":{"line":67,"column":6}},"19":{"start":{"line":69,"column":19},"end":{"line":69,"column":50}},"20":{"start":{"line":70,"column":4},"end":{"line":70,"column":63}},"21":{"start":{"line":72,"column":4},"end":{"line":75,"column":6}},"22":{"start":{"line":79,"column":17},"end":{"line":83,"column":6}},"23":{"start":{"line":85,"column":4},"end":{"line":87,"column":5}},"24":{"start":{"line":86,"column":6},"end":{"line":86,"column":61}},"25":{"start":{"line":89,"column":20},"end":{"line":89,"column":85}},"26":{"start":{"line":91,"column":4},"end":{"line":93,"column":5}},"27":{"start":{"line":92,"column":6},"end":{"line":92,"column":61}},"28":{"start":{"line":95,"column":4},"end":{"line":98,"column":7}},"29":{"start":{"line":100,"column":19},"end":{"line":100,"column":50}},"30":{"start":{"line":101,"column":4},"end":{"line":101,"column":63}},"31":{"start":{"line":103,"column":4},"end":{"line":106,"column":6}},"32":{"start":{"line":110,"column":4},"end":{"line":113,"column":7}},"33":{"start":{"line":117,"column":17},"end":{"line":119,"column":6}},"34":{"start":{"line":121,"column":4},"end":{"line":123,"column":5}},"35":{"start":{"line":122,"column":6},"end":{"line":122,"column":52}},"36":{"start":{"line":125,"column":4},"end":{"line":125,"column":40}},"37":{"start":{"line":129,"column":25},"end":{"line":132,"column":6}},"38":{"start":{"line":134,"column":4},"end":{"line":136,"column":5}},"39":{"start":{"line":135,"column":6},"end":{"line":135,"column":63}},"40":{"start":{"line":138,"column":4},"end":{"line":140,"column":5}},"41":{"start":{"line":139,"column":6},"end":{"line":139,"column":72}},"42":{"start":{"line":142,"column":4},"end":{"line":144,"column":5}},"43":{"start":{"line":143,"column":6},"end":{"line":143,"column":67}},"44":{"start":{"line":147,"column":4},"end":{"line":150,"column":7}},"45":{"start":{"line":153,"column":19},"end":{"line":153,"column":64}},"46":{"start":{"line":154,"column":4},"end":{"line":154,"column":77}},"47":{"start":{"line":156,"column":4},"end":{"line":159,"column":6}},"48":{"start":{"line":167,"column":37},"end":{"line":172,"column":6}},"49":{"start":{"line":174,"column":22},"end":{"line":174,"column":62}},"50":{"start":{"line":175,"column":24},"end":{"line":177,"column":null}},"51":{"start":{"line":180,"column":25},"end":{"line":180,"column":57}},"52":{"start":{"line":182,"column":4},"end":{"line":186,"column":6}},"53":{"start":{"line":190,"column":22},"end":{"line":190,"column":32}},"54":{"start":{"line":191,"column":4},"end":{"line":191,"column":102}},"55":{"start":{"line":193,"column":4},"end":{"line":200,"column":7}},"56":{"start":{"line":204,"column":42},"end":{"line":209,"column":6}},"57":{"start":{"line":211,"column":18},"end":{"line":211,"column":53}},"58":{"start":{"line":212,"column":4},"end":{"line":214,"column":5}},"59":{"start":{"line":213,"column":6},"end":{"line":213,"column":17}},"60":{"start":{"line":216,"column":18},"end":{"line":216,"column":40}},"61":{"start":{"line":217,"column":17},"end":{"line":217,"column":25}},"62":{"start":{"line":219,"column":4},"end":{"line":219,"column":38}},"63":{"start":{"line":223,"column":4},"end":{"line":232,"column":6}},"64":{"start":{"line":18,"column":13},"end":{"line":18,"column":24}},"65":{"start":{"line":18,"column":13},"end":{"line":234,"column":null}}},"fnMap":{"0":{"name":"(anonymous_2)","decl":{"start":{"line":19,"column":2},"end":{"line":19,"column":null}},"loc":{"start":{"line":21,"column":34},"end":{"line":22,"column":7}}},"1":{"name":"(anonymous_3)","decl":{"start":{"line":24,"column":2},"end":{"line":24,"column":7}},"loc":{"start":{"line":24,"column":33},"end":{"line":76,"column":3}}},"2":{"name":"(anonymous_4)","decl":{"start":{"line":78,"column":2},"end":{"line":78,"column":7}},"loc":{"start":{"line":78,"column":27},"end":{"line":107,"column":3}}},"3":{"name":"(anonymous_5)","decl":{"start":{"line":109,"column":2},"end":{"line":109,"column":7}},"loc":{"start":{"line":109,"column":29},"end":{"line":114,"column":3}}},"4":{"name":"(anonymous_6)","decl":{"start":{"line":116,"column":2},"end":{"line":116,"column":7}},"loc":{"start":{"line":116,"column":37},"end":{"line":126,"column":3}}},"5":{"name":"(anonymous_7)","decl":{"start":{"line":128,"column":2},"end":{"line":128,"column":7}},"loc":{"start":{"line":128,"column":42},"end":{"line":160,"column":3}}},"6":{"name":"(anonymous_8)","decl":{"start":{"line":162,"column":10},"end":{"line":162,"column":15}},"loc":{"start":{"line":162,"column":40},"end":{"line":187,"column":3}}},"7":{"name":"(anonymous_9)","decl":{"start":{"line":189,"column":10},"end":{"line":189,"column":15}},"loc":{"start":{"line":189,"column":63},"end":{"line":201,"column":3}}},"8":{"name":"(anonymous_10)","decl":{"start":{"line":203,"column":10},"end":{"line":203,"column":25}},"loc":{"start":{"line":203,"column":44},"end":{"line":220,"column":3}}},"9":{"name":"(anonymous_11)","decl":{"start":{"line":222,"column":10},"end":{"line":222,"column":27}},"loc":{"start":{"line":222,"column":37},"end":{"line":233,"column":3}}}},"branchMap":{"0":{"loc":{"start":{"line":27,"column":50},"end":{"line":27,"column":65}},"type":"binary-expr","locations":[{"start":{"line":27,"column":50},"end":{"line":27,"column":59}},{"start":{"line":27,"column":63},"end":{"line":27,"column":65}}]},"1":{"loc":{"start":{"line":31,"column":4},"end":{"line":38,"column":5}},"type":"if","locations":[{"start":{"line":31,"column":4},"end":{"line":38,"column":5}},{"start":{},"end":{}}]},"2":{"loc":{"start":{"line":32,"column":6},"end":{"line":34,"column":7}},"type":"if","locations":[{"start":{"line":32,"column":6},"end":{"line":34,"column":7}},{"start":{},"end":{}}]},"3":{"loc":{"start":{"line":35,"column":6},"end":{"line":37,"column":7}},"type":"if","locations":[{"start":{"line":35,"column":6},"end":{"line":37,"column":7}},{"start":{},"end":{}}]},"4":{"loc":{"start":{"line":46,"column":19},"end":{"line":46,"column":50}},"type":"binary-expr","locations":[{"start":{"line":46,"column":19},"end":{"line":46,"column":34}},{"start":{"line":46,"column":38},"end":{"line":46,"column":50}}]},"5":{"loc":{"start":{"line":51,"column":4},"end":{"line":53,"column":5}},"type":"if","locations":[{"start":{"line":51,"column":4},"end":{"line":53,"column":5}},{"start":{},"end":{}}]},"6":{"loc":{"start":{"line":63,"column":25},"end":{"line":63,"column":56}},"type":"binary-expr","locations":[{"start":{"line":63,"column":25},"end":{"line":63,"column":40}},{"start":{"line":63,"column":44},"end":{"line":63,"column":56}}]},"7":{"loc":{"start":{"line":85,"column":4},"end":{"line":87,"column":5}},"type":"if","locations":[{"start":{"line":85,"column":4},"end":{"line":87,"column":5}},{"start":{},"end":{}}]},"8":{"loc":{"start":{"line":91,"column":4},"end":{"line":93,"column":5}},"type":"if","locations":[{"start":{"line":91,"column":4},"end":{"line":93,"column":5}},{"start":{},"end":{}}]},"9":{"loc":{"start":{"line":121,"column":4},"end":{"line":123,"column":5}},"type":"if","locations":[{"start":{"line":121,"column":4},"end":{"line":123,"column":5}},{"start":{},"end":{}}]},"10":{"loc":{"start":{"line":134,"column":4},"end":{"line":136,"column":5}},"type":"if","locations":[{"start":{"line":134,"column":4},"end":{"line":136,"column":5}},{"start":{},"end":{}}]},"11":{"loc":{"start":{"line":138,"column":4},"end":{"line":140,"column":5}},"type":"if","locations":[{"start":{"line":138,"column":4},"end":{"line":140,"column":5}},{"start":{},"end":{}}]},"12":{"loc":{"start":{"line":142,"column":4},"end":{"line":144,"column":5}},"type":"if","locations":[{"start":{"line":142,"column":4},"end":{"line":144,"column":5}},{"start":{},"end":{}}]},"13":{"loc":{"start":{"line":170,"column":13},"end":{"line":170,"column":36}},"type":"binary-expr","locations":[{"start":{"line":170,"column":13},"end":{"line":170,"column":23}},{"start":{"line":170,"column":27},"end":{"line":170,"column":36}}]},"14":{"loc":{"start":{"line":212,"column":4},"end":{"line":214,"column":5}},"type":"if","locations":[{"start":{"line":212,"column":4},"end":{"line":214,"column":5}},{"start":{},"end":{}}]},"15":{"loc":{"start":{"line":219,"column":20},"end":{"line":219,"column":36}},"type":"binary-expr","locations":[{"start":{"line":219,"column":20},"end":{"line":219,"column":31}},{"start":{"line":219,"column":35},"end":{"line":219,"column":36}}]},"16":{"loc":{"start":{"line":227,"column":19},"end":{"line":227,"column":52}},"type":"binary-expr","locations":[{"start":{"line":227,"column":19},"end":{"line":227,"column":35}},{"start":{"line":227,"column":39},"end":{"line":227,"column":52}}]},"17":{"loc":{"start":{"line":20,"column":20},"end":{"line":20,"column":null}},"type":"cond-expr","locations":[{"start":{"line":20,"column":33},"end":{"line":20,"column":null}},{"start":{"line":20,"column":33},"end":{"line":20,"column":null}}]},"18":{"loc":{"start":{"line":20,"column":20},"end":{"line":20,"column":33}},"type":"binary-expr","locations":[{"start":{"line":20,"column":20},"end":{"line":20,"column":null}},{"start":{"line":20,"column":20},"end":{"line":20,"column":33}}]},"19":{"loc":{"start":{"line":20,"column":33},"end":{"line":21,"column":null}},"type":"cond-expr","locations":[{"start":{"line":21,"column":34},"end":{"line":21,"column":null}},{"start":{"line":21,"column":34},"end":{"line":21,"column":null}}]},"20":{"loc":{"start":{"line":20,"column":33},"end":{"line":21,"column":34}},"type":"binary-expr","locations":[{"start":{"line":20,"column":33},"end":{"line":21,"column":null}},{"start":{"line":21,"column":24},"end":{"line":21,"column":34}}]}},"s":{"0":0,"1":0,"2":0,"3":0,"4":0,"5":0,"6":0,"7":0,"8":0,"9":0,"10":0,"11":0,"12":0,"13":0,"14":0,"15":0,"16":0,"17":0,"18":0,"19":0,"20":0,"21":0,"22":0,"23":0,"24":0,"25":0,"26":0,"27":0,"28":0,"29":0,"30":0,"31":0,"32":0,"33":0,"34":0,"35":0,"36":0,"37":0,"38":0,"39":0,"40":0,"41":0,"42":0,"43":0,"44":0,"45":0,"46":0,"47":0,"48":0,"49":0,"50":0,"51":0,"52":0,"53":0,"54":0,"55":0,"56":0,"57":0,"58":0,"59":0,"60":0,"61":0,"62":0,"63":0,"64":0,"65":0},"f":{"0":0,"1":0,"2":0,"3":0,"4":0,"5":0,"6":0,"7":0,"8":0,"9":0},"b":{"0":[0,0],"1":[0,0],"2":[0,0],"3":[0,0],"4":[0,0],"5":[0,0],"6":[0,0],"7":[
[...]
"line":260,"column":43},"end":{"line":263,"column":6}},"44":{"start":{"line":265,"column":4},"end":{"line":276,"column":6}},"45":{"start":{"line":272,"column":49},"end":{"line":275,"column":8}},"46":{"start":{"line":283,"column":4},"end":{"line":289,"column":7}},"47":{"start":{"line":291,"column":4},"end":{"line":291,"column":55}},"48":{"start":{"line":302,"column":4},"end":{"line":319,"column":6}},"49":{"start":{"line":326,"column":18},"end":{"line":326,"column":28}},"50":{"start":{"line":327,"column":4},"end":{"line":327,"column":31}},"51":{"start":{"line":328,"column":4},"end":{"line":328,"column":17}},"52":{"start":{"line":339,"column":18},"end":{"line":344,"column":6}},"53":{"start":{"line":346,"column":4},"end":{"line":346,"column":37}},"54":{"start":{"line":346,"column":28},"end":{"line":346,"column":37}},"55":{"start":{"line":348,"column":23},"end":{"line":349,"column":null}},"56":{"start":{"line":349,"column":21},"end":{"line":349,"column":57}},"57":{"start":{"line":352,"column":17},"end":{"line":352,"column":18}},"58":{"start":{"line":353,"column":22},"end":{"line":353,"column":32}},"59":{"start":{"line":354,"column":4},"end":{"line":354,"column":37}},"60":{"start":{"line":356,"column":4},"end":{"line":364,"column":5}},"61":{"start":{"line":356,"column":17},"end":{"line":356,"column":18}},"62":{"start":{"line":357,"column":22},"end":{"line":357,"column":48}},"63":{"start":{"line":358,"column":6},"end":{"line":363,"column":7}},"64":{"start":{"line":359,"column":8},"end":{"line":359,"column":17}},"65":{"start":{"line":360,"column":8},"end":{"line":360,"column":55}},"66":{"start":{"line":362,"column":8},"end":{"line":362,"column":14}},"67":{"start":{"line":366,"column":4},"end":{"line":366,"column":18}},"68":{"start":{"line":373,"column":18},"end":{"line":377,"column":6}},"69":{"start":{"line":379,"column":4},"end":{"line":379,"column":37}},"70":{"start":{"line":379,"column":28},"end":{"line":379,"column":37}},"71":{"start":{"line":381,"column":23},"end":{"line":383,"column":12}},"72":{"start":{"line":382,"column":32},"end":{"line":382,"column":68}},"73":{"start":{"line":385,"column":24},"end":{"line":385,"column":25}},"74":{"start":{"line":386,"column":24},"end":{"line":386,"column":25}},"75":{"start":{"line":388,"column":4},"end":{"line":399,"column":5}},"76":{"start":{"line":388,"column":17},"end":{"line":388,"column":18}},"77":{"start":{"line":389,"column":19},"end":{"line":389,"column":46}},"78":{"start":{"line":390,"column":19},"end":{"line":390,"column":42}},"79":{"start":{"line":391,"column":23},"end":{"line":391,"column":92}},"80":{"start":{"line":393,"column":6},"end":{"line":398,"column":7}},"81":{"start":{"line":394,"column":8},"end":{"line":394,"column":24}},"82":{"start":{"line":395,"column":8},"end":{"line":395,"column":63}},"83":{"start":{"line":396,"column":13},"end":{"line":398,"column":7}},"84":{"start":{"line":397,"column":8},"end":{"line":397,"column":26}},"85":{"start":{"line":401,"column":4},"end":{"line":401,"column":25}},"86":{"start":{"line":412,"column":4},"end":{"line":419,"column":6}},"87":{"start":{"line":426,"column":21},"end":{"line":426,"column":45}},"88":{"start":{"line":427,"column":4},"end":{"line":435,"column":6}},"89":{"start":{"line":52,"column":13},"end":{"line":52,"column":25}},"90":{"start":{"line":52,"column":13},"end":{"line":437,"column":null}}},"fnMap":{"0":{"name":"(anonymous_2)","decl":{"start":{"line":55,"column":2},"end":{"line":55,"column":22}},"loc":{"start":{"line":55,"column":43},"end":{"line":55,"column":47}}},"1":{"name":"(anonymous_3)","decl":{"start":{"line":64,"column":2},"end":{"line":64,"column":7}},"loc":{"start":{"line":64,"column":41},"end":{"line":110,"column":3}}},"2":{"name":"(anonymous_4)","decl":{"start":{"line":115,"column":2},"end":{"line":115,"column":7}},"loc":{"start":{"line":115,"column":45},"end":{"line":122,"column":3}}},"3":{"name":"(anonymous_5)","decl":{"start":{"line":127,"column":2},"end":{"line":127,"column":7}},"loc":{"start":{"line":127,"column":33},"end":{"line":138,"column":3}}},"4":{"name":"(anonymous_6)","decl":{"start":{"line":143,"column":2},"end":{"line":143,"column":7}},"loc":{"start":{"line":143,"column":59},"end":{"line":163,"column":3}}},"5":{"name":"(anonymous_7)","decl":{"start":{"line":168,"column":2},"end":{"line":168,"column":7}},"loc":{"start":{"line":168,"column":34},"end":{"line":179,"column":3}}},"6":{"name":"(anonymous_8)","decl":{"start":{"line":184,"column":2},"end":{"line":184,"column":7}},"loc":{"start":{"line":184,"column":61},"end":{"line":212,"column":3}}},"7":{"name":"(anonymous_9)","decl":{"start":{"line":217,"column":2},"end":{"line":217,"column":7}},"loc":{"start":{"line":217,"column":31},"end":{"line":277,"column":3}}},"8":{"name":"(anonymous_10)","decl":{"start":{"line":272,"column":43},"end":{"line":272,"column":44}},"loc":{"start":{"line":272,"column":49},"end":{"line":275,"column":8}}},"9":{"name":"(anonymous_11)","decl":{"start":{"line":282,"column":2},"end":{"line":282,"column":7}},"loc":{"start":{"line":282,"column":36},"end":{"line":292,"column":3}}},"10":{"name":"(anonymous_12)","decl":{"start":{"line":301,"column":10},"end":{"line":301,"column":31}},"loc":{"start":{"line":301,"column":69},"end":{"line":320,"column":3}}},"11":{"name":"(anonymous_13)","decl":{"start":{"line":325,"column":10},"end":{"line":325,"column":23}},"loc":{"start":{"line":325,"column":23},"end":{"line":329,"column":3}}},"12":{"name":"(anonymous_14)","decl":{"start":{"line":338,"column":10},"end":{"line":338,"column":15}},"loc":{"start":{"line":338,"column":46},"end":{"line":367,"column":3}}},"13":{"name":"(anonymous_15)","decl":{"start":{"line":349,"column":16},"end":{"line":349,"column":17}},"loc":{"start":{"line":349,"column":21},"end":{"line":349,"column":57}}},"14":{"name":"(anonymous_16)","decl":{"start":{"line":372,"column":10},"end":{"line":372,"column":15}},"loc":{"start":{"line":372,"column":53},"end":{"line":402,"column":3}}},"15":{"name":"(anonymous_17)","decl":{"start":{"line":382,"column":27},"end":{"line":382,"column":28}},"loc":{"start":{"line":382,"column":32},"end":{"line":382,"column":68}}},"16":{"name":"(anonymous_18)","decl":{"start":{"line":411,"column":10},"end":{"line":411,"column":30}},"loc":{"start":{"line":411,"column":40},"end":{"line":420,"column":3}}},"17":{"name":"(anonymous_19)","decl":{"start":{"line":425,"column":10},"end":{"line":425,"column":31}},"loc":{"start":{"line":425,"column":41},"end":{"line":436,"column":3}}}},"branchMap":{"0":{"loc":{"start":{"line":74,"column":4},"end":{"line":76,"column":5}},"type":"if","locations":[{"start":{"line":74,"column":4},"end":{"line":76,"column":5}},{"start":{},"end":{}}]},"1":{"loc":{"start":{"line":82,"column":6},"end":{"line":84,"column":51}},"type":"binary-expr","locations":[{"start":{"line":82,"column":6},"end":{"line":82,"column":43}},{"start":{"line":83,"column":6},"end":{"line":83,"column":45}},{"start":{"line":84,"column":6},"end":{"line":84,"column":51}}]},"2":{"loc":{"start":{"line":86,"column":4},"end":{"line":96,"column":5}},"type":"if","locations":[{"start":{"line":86,"column":4},"end":{"line":96,"column":5}},{"start":{},"end":{}}]},"3":{"loc":{"start":{"line":86,"column":8},"end":{"line":86,"column":58}},"type":"binary-expr","locations":[{"start":{"line":86,"column":8},"end":{"line":86,"column":22}},{"start":{"line":86,"column":26},"end":{"line":86,"column":58}}]},"4":{"loc":{"start":{"line":104,"column":18},"end":{"line":104,"column":53}},"type":"binary-expr","locations":[{"start":{"line":104,"column":18},"end":{"line":104,"column":47}},{"start":{"line":104,"column":51},"end":{"line":104,"column":53}}]},"5":{"loc":{"start":{"line":133,"column":4},"end":{"line":135,"column":5}},"type":"if","locations":[{"start":{"line":133,"column":4},"end":{"line":135,"column":5}},{"start":{},"end":{}}]},"6":{"loc":{"start":{"line":151,"column":27},"end":{"line":151,"column":48}},"type":"binary-expr","locations":[{"start":{"line":151,"column":27},"end":{"line":151,"column":42}},{"start":{"line":151,"column":46},"end":{"line":151,"column":48}}]},"7":{"loc":{"start":{"line":174,"column":4},"end":{"line":176,"column":5}},"type":"if","locations":[{"start":{"line":174,"column":4},"end":{"line":176,"column":5}},{"start":{},"end":{}}]},"8":{"loc":{"start":{"line":222,"column":4},"end":{"line":224,"column":5}},"type":"if","locations":[{"start":{"line":222,"column":4},"end":{"line":224,"column":5}},{"start":{},"end":{}}]},"9":{"loc":{"start":{"line":314,"column":23},"end":{"line":314,"column":44}},"type":"binary-expr","locations":[{"start":{"line":314,"column":23},"end":{"line":314,"column":38}},{"start":{"line":314,"column":42},"end":{"line":314,"column":44}}]},"10":{"loc":{"start":{"line":346,"column":4},"end":{"line":346,"column":37}},"type":"if","locations":[{"start":{"line":346,"column":4},"end":{"line":346,"column":37}},{"start":{},"end":{}}]},"11":{"loc":{"start":{"line":358,"column":6},"end":{"line":363,"column":7}},"type":"if","locations":[{"start":{"line":358,"column":6},"end":{"line":363,"column":7}},{"start":{"line":361,"column":13},"end":{"line":363,"column":7}}]},"12":{"loc":{"start":{"line":379,"column":4},"end":{"line":379,"column":37}},"type":"if","locations":[{"start":{"line":379,"column":4},"end":{"line":379,"column":37}},{"start":{},"end":{}}]},"13":{"loc":{"start":{"line":393,"column":6},"end":{"line":398,"column":7}},"type":"if","locations":[{"start":{"line":393,"column":6},"end":{"line":398,"column":7}},{"start":{"line":396,"column":13},"end":{"line":398,"column":7}}]},"14":{"loc":{"start":{"line":396,"column":13},"end":{"line":398,"column":7}},"type":"if","locations":[{"start":{"line":396,"column":13},"end":{"line":398,"column":7}},{"start":{},"end":{}}]},"15":{"loc":{"start":{"line":415,"column":19},"end":{"line":415,"column":78}},"type":"binary-expr","locations":[{"start":{"line":415,"column":19},"end":{"line":415,"column":50}},{"start":{"line":415,"column":54},"end":{"line":415,"column":70}},{"start":{"line":415,"column":74},"end":{"line":415,"column":78}}]},"16":{"loc":{"start":{"line":416,"column":11},"end":{"line":416,"column":42}},"type":"binary-expr","locations":[{"start":{"line":416,"column":11},"end":{"line":416,"column":34}},{"start":{"line":416,"column":38},"end":{"line":416,"column":42}}]},"17":{"loc":{"start":{"line":417,"column":17},"end":{"line":417,"column":72}},"type":"binary-expr","locations":[{"start":{"line":417,"column":17},"end":{"line":417,"column":46}},{"start":{"line":417,"column":50},"end":{"line":417,"column":64}},{"start":{"line":417,"column":68},"end":{"line":417,"column":72}}]},"18":{"loc":{"start":{"line":426,"column":21},"end":{"line":426,"column":45}},"type":"binary-expr","locations":[{"start":{"line":426,"column":21},"end":{"line":426,"column":39}},{"start":{"line":426,"column":43},"end":{"line":426,"column":45}}]},"19":{"loc":{"start":{"line":428,"column":16},"end":{"line":428,"column":41}},"type":"binary-expr","locations":[{"start":{"line":428,"column":16},"end":{"line":428,"column":33}},{"start":{"line":428,"column":37},"end":{"line":428,"column":41}}]},"20":{"loc":{"start":{"line":429,"column":13},"end":{"line":429,"column":37}},"type":"binary-expr","locations":[{"start":{"line":429,"column":13},"end":{"line":429,"column":27}},{"start":{"line":429,"column":31},"end":{"line":429,"column":37}}]},"21":{"loc":{"start":{"line":430,"column":28},"end":{"line":430,"column":65}},"type":"binary-expr","locations":[{"start":{"line":430,"column":28},"end":{"line":430,"column":57}},{"start":{"line":430,"column":61},"end":{"line":430,"column":65}}]},"22":{"loc":{"start":{"line":431,"column":29},"end":{"line":431,"column":67}},"type":"binary-expr","locations":[{"start":{"line":431,"column":29},"end":{"line":431,"column":59}},{"start":{"line":431,"column":63},"end":{"line":431,"column":67}}]},"23":{"loc":{"start":{"line":432,"column":25},"end":{"line":432,"column":59}},"type":"binary-expr","locations":[{"start":{"line":432,"column":25},"end":{"line":432,"column":51}},{"start":{"line":432,"column":55},"end":{"line":432,"column":59}}]},"24":{"loc":{"start":{"line":433,"column":26},"end":{"line":433,"column":61}},"type":"binary-expr","locations":[{"start":{"line":433,"column":26},"end":{"line":433,"column":53}},{"start":{"line":433,"column":57},"end":{"line":433,"column":61}}]},"25":{"loc":{"start":{"line":434,"column":19},"end":{"line":434,"column":48}},"type":"binary-expr","locations":[{"start":{"line":434,"column":19},"end":{"line":434,"column":39}},{"start":{"line":434,"column":43},"end":{"line":434,"column":48}}]},"26":{"loc":{"start":{"line":55,"column":30},"end":{"line":55,"column":46}},"type":"cond-expr","locations":[{"start":{"line":55,"column":43},"end":{"line":55,"column":46}},{"start":{"line":55,"column":43},"end":{"line":55,"column":46}}]},"27":{"loc":{"start":{"line":55,"column":30},"end":{"line":55,"column":43}},"type":"binary-expr","locations":[{"start":{"line":55,"column":30},"end":{"line":55,"column":46}},{"start":{"line":55,"column":30},"end":{"line":55,"column":43}}]}},"s":{"0":1,"1":1,"2":1,"3":8,"4":8,"5":0,"6":0,"7":0,"8":0,"9":0,"10":0,"11":0,"12":0,"13":0,"14":0,"15":0,"16":0,"17":0,"18":0,"19":0,"20":2,"21":2,"22":1,"23":1,"24":1,"25":1,"26":0,"27":0,"28":0,"29":0,"30":1,"31":1,"32":1,"33":3,"34":3,"35":1,"36":2,"37":0,"38":0,"39":0,"40":0,"41":0,"42":0,"43":0,"44":0,"45":0,"46":1,"47":1,"48":1,"49":0,"50":0,"51":0,"52":0,"53":0,"54":0,"55":0,"56":0,"57":0,"58":0,"59":0,"60":0,"61":0,"62":0,"63":0,"64":0,"65":0,"66":0,"67":0,"68":0,"69":0,"70":0,"71":0,"72":0,"73":0,"74":0,"75":0,"76":0,"77":0,"78":0,"79":0,"80":0,"81":0,"82":0,"83":0,"84":0,"85":0,"86":2,"87":1,"88":1,"89":1,"90":1},"f":{"0":8,"1":0,"2":0,"3":2,"4":1,"5":0,"6":1,"7":3,"8":0,"9":1,"10":1,"11":0,"12":0,"13":0,"14":0,"15":0,"16":2,"17":1},"b":{"0":[0,0],"1":[0,0,0],"2":[0,0],"3":[0,0],"4":[0,0],"5":[1,1],"6":[1,0],"7":[0,0],"8":[1,2],"9":[1,0],"10":[0,0],"11":[0,0],"12":[0,0],"13":[0,0],"14":[0,0],"15":[2,2,1],"16":[2,2],"17":[2,2,2],"18":[1,1],"19":[1,1],"20":[1,1],"21":[1,1],"22":[1,1],"23":[1,1],"24":[1,1],"25":[1,1],"26":[1,0],"27":[1,1]}}
,"/Users/kenshin/projects/Bellybook_backend/src/modules/users/dto/update-profile.dto.ts": {"path":"/Users/kenshin/projects/Bellybook_backend/src/modules/users/dto/update-profile.dto.ts","statementMap":{"0":{"start":{"line":1,"column":0},"end":{"line":1,"column":84}},"1":{"start":{"line":3,"column":0},"end":{"line":3,"column":13}},"2":{"start":{"line":8,"column":2},"end":{"line":8,"column":null}},"3":{"start":{"line":13,"column":2},"end":{"line":13,"column":null}},"4":{"start":{"line":17,"column":2},"end":{"line":17,"column":null}}},"fnMap":{},"branchMap":{},"s":{"0":0,"1":0,"2":0,"3":0,"4":0},"f":{},"b":{}}
,"/Users/kenshin/projects/Bellybook_backend/src/modules/users/dto/update-settings.dto.ts": {"path":"/Users/kenshin/projects/Bellybook_backend/src/modules/users/dto/update-settings.dto.ts","statementMap":{"0":{"start":{"line":1,"column":0},"end":{"line":1,"column":83}},"1":{"start":{"line":3,"column":0},"end":{"line":3,"column":13}},"2":{"start":{"line":6,"column":2},"end":{"line":6,"column":null}},"3":{"start":{"line":10,"column":2},"end":{"line":10,"column":null}},"4":{"start":{"line":14,"column":2},"end":{"line":14,"column":null}},"5":{"start":{"line":19,"column":2},"end":{"line":19,"column":null}},"6":{"start":{"line":24,"column":2},"end":{"line":24,"column":null}},"7":{"start":{"line":29,"column":2},"end":{"line":29,"column":null}},"8":{"start":{"line":33,"column":2},"end":{"line":33,"column":null}}},"fnMap":{},"branchMap":{},"s":{"0":0,"1":0,"2":0,"3":0,"4":0,"5":0,"6":0,"7":0,"8":0},"f":{},"b":{}}
,"/Users/kenshin/projects/Bellybook_backend/src/modules/users/dto/user-response.dto.ts": {"path":"/Users/kenshin/projects/Bellybook_backend/src/modules/users/dto/user-response.dto.ts","statementMap":{"0":{"start":{"line":3,"column":0},"end":{"line":3,"column":13}},"1":{"start":{"line":12,"column":0},"end":{"line":12,"column":13}},"2":{"start":{"line":22,"column":0},"end":{"line":22,"column":13}},"3":{"start":{"line":27,"column":0},"end":{"line":27,"column":13}}},"fnMap":{},"branchMap":{},"s":{"0":0,"1":0,"2":0,"3":0},"f":{},"b":{}}
,"/Users/kenshin/projects/Bellybook_backend/src/scripts/backfill-dish-unlocks.ts": {"path":"/Users/kenshin/projects/Bellybook_backend/src/scripts/backfill-dish-unlocks.ts","statementMap":{"0":{"start":{"line":2,"column":0},"end":{"line":2,"column":46}},"1":{"start":{"line":4,"column":15},"end":{"line":4,"column":33}},"2":{"start":{"line":7,"column":4},"end":{"line":7,"column":56}},"3":{"start":{"line":10,"column":4},"end":{"line":10,"column":41}},"4":{"start":{"line":11,"column":18},"end":{"line":23,"column":6}},"5":{"start":{"line":25,"column":4},"end":{"line":25,"column":62}},"6":{"start":{"line":29,"column":21},"end":{"line":29,"column":null}},"7":{"start":{"line":37,"column":4},"end":{"line":59,"column":5}},"8":{"start":{"line":38,"column":8},"end":{"line":38,"column":37}},"9":{"start":{"line":38,"column":28},"end":{"line":38,"column":37}},"10":{"start":{"line":40,"column":20},"end":{"line":40,"column":53}},"11":{"start":{"line":41,"column":25},"end":{"line":41,"column":42}},"12":{"start":{"line":43,"column":8},"end":{"line":58,"column":9}},"13":{"start":{"line":44,"column":12},"end":{"line":50,"column":15}},"14":{"start":{"line":52,"column":12},"end":{"line":52,"column":33}},"15":{"start":{"line":55,"column":12},"end":{"line":57,"column":13}},"16":{"start":{"line":56,"column":16},"end":{"line":56,"column":53}},"17":{"start":{"line":61,"column":4},"end":{"line":61,"column":71}},"18":{"start":{"line":64,"column":20},"end":{"line":64,"column":21}},"19":{"start":{"line":65,"column":18},"end":{"line":65,"column":31}},"20":{"start":{"line":67,"column":4},"end":{"line":93,"column":5}},"21":{"start":{"line":68,"column":8},"end":{"line":87,"column":11}},"22":{"start":{"line":89,"column":8},"end":{"line":89,"column":20}},"23":{"start":{"line":90,"column":8},"end":{"line":92,"column":9}},"24":{"start":{"line":91,"column":12},"end":{"line":91,"column":62}},"25":{"start":{"line":95,"column":4},"end":{"line":95,"column":52}},"26":{"start":{"line":98,"column":0},"end":{"line":105,"column":7}},"27":{"start":{"line":100,"column":8},"end":{"line":100,"column":25}},"28":{"start":{"line":101,"column":8},"end":{"line":101,"column":24}},"29":{"start":{"line":104,"column":8},"end":{"line":104,"column":35}}},"fnMap":{"0":{"name":"main","decl":{"start":{"line":6,"column":15},"end":{"line":6,"column":19}},"loc":{"start":{"line":6,"column":19},"end":{"line":96,"column":1}}},"1":{"name":"(anonymous_1)","decl":{"start":{"line":99,"column":11},"end":{"line":99,"column":12}},"loc":{"start":{"line":99,"column":17},"end":{"line":102,"column":5}}},"2":{"name":"(anonymous_2)","decl":{"start":{"line":103,"column":13},"end":{"line":103,"column":18}},"loc":{"start":{"line":103,"column":24},"end":{"line":105,"column":5}}}},"branchMap":{"0":{"loc":{"start":{"line":38,"column":8},"end":{"line":38,"column":37}},"type":"if","locations":[{"start":{"line":38,"column":8},"end":{"line":38,"column":37}},{"start":{},"end":{}}]},"1":{"loc":{"start":{"line":43,"column":8},"end":{"line":58,"column":9}},"type":"if","locations":[{"start":{"line":43,"column":8},"end":{"line":58,"column":9}},{"start":{"line":51,"column":15},"end":{"line":58,"column":9}}]},"2":{"loc":{"start":{"line":55,"column":12},"end":{"line":57,"column":13}},"type":"if","locations":[{"start":{"line":55,"column":12},"end":{"line":57,"column":13}},{"start":{},"end":{}}]},"3":{"loc":{"start":{"line":90,"column":8},"end":{"line":92,"column":9}},"type":"if","locations":[{"start":{"line":90,"column":8},"end":{"line":92,"column":9}},{"start":{},"end":{}}]}},"s":{"0":0,"1":0,"2":0,"3":0,"4":0,"5":0,"6":0,"7":0,"8":0,"9":0,"10":0,"11":0,"12":0,"13":0,"14":0,"15":0,"16":0,"17":0,"18":0,"19":0,"20":0,"21":0,"22":0,"23":0,"24":0,"25":0,"26":0,"27":0,"28":0,"29":0},"f":{"0":0,"1":0,"2":0},"b":{"0":[0,0],"1":[0,0],"2":[0,0],"3":[0,0]}}
}
