TN:
SF:src/app.controller.ts
FN:6,(anonymous_2)
FN:9,(anonymous_3)
FNF:2
FNH:2
FNDA:1,(anonymous_2)
FNDA:1,(anonymous_3)
DA:1,1
DA:2,1
DA:5,1
DA:6,1
DA:9,1
DA:10,1
LF:6
LH:6
BRDA:6,0,0,1
BRDA:6,0,1,0
BRDA:6,1,0,1
BRDA:6,1,1,1
BRF:4
BRH:3
end_of_record
TN:
SF:src/app.module.ts
FNF:0
FNH:0
DA:1,0
DA:2,0
DA:3,0
DA:4,0
DA:5,0
DA:6,0
DA:7,0
DA:8,0
DA:9,0
DA:10,0
DA:11,0
DA:12,0
DA:13,0
DA:14,0
DA:15,0
DA:16,0
DA:17,0
DA:47,0
LF:18
LH:0
BRF:0
BRH:0
end_of_record
TN:
SF:src/app.service.ts
FN:5,(anonymous_1)
FNF:1
FNH:1
FNDA:1,(anonymous_1)
DA:1,1
DA:4,1
DA:6,1
LF:3
LH:3
BRF:0
BRH:0
end_of_record
TN:
SF:src/main.ts
FN:13,bootstrap
FNF:1
FNH:0
FNDA:0,bootstrap
DA:7,0
DA:8,0
DA:9,0
DA:10,0
DA:11,0
DA:14,0
DA:15,0
DA:18,0
DA:21,0
DA:27,0
DA:30,0
DA:36,0
DA:46,0
DA:47,0
DA:48,0
DA:49,0
DA:52,0
LF:17
LH:0
BRF:0
BRH:0
end_of_record
TN:
SF:src/common/decorators/current-user.decorator.ts
FN:11,(anonymous_0)
FNF:1
FNH:0
FNDA:0,(anonymous_0)
DA:1,0
DA:10,0
DA:12,0
DA:13,0
DA:15,0
DA:16,0
DA:19,0
LF:7
LH:0
BRDA:15,0,0,0
BRDA:15,0,1,0
BRDA:19,1,0,0
BRDA:19,1,1,0
BRF:4
BRH:0
end_of_record
TN:
SF:src/common/decorators/public.decorator.ts
FN:4,(anonymous_0)
FNF:1
FNH:0
FNDA:0,(anonymous_0)
DA:1,0
DA:3,0
DA:4,0
LF:3
LH:0
BRF:0
BRH:0
end_of_record
TN:
SF:src/common/dto/pagination.dto.ts
FN:18,(anonymous_0)
FNF:1
FNH:0
FNDA:0,(anonymous_0)
DA:1,1
DA:3,1
DA:11,1
DA:19,0
DA:20,0
DA:21,0
DA:22,0
DA:23,0
LF:8
LH:3
BRF:0
BRH:0
end_of_record
TN:
SF:src/common/dto/response.dto.ts
FN:17,(anonymous_0)
FN:29,(anonymous_1)
FNF:2
FNH:0
FNDA:0,(anonymous_0)
FNDA:0,(anonymous_1)
DA:1,0
DA:3,0
DA:12,0
DA:18,0
DA:19,0
DA:20,0
DA:24,0
DA:30,0
DA:31,0
DA:32,0
LF:10
LH:0
BRF:0
BRH:0
end_of_record
TN:
SF:src/common/filters/all-exceptions.filter.ts
FN:39,(anonymous_1)
FN:57,(anonymous_2)
FN:75,(anonymous_3)
FN:85,(anonymous_4)
FN:104,(anonymous_5)
FN:117,(anonymous_6)
FN:140,(anonymous_7)
FNF:7
FNH:0
FNDA:0,(anonymous_1)
FNDA:0,(anonymous_2)
FNDA:0,(anonymous_3)
FNDA:0,(anonymous_4)
FNDA:0,(anonymous_5)
FNDA:0,(anonymous_6)
FNDA:0,(anonymous_7)
DA:7,0
DA:36,0
DA:37,0
DA:40,0
DA:41,0
DA:42,0
DA:45,0
DA:48,0
DA:51,0
DA:58,0
DA:59,0
DA:60,0
DA:62,0
DA:76,0
DA:77,0
DA:79,0
DA:86,0
DA:87,0
DA:88,0
DA:89,0
DA:91,0
DA:92,0
DA:95,0
DA:96,0
DA:98,0
DA:105,0
DA:106,0
DA:108,0
DA:109,0
DA:111,0
DA:118,0
DA:119,0
DA:122,0
DA:123,0
DA:126,0
DA:130,0
DA:131,0
DA:141,0
LF:38
LH:0
BRDA:65,0,0,0
BRDA:65,0,1,0
BRDA:76,1,0,0
BRDA:76,1,1,0
BRDA:86,2,0,0
BRDA:86,2,1,0
BRDA:88,3,0,0
BRDA:88,3,1,0
BRDA:91,4,0,0
BRDA:91,4,1,0
BRDA:91,5,0,0
BRDA:91,5,1,0
BRDA:92,6,0,0
BRDA:92,6,1,0
BRDA:92,6,2,0
BRDA:95,7,0,0
BRDA:95,7,1,0
BRDA:105,8,0,0
BRDA:105,8,1,0
BRDA:108,9,0,0
BRDA:108,9,1,0
BRDA:122,10,0,0
BRDA:122,10,1,0
BRDA:122,11,0,0
BRDA:122,11,1,0
BRDA:130,12,0,0
BRDA:130,12,1,0
BRF:27
BRH:0
end_of_record
TN:
SF:src/common/guards/jwt-auth.guard.ts
FN:15,(anonymous_2)
FN:20,(anonymous_3)
FN:50,(anonymous_4)
FNF:3
FNH:0
FNDA:0,(anonymous_2)
FNDA:0,(anonymous_3)
FNDA:0,(anonymous_4)
DA:1,0
DA:7,0
DA:8,0
DA:9,0
DA:10,0
DA:14,0
DA:16,0
DA:17,0
DA:21,0
DA:26,0
DA:27,0
DA:30,0
DA:31,0
DA:33,0
DA:34,0
DA:37,0
DA:38,0
DA:42,0
DA:44,0
DA:47,0
DA:51,0
DA:52,0
LF:22
LH:0
BRDA:26,0,0,0
BRDA:26,0,1,0
BRDA:33,1,0,0
BRDA:33,1,1,0
BRDA:51,2,0,0
BRDA:51,2,1,0
BRDA:52,3,0,0
BRDA:52,3,1,0
BRDA:16,4,0,0
BRDA:16,4,1,0
BRDA:16,5,0,0
BRDA:16,5,1,0
BRDA:16,6,0,0
BRDA:16,6,1,0
BRDA:16,7,0,0
BRDA:16,7,1,0
BRF:16
BRH:0
end_of_record
TN:
SF:src/common/utils/crypto.util.ts
FN:6,(anonymous_9)
FN:10,(anonymous_10)
FN:14,(anonymous_11)
FN:16,(anonymous_12)
FNF:4
FNH:0
FNDA:0,(anonymous_9)
FNDA:0,(anonymous_10)
FNDA:0,(anonymous_11)
FNDA:0,(anonymous_12)
DA:1,0
DA:3,0
DA:4,0
DA:7,0
DA:11,0
DA:15,0
DA:16,0
LF:7
LH:0
BRF:0
BRH:0
end_of_record
TN:
SF:src/config/env.ts
FN:53,(anonymous_0)
FNF:1
FNH:0
FNDA:0,(anonymous_0)
DA:1,0
DA:2,0
DA:4,0
DA:53,0
DA:54,0
DA:56,0
DA:57,0
DA:58,0
DA:59,0
DA:62,0
DA:65,0
LF:11
LH:0
BRDA:56,0,0,0
BRDA:56,0,1,0
BRF:2
BRH:0
end_of_record
TN:
SF:src/database/database.module.ts
FNF:0
FNH:0
DA:1,0
DA:2,0
DA:9,0
LF:3
LH:0
BRF:0
BRH:0
end_of_record
TN:
SF:src/database/prisma.service.ts
FN:6,(anonymous_2)
FN:12,(anonymous_3)
FN:16,(anonymous_4)
FN:20,(anonymous_5)
FN:26,(anonymous_6)
FN:30,(anonymous_7)
FNF:6
FNH:0
FNDA:0,(anonymous_2)
FNDA:0,(anonymous_3)
FNDA:0,(anonymous_4)
FNDA:0,(anonymous_5)
FNDA:0,(anonymous_6)
FNDA:0,(anonymous_7)
DA:1,3
DA:2,3
DA:5,3
DA:7,0
DA:13,0
DA:17,0
DA:21,0
DA:22,0
DA:25,0
DA:26,0
DA:29,0
DA:31,0
DA:32,0
DA:33,0
LF:14
LH:3
BRDA:21,0,0,0
BRDA:21,0,1,0
BRDA:26,1,0,0
BRDA:26,1,1,0
BRDA:26,1,2,0
BRDA:32,2,0,0
BRDA:32,2,1,0
BRDA:32,3,0,0
BRDA:32,3,1,0
BRF:9
BRH:0
end_of_record
TN:
SF:src/modules/ai/ai.module.ts
FNF:0
FNH:0
DA:1,0
DA:2,0
DA:8,0
LF:3
LH:0
BRF:0
BRH:0
end_of_record
TN:
SF:src/modules/ai/ai.service.ts
FN:69,(anonymous_1)
FN:77,(anonymous_2)
FN:102,(anonymous_3)
FN:213,(anonymous_4)
FN:224,(anonymous_5)
FN:236,(anonymous_6)
FN:256,(anonymous_7)
FN:258,(anonymous_8)
FN:272,(anonymous_9)
FN:313,(anonymous_10)
FN:335,(anonymous_11)
FN:347,(anonymous_12)
FN:361,(anonymous_13)
FN:372,(anonymous_14)
FN:386,(anonymous_15)
FN:394,(anonymous_16)
FN:395,(anonymous_17)
FN:401,(anonymous_18)
FNF:18
FNH:0
FNDA:0,(anonymous_1)
FNDA:0,(anonymous_2)
FNDA:0,(anonymous_3)
FNDA:0,(anonymous_4)
FNDA:0,(anonymous_5)
FNDA:0,(anonymous_6)
FNDA:0,(anonymous_7)
FNDA:0,(anonymous_8)
FNDA:0,(anonymous_9)
FNDA:0,(anonymous_10)
FNDA:0,(anonymous_11)
FNDA:0,(anonymous_12)
FNDA:0,(anonymous_13)
FNDA:0,(anonymous_14)
FNDA:0,(anonymous_15)
FNDA:0,(anonymous_16)
FNDA:0,(anonymous_17)
FNDA:0,(anonymous_18)
DA:7,0
DA:8,0
DA:9,0
DA:10,0
DA:13,0
DA:14,0
DA:61,0
DA:62,0
DA:71,0
DA:72,0
DA:73,0
DA:76,0
DA:77,0
DA:78,0
DA:79,0
DA:85,0
DA:88,0
DA:91,0
DA:105,0
DA:106,0
DA:107,0
DA:111,0
DA:112,0
DA:115,0
DA:125,0
DA:126,0
DA:129,0
DA:132,0
DA:133,0
DA:134,0
DA:135,0
DA:139,0
DA:140,0
DA:142,0
DA:143,0
DA:147,0
DA:150,0
DA:153,0
DA:156,0
DA:157,0
DA:158,0
DA:161,0
DA:163,0
DA:176,0
DA:179,0
DA:180,0
DA:181,0
DA:185,0
DA:186,0
DA:187,0
DA:191,0
DA:192,0
DA:196,0
DA:201,0
DA:202,0
DA:203,0
DA:207,0
DA:214,0
DA:235,0
DA:236,0
DA:241,0
DA:243,0
DA:249,0
DA:257,0
DA:258,0
DA:278,0
DA:279,0
DA:280,0
DA:281,0
DA:284,0
DA:285,0
DA:286,0
DA:288,0
DA:289,0
DA:291,0
DA:292,0
DA:294,0
DA:295,0
DA:298,0
DA:314,0
DA:317,0
DA:319,0
DA:321,0
DA:323,0
DA:325,0
DA:327,0
DA:329,0
DA:336,0
DA:337,0
DA:348,0
DA:349,0
DA:350,0
DA:351,0
DA:352,0
DA:353,0
DA:354,0
DA:355,0
DA:362,0
DA:363,0
DA:364,0
DA:365,0
DA:366,0
DA:373,0
DA:374,0
DA:375,0
DA:376,0
DA:377,0
DA:378,0
DA:379,0
DA:380,0
DA:387,0
DA:388,0
DA:395,0
DA:402,0
LF:114
LH:0
BRDA:71,0,0,0
BRDA:71,0,1,0
BRDA:78,1,0,0
BRDA:78,1,1,0
BRDA:78,2,0,0
BRDA:78,2,1,0
BRDA:91,3,0,0
BRDA:91,3,1,0
BRDA:133,4,0,0
BRDA:133,4,1,0
BRDA:156,5,0,0
BRDA:156,5,1,0
BRDA:157,6,0,0
BRDA:157,6,1,0
BRDA:157,7,0,0
BRDA:157,7,1,0
BRDA:172,8,0,0
BRDA:172,8,1,0
BRDA:179,9,0,0
BRDA:179,9,1,0
BRDA:185,10,0,0
BRDA:185,10,1,0
BRDA:185,11,0,0
BRDA:185,11,1,0
BRDA:201,12,0,0
BRDA:201,12,1,0
BRDA:202,13,0,0
BRDA:202,13,1,0
BRDA:235,14,0,0
BRDA:235,14,1,0
BRDA:235,15,0,0
BRDA:235,15,1,0
BRDA:235,15,2,0
BRDA:237,16,0,0
BRDA:237,16,1,0
BRDA:238,17,0,0
BRDA:238,17,1,0
BRDA:241,18,0,0
BRDA:241,18,1,0
BRDA:245,19,0,0
BRDA:245,19,1,0
BRDA:278,20,0,0
BRDA:278,20,1,0
BRDA:279,21,0,0
BRDA:279,21,1,0
BRDA:280,22,0,0
BRDA:280,22,1,0
BRDA:281,23,0,0
BRDA:281,23,1,0
BRDA:284,24,0,0
BRDA:284,24,1,0
BRDA:284,25,0,0
BRDA:284,25,1,0
BRDA:288,26,0,0
BRDA:288,26,1,0
BRDA:288,27,0,0
BRDA:288,27,1,0
BRDA:291,28,0,0
BRDA:291,28,1,0
BRDA:291,29,0,0
BRDA:291,29,1,0
BRDA:294,30,0,0
BRDA:294,30,1,0
BRDA:294,31,0,0
BRDA:294,31,1,0
BRDA:317,32,0,0
BRDA:317,32,1,0
BRDA:319,33,0,0
BRDA:319,33,1,0
BRDA:321,34,0,0
BRDA:321,34,1,0
BRDA:323,35,0,0
BRDA:323,35,1,0
BRDA:325,36,0,0
BRDA:325,36,1,0
BRDA:327,37,0,0
BRDA:327,37,1,0
BRDA:327,38,0,0
BRDA:327,38,1,0
BRDA:327,38,2,0
BRDA:337,39,0,0
BRDA:337,39,1,0
BRDA:337,39,2,0
BRDA:349,40,0,0
BRDA:349,40,1,0
BRDA:349,41,0,0
BRDA:349,41,1,0
BRDA:350,42,0,0
BRDA:350,42,1,0
BRDA:350,43,0,0
BRDA:350,43,1,0
BRDA:351,44,0,0
BRDA:351,44,1,0
BRDA:351,45,0,0
BRDA:351,45,1,0
BRDA:352,46,0,0
BRDA:352,46,1,0
BRDA:352,47,0,0
BRDA:352,47,1,0
BRDA:353,48,0,0
BRDA:353,48,1,0
BRDA:353,49,0,0
BRDA:353,49,1,0
BRDA:354,50,0,0
BRDA:354,50,1,0
BRDA:354,51,0,0
BRDA:354,51,1,0
BRDA:363,52,0,0
BRDA:363,52,1,0
BRDA:363,53,0,0
BRDA:363,53,1,0
BRDA:364,54,0,0
BRDA:364,54,1,0
BRDA:364,55,0,0
BRDA:364,55,1,0
BRDA:365,56,0,0
BRDA:365,56,1,0
BRDA:365,57,0,0
BRDA:365,57,1,0
BRDA:374,58,0,0
BRDA:374,58,1,0
BRDA:374,59,0,0
BRDA:374,59,1,0
BRDA:375,60,0,0
BRDA:375,60,1,0
BRDA:375,61,0,0
BRDA:375,61,1,0
BRDA:376,62,0,0
BRDA:376,62,1,0
BRDA:376,63,0,0
BRDA:376,63,1,0
BRDA:377,64,0,0
BRDA:377,64,1,0
BRDA:377,65,0,0
BRDA:377,65,1,0
BRDA:378,66,0,0
BRDA:378,66,1,0
BRDA:378,67,0,0
BRDA:378,67,1,0
BRDA:379,68,0,0
BRDA:379,68,1,0
BRDA:379,69,0,0
BRDA:379,69,1,0
BRF:143
BRH:0
end_of_record
TN:
SF:src/modules/auth/auth.controller.ts
FN:14,(anonymous_4)
FN:18,(anonymous_5)
FN:24,(anonymous_6)
FN:30,(anonymous_7)
FN:36,(anonymous_8)
FN:43,(anonymous_9)
FNF:6
FNH:0
FNDA:0,(anonymous_4)
FNDA:0,(anonymous_5)
FNDA:0,(anonymous_6)
FNDA:0,(anonymous_7)
FNDA:0,(anonymous_8)
FNDA:0,(anonymous_9)
DA:1,0
DA:2,0
DA:3,0
DA:4,0
DA:5,0
DA:7,0
DA:8,0
DA:9,0
DA:10,0
DA:13,0
DA:14,0
DA:18,0
DA:19,0
DA:24,0
DA:25,0
DA:30,0
DA:31,0
DA:36,0
DA:37,0
DA:38,0
DA:43,0
DA:44,0
LF:22
LH:0
BRDA:18,0,0,0
BRDA:18,0,1,0
BRDA:18,1,0,0
BRDA:18,1,1,0
BRDA:18,2,0,0
BRDA:18,2,1,0
BRDA:18,3,0,0
BRDA:18,3,1,0
BRDA:24,4,0,0
BRDA:24,4,1,0
BRDA:24,5,0,0
BRDA:24,5,1,0
BRDA:24,6,0,0
BRDA:24,6,1,0
BRDA:24,7,0,0
BRDA:24,7,1,0
BRDA:30,8,0,0
BRDA:30,8,1,0
BRDA:30,9,0,0
BRDA:30,9,1,0
BRDA:30,10,0,0
BRDA:30,10,1,0
BRDA:30,11,0,0
BRDA:30,11,1,0
BRDA:36,12,0,0
BRDA:36,12,1,0
BRDA:36,13,0,0
BRDA:36,13,1,0
BRDA:43,14,0,0
BRDA:43,14,1,0
BRDA:43,15,0,0
BRDA:43,15,1,0
BRDA:14,16,0,0
BRDA:14,16,1,0
BRDA:14,17,0,0
BRDA:14,17,1,0
BRF:36
BRH:0
end_of_record
TN:
SF:src/modules/auth/auth.module.ts
FNF:0
FNH:0
DA:1,0
DA:2,0
DA:3,0
DA:4,0
DA:5,0
DA:6,0
DA:7,0
DA:24,0
LF:8
LH:0
BRF:0
BRH:0
end_of_record
TN:
SF:src/modules/auth/auth.service.ts
FN:19,(anonymous_2)
FN:24,(anonymous_3)
FN:78,(anonymous_4)
FN:109,(anonymous_5)
FN:116,(anonymous_6)
FN:128,(anonymous_7)
FN:162,(anonymous_8)
FN:189,(anonymous_9)
FN:203,(anonymous_10)
FN:222,(anonymous_11)
FNF:10
FNH:0
FNDA:0,(anonymous_2)
FNDA:0,(anonymous_3)
FNDA:0,(anonymous_4)
FNDA:0,(anonymous_5)
FNDA:0,(anonymous_6)
FNDA:0,(anonymous_7)
FNDA:0,(anonymous_8)
FNDA:0,(anonymous_9)
FNDA:0,(anonymous_10)
FNDA:0,(anonymous_11)
DA:1,0
DA:7,0
DA:8,0
DA:13,0
DA:14,0
DA:18,0
DA:20,0
DA:21,0
DA:25,0
DA:31,0
DA:32,0
DA:33,0
DA:35,0
DA:36,0
DA:40,0
DA:43,0
DA:51,0
DA:52,0
DA:55,0
DA:69,0
DA:70,0
DA:72,0
DA:79,0
DA:85,0
DA:86,0
DA:89,0
DA:91,0
DA:92,0
DA:95,0
DA:100,0
DA:101,0
DA:103,0
DA:110,0
DA:117,0
DA:121,0
DA:122,0
DA:125,0
DA:129,0
DA:134,0
DA:135,0
DA:138,0
DA:139,0
DA:142,0
DA:143,0
DA:147,0
DA:153,0
DA:154,0
DA:156,0
DA:167,0
DA:174,0
DA:175,0
DA:180,0
DA:182,0
DA:190,0
DA:191,0
DA:193,0
DA:204,0
DA:211,0
DA:212,0
DA:213,0
DA:216,0
DA:217,0
DA:219,0
DA:223,0
LF:64
LH:0
BRDA:27,0,0,0
BRDA:27,0,1,0
BRDA:31,1,0,0
BRDA:31,1,1,0
BRDA:32,2,0,0
BRDA:32,2,1,0
BRDA:35,3,0,0
BRDA:35,3,1,0
BRDA:46,4,0,0
BRDA:46,4,1,0
BRDA:51,5,0,0
BRDA:51,5,1,0
BRDA:63,6,0,0
BRDA:63,6,1,0
BRDA:85,7,0,0
BRDA:85,7,1,0
BRDA:91,8,0,0
BRDA:91,8,1,0
BRDA:121,9,0,0
BRDA:121,9,1,0
BRDA:134,10,0,0
BRDA:134,10,1,0
BRDA:138,11,0,0
BRDA:138,11,1,0
BRDA:142,12,0,0
BRDA:142,12,1,0
BRDA:170,13,0,0
BRDA:170,13,1,0
BRDA:212,14,0,0
BRDA:212,14,1,0
BRDA:219,15,0,0
BRDA:219,15,1,0
BRDA:227,16,0,0
BRDA:227,16,1,0
BRDA:20,17,0,0
BRDA:20,17,1,0
BRDA:20,18,0,0
BRDA:20,18,1,0
BRDA:20,19,0,0
BRDA:20,19,1,0
BRDA:20,20,0,0
BRDA:20,20,1,0
BRF:42
BRH:0
end_of_record
TN:
SF:src/modules/auth/dto/auth-response.dto.ts
FNF:0
FNH:0
DA:3,0
DA:14,0
LF:2
LH:0
BRF:0
BRH:0
end_of_record
TN:
SF:src/modules/auth/dto/login.dto.ts
FNF:0
FNH:0
DA:1,0
DA:3,0
DA:6,0
DA:10,0
LF:4
LH:0
BRF:0
BRH:0
end_of_record
TN:
SF:src/modules/auth/dto/refresh-token.dto.ts
FNF:0
FNH:0
DA:1,0
DA:3,0
DA:6,0
LF:3
LH:0
BRF:0
BRH:0
end_of_record
TN:
SF:src/modules/auth/dto/register.dto.ts
FNF:0
FNH:0
DA:1,0
DA:3,0
DA:10,0
DA:14,0
DA:19,0
DA:25,0
LF:6
LH:0
BRF:0
BRH:0
end_of_record
TN:
SF:src/modules/cuisines/cuisines.controller.ts
FN:10,(anonymous_4)
FN:14,(anonymous_5)
FN:20,(anonymous_6)
FN:26,(anonymous_7)
FN:32,(anonymous_8)
FNF:5
FNH:0
FNDA:0,(anonymous_4)
FNDA:0,(anonymous_5)
FNDA:0,(anonymous_6)
FNDA:0,(anonymous_7)
FNDA:0,(anonymous_8)
DA:1,0
DA:2,0
DA:4,0
DA:5,0
DA:6,0
DA:9,0
DA:10,0
DA:14,0
DA:15,0
DA:20,0
DA:21,0
DA:26,0
DA:27,0
DA:32,0
DA:36,0
LF:15
LH:0
BRDA:14,0,0,0
BRDA:14,0,1,0
BRDA:14,1,0,0
BRDA:14,1,1,0
BRDA:20,2,0,0
BRDA:20,2,1,0
BRDA:20,3,0,0
BRDA:20,3,1,0
BRDA:26,4,0,0
BRDA:26,4,1,0
BRDA:26,5,0,0
BRDA:26,5,1,0
BRDA:35,6,0,0
BRDA:35,6,1,0
BRDA:35,7,0,0
BRDA:35,7,1,0
BRDA:10,8,0,0
BRDA:10,8,1,0
BRDA:10,9,0,0
BRDA:10,9,1,0
BRF:20
BRH:0
end_of_record
TN:
SF:src/modules/cuisines/cuisines.module.ts
FNF:0
FNH:0
DA:1,0
DA:2,0
DA:3,0
DA:4,0
DA:5,0
DA:13,0
LF:6
LH:0
BRF:0
BRH:0
end_of_record
TN:
SF:src/modules/cuisines/cuisines.service.ts
FN:7,(anonymous_2)
FN:9,(anonymous_3)
FN:14,(anonymous_4)
FN:17,(anonymous_5)
FN:23,(anonymous_6)
FN:26,(anonymous_7)
FN:46,(anonymous_8)
FN:50,(anonymous_9)
FN:57,(anonymous_10)
FN:78,(anonymous_11)
FN:85,(anonymous_12)
FN:86,(anonymous_13)
FN:87,(anonymous_14)
FN:88,(anonymous_15)
FN:106,(anonymous_16)
FN:119,(anonymous_17)
FN:130,(anonymous_18)
FN:132,(anonymous_19)
FNF:18
FNH:0
FNDA:0,(anonymous_2)
FNDA:0,(anonymous_3)
FNDA:0,(anonymous_4)
FNDA:0,(anonymous_5)
FNDA:0,(anonymous_6)
FNDA:0,(anonymous_7)
FNDA:0,(anonymous_8)
FNDA:0,(anonymous_9)
FNDA:0,(anonymous_10)
FNDA:0,(anonymous_11)
FNDA:0,(anonymous_12)
FNDA:0,(anonymous_13)
FNDA:0,(anonymous_14)
FNDA:0,(anonymous_15)
FNDA:0,(anonymous_16)
FNDA:0,(anonymous_17)
FNDA:0,(anonymous_18)
FNDA:0,(anonymous_19)
DA:1,0
DA:2,0
DA:6,0
DA:7,0
DA:10,0
DA:14,0
DA:18,0
DA:23,0
DA:27,0
DA:42,0
DA:46,0
DA:50,0
DA:58,0
DA:64,0
DA:65,0
DA:68,0
DA:78,0
DA:85,0
DA:86,0
DA:87,0
DA:88,0
DA:90,0
DA:107,0
DA:120,0
DA:131,0
DA:132,0
LF:26
LH:0
BRDA:45,0,0,0
BRDA:45,0,1,0
BRDA:64,1,0,0
BRDA:64,1,1,0
BRDA:79,2,0,0
BRDA:79,2,1,0
BRDA:80,3,0,0
BRDA:80,3,1,0
BRDA:81,4,0,0
BRDA:81,4,1,0
BRDA:82,5,0,0
BRDA:82,5,1,0
BRDA:92,6,0,0
BRDA:92,6,1,0
BRDA:93,7,0,0
BRDA:93,7,1,0
BRDA:96,8,0,0
BRDA:96,8,1,0
BRDA:131,9,0,0
BRDA:131,9,1,0
BRDA:7,10,0,0
BRDA:7,10,1,0
BRDA:7,11,0,0
BRDA:7,11,1,0
BRF:24
BRH:0
end_of_record
TN:
SF:src/modules/cuisines/dto/cuisine-response.dto.ts
FNF:0
FNH:0
DA:3,0
DA:14,0
DA:23,0
DA:28,0
DA:33,0
DA:41,0
DA:48,0
LF:7
LH:0
BRF:0
BRH:0
end_of_record
TN:
SF:src/modules/dishes/dishes.module.ts
FNF:0
FNH:0
DA:1,0
DA:2,0
DA:3,0
DA:10,0
LF:4
LH:0
BRF:0
BRH:0
end_of_record
TN:
SF:src/modules/dishes/dishes.service.ts
FN:15,(anonymous_2)
FN:23,(anonymous_3)
FN:84,(anonymous_4)
FN:107,(anonymous_5)
FN:120,(anonymous_6)
FNF:5
FNH:0
FNDA:0,(anonymous_2)
FNDA:0,(anonymous_3)
FNDA:0,(anonymous_4)
FNDA:0,(anonymous_5)
FNDA:0,(anonymous_6)
DA:7,1
DA:8,1
DA:12,1
DA:13,0
DA:15,0
DA:24,0
DA:27,0
DA:31,0
DA:33,0
DA:34,0
DA:35,0
DA:37,0
DA:51,0
DA:54,0
DA:69,0
DA:72,0
DA:90,0
DA:91,0
DA:94,0
DA:95,0
DA:98,0
DA:108,0
DA:121,0
LF:23
LH:3
BRDA:31,0,0,0
BRDA:31,0,1,0
BRDA:46,1,0,0
BRDA:46,1,1,0
BRDA:47,2,0,0
BRDA:47,2,1,0
BRDA:90,3,0,0
BRDA:90,3,1,0
BRDA:90,4,0,0
BRDA:90,4,1,0
BRDA:94,5,0,0
BRDA:94,5,1,0
BRDA:94,6,0,0
BRDA:94,6,1,0
BRDA:107,7,0,0
BRDA:109,8,0,0
BRDA:109,8,1,0
BRDA:15,9,0,1
BRDA:15,9,1,0
BRDA:15,10,0,1
BRDA:15,10,1,1
BRF:21
BRH:3
end_of_record
TN:
SF:src/modules/meals/meals.controller.ts
FN:25,(anonymous_4)
FN:28,(anonymous_5)
FN:36,(anonymous_6)
FN:41,(anonymous_7)
FN:50,(anonymous_8)
FN:58,(anonymous_9)
FN:66,(anonymous_10)
FN:74,(anonymous_11)
FN:83,(anonymous_12)
FNF:9
FNH:0
FNDA:0,(anonymous_4)
FNDA:0,(anonymous_5)
FNDA:0,(anonymous_6)
FNDA:0,(anonymous_7)
FNDA:0,(anonymous_8)
FNDA:0,(anonymous_9)
FNDA:0,(anonymous_10)
FNDA:0,(anonymous_11)
FNDA:0,(anonymous_12)
DA:1,0
DA:13,0
DA:14,0
DA:15,0
DA:17,0
DA:18,0
DA:19,0
DA:20,0
DA:24,0
DA:25,0
DA:28,0
DA:32,0
DA:36,0
DA:37,0
DA:41,0
DA:45,0
DA:46,0
DA:50,0
DA:54,0
DA:58,0
DA:62,0
DA:66,0
DA:70,0
DA:74,0
DA:79,0
DA:83,0
DA:87,0
DA:88,0
LF:28
LH:0
BRDA:30,0,0,0
BRDA:30,0,1,0
BRDA:30,1,0,0
BRDA:30,1,1,0
BRDA:31,2,0,0
BRDA:31,2,1,0
BRDA:31,3,0,0
BRDA:31,3,1,0
BRDA:36,4,0,0
BRDA:36,4,1,0
BRDA:36,5,0,0
BRDA:36,5,1,0
BRDA:44,6,0,0
BRDA:44,6,1,0
BRDA:44,7,0,0
BRDA:44,7,1,0
BRDA:61,8,0,0
BRDA:61,8,1,0
BRDA:61,9,0,0
BRDA:61,9,1,0
BRDA:68,10,0,0
BRDA:68,10,1,0
BRDA:68,11,0,0
BRDA:68,11,1,0
BRDA:69,12,0,0
BRDA:69,12,1,0
BRDA:69,13,0,0
BRDA:69,13,1,0
BRDA:77,14,0,0
BRDA:77,14,1,0
BRDA:77,15,0,0
BRDA:77,15,1,0
BRDA:78,16,0,0
BRDA:78,16,1,0
BRDA:78,17,0,0
BRDA:78,17,1,0
BRDA:86,18,0,0
BRDA:86,18,1,0
BRDA:86,19,0,0
BRDA:86,19,1,0
BRDA:25,20,0,0
BRDA:25,20,1,0
BRDA:25,21,0,0
BRDA:25,21,1,0
BRF:44
BRH:0
end_of_record
TN:
SF:src/modules/meals/meals.module.ts
FNF:0
FNH:0
DA:1,0
DA:2,0
DA:3,0
DA:4,0
DA:5,0
DA:6,0
DA:15,0
LF:7
LH:0
BRF:0
BRH:0
end_of_record
TN:
SF:src/modules/meals/meals.service.ts
FN:22,(anonymous_2)
FN:40,(anonymous_3)
FN:93,(anonymous_4)
FN:120,(anonymous_5)
FN:186,(anonymous_6)
FN:209,(anonymous_7)
FN:222,(anonymous_8)
FN:232,(anonymous_9)
FN:247,(anonymous_10)
FN:270,(anonymous_11)
FN:288,(anonymous_12)
FN:302,(anonymous_13)
FN:308,(anonymous_14)
FN:322,(anonymous_15)
FN:328,(anonymous_16)
FN:351,(anonymous_17)
FN:373,(anonymous_18)
FN:405,(anonymous_19)
FN:450,(anonymous_20)
FN:480,(anonymous_21)
FN:492,(anonymous_22)
FN:504,(anonymous_23)
FN:511,(anonymous_24)
FN:520,(anonymous_25)
FN:549,(anonymous_26)
FN:559,(anonymous_27)
FNF:26
FNH:0
FNDA:0,(anonymous_2)
FNDA:0,(anonymous_3)
FNDA:0,(anonymous_4)
FNDA:0,(anonymous_5)
FNDA:0,(anonymous_6)
FNDA:0,(anonymous_7)
FNDA:0,(anonymous_8)
FNDA:0,(anonymous_9)
FNDA:0,(anonymous_10)
FNDA:0,(anonymous_11)
FNDA:0,(anonymous_12)
FNDA:0,(anonymous_13)
FNDA:0,(anonymous_14)
FNDA:0,(anonymous_15)
FNDA:0,(anonymous_16)
FNDA:0,(anonymous_17)
FNDA:0,(anonymous_18)
FNDA:0,(anonymous_19)
FNDA:0,(anonymous_20)
FNDA:0,(anonymous_21)
FNDA:0,(anonymous_22)
FNDA:0,(anonymous_23)
FNDA:0,(anonymous_24)
FNDA:0,(anonymous_25)
FNDA:0,(anonymous_26)
FNDA:0,(anonymous_27)
DA:7,1
DA:9,1
DA:14,1
DA:15,1
DA:19,1
DA:20,0
DA:23,0
DA:24,0
DA:41,0
DA:44,0
DA:59,0
DA:81,0
DA:87,0
DA:98,0
DA:114,0
DA:132,0
DA:136,0
DA:137,0
DA:141,0
DA:156,0
DA:174,0
DA:180,0
DA:190,0
DA:203,0
DA:210,0
DA:211,0
DA:213,0
DA:214,0
DA:216,0
DA:221,0
DA:222,0
DA:233,0
DA:237,0
DA:238,0
DA:241,0
DA:248,0
DA:252,0
DA:253,0
DA:256,0
DA:264,0
DA:271,0
DA:275,0
DA:276,0
DA:279,0
DA:289,0
DA:290,0
DA:291,0
DA:293,0
DA:302,0
DA:309,0
DA:310,0
DA:311,0
DA:313,0
DA:322,0
DA:342,0
DA:350,0
DA:351,0
DA:374,0
DA:378,0
DA:379,0
DA:384,0
DA:388,0
DA:406,0
DA:409,0
DA:410,0
DA:412,0
DA:416,0
DA:431,0
DA:432,0
DA:437,0
DA:451,0
DA:455,0
DA:456,0
DA:461,0
DA:481,0
DA:482,0
DA:483,0
DA:485,0
DA:493,0
DA:494,0
DA:496,0
DA:497,0
DA:505,0
DA:512,0
DA:513,0
DA:514,0
DA:524,0
DA:529,0
DA:530,0
DA:533,0
DA:534,0
DA:535,0
DA:536,0
DA:539,0
DA:540,0
DA:543,0
DA:550,0
DA:551,0
DA:553,0
DA:560,0
LF:100
LH:5
BRDA:67,0,0,0
BRDA:67,0,1,0
BRDA:109,1,0,0
BRDA:109,1,1,0
BRDA:136,2,0,0
BRDA:136,2,1,0
BRDA:210,3,0,0
BRDA:210,4,0,0
BRDA:211,5,0,0
BRDA:211,5,1,0
BRDA:237,6,0,0
BRDA:237,6,1,0
BRDA:252,7,0,0
BRDA:252,7,1,0
BRDA:275,8,0,0
BRDA:275,8,1,0
BRDA:352,9,0,0
BRDA:352,9,1,0
BRDA:378,10,0,0
BRDA:378,10,1,0
BRDA:410,11,0,0
BRDA:410,11,1,0
BRDA:417,12,0,0
BRDA:417,12,1,0
BRDA:418,13,0,0
BRDA:418,13,1,0
BRDA:419,14,0,0
BRDA:419,14,1,0
BRDA:420,15,0,0
BRDA:420,15,1,0
BRDA:421,16,0,0
BRDA:421,16,1,0
BRDA:422,17,0,0
BRDA:422,17,1,0
BRDA:423,18,0,0
BRDA:423,18,1,0
BRDA:425,19,0,0
BRDA:425,19,1,0
BRDA:426,20,0,0
BRDA:426,20,1,0
BRDA:427,21,0,0
BRDA:427,21,1,0
BRDA:428,22,0,0
BRDA:428,22,1,0
BRDA:431,23,0,0
BRDA:431,23,1,0
BRDA:455,24,0,0
BRDA:455,24,1,0
BRDA:482,25,0,0
BRDA:482,25,1,0
BRDA:505,26,0,0
BRDA:505,26,1,0
BRDA:512,27,0,0
BRDA:512,27,1,0
BRDA:529,28,0,0
BRDA:529,28,1,0
BRDA:533,29,0,0
BRDA:533,29,1,0
BRDA:533,30,0,0
BRDA:533,30,1,0
BRDA:535,31,0,0
BRDA:535,31,1,0
BRDA:536,32,0,0
BRDA:536,32,1,0
BRDA:539,33,0,0
BRDA:539,33,1,0
BRDA:550,34,0,0
BRDA:550,34,1,0
BRDA:551,35,0,0
BRDA:551,35,1,0
BRDA:564,36,0,0
BRDA:564,36,1,0
BRDA:567,37,0,0
BRDA:567,37,1,0
BRDA:23,38,0,1
BRDA:23,38,1,0
BRDA:23,39,0,1
BRDA:23,39,1,1
BRDA:23,40,0,1
BRDA:23,40,1,0
BRDA:23,41,0,1
BRDA:23,41,1,1
BRF:82
BRH:6
end_of_record
TN:
SF:src/modules/meals/dto/create-meal.dto.ts
FN:61,(anonymous_2)
FN:132,(anonymous_3)
FNF:2
FNH:0
FNDA:0,(anonymous_2)
FNDA:0,(anonymous_3)
DA:1,0
DA:2,0
DA:4,0
DA:6,0
DA:9,0
DA:12,0
DA:15,0
DA:19,0
DA:23,0
DA:27,0
DA:30,0
DA:32,0
DA:35,0
DA:39,0
DA:43,0
DA:46,0
DA:48,0
DA:51,0
DA:54,0
DA:57,0
DA:61,0
DA:62,0
DA:66,0
DA:70,0
DA:74,0
DA:78,0
DA:82,0
DA:87,0
DA:92,0
DA:96,0
DA:100,0
DA:104,0
DA:108,0
DA:112,0
DA:116,0
DA:120,0
DA:123,0
DA:125,0
DA:129,0
DA:132,0
DA:133,0
DA:137,0
DA:142,0
LF:43
LH:0
BRF:0
BRH:0
end_of_record
TN:
SF:src/modules/meals/dto/meal-query.dto.ts
FN:6,(anonymous_2)
FN:12,(anonymous_3)
FN:18,(anonymous_4)
FNF:3
FNH:0
FNDA:0,(anonymous_2)
FNDA:0,(anonymous_3)
FNDA:0,(anonymous_4)
DA:1,0
DA:2,0
DA:4,0
DA:6,0
DA:9,0
DA:12,0
DA:15,0
DA:18,0
DA:21,0
DA:25,0
DA:29,0
DA:33,0
DA:37,0
DA:41,0
DA:45,0
LF:15
LH:0
BRF:0
BRH:0
end_of_record
TN:
SF:src/modules/meals/dto/meal-response.dto.ts
FNF:0
FNH:0
DA:4,0
DA:18,0
LF:2
LH:0
BRF:0
BRH:0
end_of_record
TN:
SF:src/modules/meals/dto/update-meal.dto.ts
FNF:0
FNH:0
DA:1,0
DA:3,0
DA:6,0
DA:11,0
LF:4
LH:0
BRF:0
BRH:0
end_of_record
TN:
SF:src/modules/nutrition/nutrition.controller.ts
FN:10,(anonymous_4)
FN:13,(anonymous_5)
FN:22,(anonymous_6)
FN:33,(anonymous_7)
FN:41,(anonymous_8)
FNF:5
FNH:0
FNDA:0,(anonymous_4)
FNDA:0,(anonymous_5)
FNDA:0,(anonymous_6)
FNDA:0,(anonymous_7)
FNDA:0,(anonymous_8)
DA:1,0
DA:2,0
DA:4,0
DA:5,0
DA:9,0
DA:10,0
DA:13,0
DA:17,0
DA:18,0
DA:22,0
DA:27,0
DA:28,0
DA:29,0
DA:33,0
DA:37,0
DA:41,0
DA:45,0
LF:17
LH:0
BRDA:17,0,0,0
BRDA:17,0,1,0
BRDA:27,1,0,0
BRDA:27,1,1,0
BRDA:28,2,0,0
BRDA:28,2,1,0
BRDA:35,3,0,0
BRDA:43,4,0,0
BRDA:16,5,0,0
BRDA:16,5,1,0
BRDA:16,6,0,0
BRDA:16,6,1,0
BRDA:26,7,0,0
BRDA:26,7,1,0
BRDA:26,8,0,0
BRDA:26,8,1,0
BRDA:36,9,0,0
BRDA:36,9,1,0
BRDA:36,10,0,0
BRDA:36,10,1,0
BRDA:44,11,0,0
BRDA:44,11,1,0
BRDA:44,12,0,0
BRDA:44,12,1,0
BRDA:10,13,0,0
BRDA:10,13,1,0
BRDA:10,14,0,0
BRDA:10,14,1,0
BRF:28
BRH:0
end_of_record
TN:
SF:src/modules/nutrition/nutrition.module.ts
FNF:0
FNH:0
DA:1,0
DA:2,0
DA:3,0
DA:4,0
DA:5,0
DA:13,0
LF:6
LH:0
BRF:0
BRH:0
end_of_record
TN:
SF:src/modules/nutrition/nutrition.service.ts
FN:7,(anonymous_2)
FN:9,(anonymous_3)
FN:47,(anonymous_4)
FN:51,(anonymous_5)
FN:66,(anonymous_6)
FN:74,(anonymous_7)
FN:82,(anonymous_8)
FN:83,(anonymous_9)
FN:84,(anonymous_10)
FN:85,(anonymous_11)
FN:91,(anonymous_12)
FN:127,(anonymous_13)
FN:147,(anonymous_14)
FN:152,(anonymous_15)
FN:156,(anonymous_16)
FN:160,(anonymous_17)
FN:171,(anonymous_18)
FN:172,(anonymous_19)
FN:173,(anonymous_20)
FN:180,(anonymous_21)
FN:211,(anonymous_22)
FN:212,(anonymous_23)
FN:213,(anonymous_24)
FN:214,(anonymous_25)
FN:215,(anonymous_26)
FN:216,(anonymous_27)
FN:217,(anonymous_28)
FN:223,(anonymous_29)
FN:224,(anonymous_30)
FN:227,(anonymous_31)
FNF:30
FNH:0
FNDA:0,(anonymous_2)
FNDA:0,(anonymous_3)
FNDA:0,(anonymous_4)
FNDA:0,(anonymous_5)
FNDA:0,(anonymous_6)
FNDA:0,(anonymous_7)
FNDA:0,(anonymous_8)
FNDA:0,(anonymous_9)
FNDA:0,(anonymous_10)
FNDA:0,(anonymous_11)
FNDA:0,(anonymous_12)
FNDA:0,(anonymous_13)
FNDA:0,(anonymous_14)
FNDA:0,(anonymous_15)
FNDA:0,(anonymous_16)
FNDA:0,(anonymous_17)
FNDA:0,(anonymous_18)
FNDA:0,(anonymous_19)
FNDA:0,(anonymous_20)
FNDA:0,(anonymous_21)
FNDA:0,(anonymous_22)
FNDA:0,(anonymous_23)
FNDA:0,(anonymous_24)
FNDA:0,(anonymous_25)
FNDA:0,(anonymous_26)
FNDA:0,(anonymous_27)
FNDA:0,(anonymous_28)
FNDA:0,(anonymous_29)
FNDA:0,(anonymous_30)
FNDA:0,(anonymous_31)
DA:1,0
DA:2,0
DA:6,0
DA:7,0
DA:10,0
DA:11,0
DA:12,0
DA:14,0
DA:15,0
DA:17,0
DA:33,0
DA:47,0
DA:52,0
DA:53,0
DA:54,0
DA:55,0
DA:58,0
DA:66,0
DA:74,0
DA:75,0
DA:77,0
DA:82,0
DA:83,0
DA:84,0
DA:85,0
DA:92,0
DA:93,0
DA:95,0
DA:97,0
DA:98,0
DA:100,0
DA:101,0
DA:103,0
DA:104,0
DA:106,0
DA:107,0
DA:110,0
DA:126,0
DA:127,0
DA:128,0
DA:130,0
DA:131,0
DA:133,0
DA:134,0
DA:135,0
DA:137,0
DA:138,0
DA:139,0
DA:140,0
DA:142,0
DA:146,0
DA:147,0
DA:152,0
DA:155,0
DA:157,0
DA:158,0
DA:160,0
DA:163,0
DA:171,0
DA:172,0
DA:173,0
DA:181,0
DA:182,0
DA:184,0
DA:186,0
DA:187,0
DA:189,0
DA:190,0
DA:192,0
DA:193,0
DA:195,0
DA:196,0
DA:199,0
DA:206,0
DA:208,0
DA:211,0
DA:212,0
DA:213,0
DA:214,0
DA:215,0
DA:216,0
DA:217,0
DA:224,0
DA:228,0
LF:84
LH:0
BRDA:10,0,0,0
BRDA:10,0,1,0
BRDA:35,1,0,0
BRDA:35,1,1,0
BRDA:36,2,0,0
BRDA:36,2,1,0
BRDA:37,3,0,0
BRDA:37,3,1,0
BRDA:38,4,0,0
BRDA:38,4,1,0
BRDA:39,5,0,0
BRDA:39,5,1,0
BRDA:40,6,0,0
BRDA:40,6,1,0
BRDA:41,7,0,0
BRDA:41,7,1,0
BRDA:42,8,0,0
BRDA:42,8,1,0
BRDA:43,9,0,0
BRDA:43,9,1,0
BRDA:44,10,0,0
BRDA:44,10,1,0
BRDA:45,11,0,0
BRDA:45,11,1,0
BRDA:46,12,0,0
BRDA:46,12,1,0
BRDA:52,13,0,0
BRDA:52,13,1,0
BRDA:53,14,0,0
BRDA:53,14,1,0
BRDA:54,15,0,0
BRDA:54,15,1,0
BRDA:75,16,0,0
BRDA:75,16,1,0
BRDA:91,17,0,0
BRDA:95,18,0,0
BRDA:95,18,1,0
BRDA:95,18,2,0
BRDA:95,18,3,0
BRDA:128,19,0,0
BRDA:128,19,1,0
BRDA:135,20,0,0
BRDA:135,20,1,0
BRDA:139,21,0,0
BRDA:139,21,1,0
BRDA:150,22,0,0
BRDA:150,22,1,0
BRDA:180,23,0,0
BRDA:184,24,0,0
BRDA:184,24,1,0
BRDA:184,24,2,0
BRDA:184,24,3,0
BRDA:206,25,0,0
BRDA:206,25,1,0
BRDA:7,26,0,0
BRDA:7,26,1,0
BRDA:7,27,0,0
BRDA:7,27,1,0
BRF:58
BRH:0
end_of_record
TN:
SF:src/modules/nutrition/dto/nutrition-response.dto.ts
FNF:0
FNH:0
DA:4,0
DA:21,0
DA:29,0
DA:36,0
DA:44,0
DA:50,0
DA:56,0
DA:67,0
DA:77,0
LF:9
LH:0
BRF:0
BRH:0
end_of_record
TN:
SF:src/modules/ranking/ranking-optimized.service.ts
FN:24,(anonymous_2)
FN:30,(anonymous_3)
FN:85,(anonymous_4)
FN:93,(anonymous_5)
FN:122,(anonymous_6)
FN:164,(anonymous_7)
FN:165,(anonymous_8)
FN:195,(anonymous_9)
FN:198,(anonymous_10)
FN:214,(anonymous_11)
FN:277,(anonymous_12)
FN:322,(anonymous_13)
FN:323,(anonymous_14)
FN:338,(anonymous_15)
FN:396,(anonymous_16)
FN:397,(anonymous_17)
FN:416,(anonymous_18)
FN:441,(anonymous_19)
FN:457,(anonymous_20)
FN:463,(anonymous_21)
FN:492,(anonymous_22)
FN:501,(anonymous_23)
FN:519,(anonymous_24)
FN:546,(anonymous_25)
FN:624,(anonymous_26)
FN:641,(anonymous_27)
FN:659,(anonymous_28)
FN:660,(anonymous_29)
FN:740,(anonymous_30)
FN:747,(anonymous_31)
FN:749,(anonymous_32)
FN:750,(anonymous_33)
FN:764,(anonymous_34)
FN:789,(anonymous_35)
FN:814,(anonymous_36)
FN:827,(anonymous_37)
FN:829,(anonymous_38)
FNF:37
FNH:0
FNDA:0,(anonymous_2)
FNDA:0,(anonymous_3)
FNDA:0,(anonymous_4)
FNDA:0,(anonymous_5)
FNDA:0,(anonymous_6)
FNDA:0,(anonymous_7)
FNDA:0,(anonymous_8)
FNDA:0,(anonymous_9)
FNDA:0,(anonymous_10)
FNDA:0,(anonymous_11)
FNDA:0,(anonymous_12)
FNDA:0,(anonymous_13)
FNDA:0,(anonymous_14)
FNDA:0,(anonymous_15)
FNDA:0,(anonymous_16)
FNDA:0,(anonymous_17)
FNDA:0,(anonymous_18)
FNDA:0,(anonymous_19)
FNDA:0,(anonymous_20)
FNDA:0,(anonymous_21)
FNDA:0,(anonymous_22)
FNDA:0,(anonymous_23)
FNDA:0,(anonymous_24)
FNDA:0,(anonymous_25)
FNDA:0,(anonymous_26)
FNDA:0,(anonymous_27)
FNDA:0,(anonymous_28)
FNDA:0,(anonymous_29)
FNDA:0,(anonymous_30)
FNDA:0,(anonymous_31)
FNDA:0,(anonymous_32)
FNDA:0,(anonymous_33)
FNDA:0,(anonymous_34)
FNDA:0,(anonymous_35)
FNDA:0,(anonymous_36)
FNDA:0,(anonymous_37)
FNDA:0,(anonymous_38)
DA:13,0
DA:14,0
DA:15,0
DA:18,0
DA:21,0
DA:22,0
DA:24,0
DA:34,0
DA:37,0
DA:38,0
DA:39,0
DA:40,0
DA:43,0
DA:46,0
DA:57,0
DA:59,0
DA:60,0
DA:61,0
DA:64,0
DA:65,0
DA:66,0
DA:75,0
DA:85,0
DA:86,0
DA:87,0
DA:89,0
DA:93,0
DA:94,0
DA:95,0
DA:106,0
DA:113,0
DA:115,0
DA:126,0
DA:128,0
DA:129,0
DA:130,0
DA:131,0
DA:134,0
DA:137,0
DA:145,0
DA:153,0
DA:161,0
DA:164,0
DA:165,0
DA:168,0
DA:170,0
DA:171,0
DA:172,0
DA:175,0
DA:180,0
DA:181,0
DA:183,0
DA:195,0
DA:198,0
DA:200,0
DA:206,0
DA:208,0
DA:215,0
DA:217,0
DA:218,0
DA:219,0
DA:222,0
DA:224,0
DA:251,0
DA:258,0
DA:260,0
DA:269,0
DA:271,0
DA:278,0
DA:280,0
DA:281,0
DA:282,0
DA:285,0
DA:288,0
DA:303,0
DA:305,0
DA:307,0
DA:308,0
DA:309,0
DA:311,0
DA:322,0
DA:323,0
DA:325,0
DA:330,0
DA:332,0
DA:339,0
DA:341,0
DA:342,0
DA:343,0
DA:346,0
DA:349,0
DA:359,0
DA:361,0
DA:362,0
DA:363,0
DA:364,0
DA:370,0
DA:371,0
DA:372,0
DA:376,0
DA:378,0
DA:380,0
DA:381,0
DA:382,0
DA:384,0
DA:396,0
DA:397,0
DA:399,0
DA:404,0
DA:406,0
DA:417,0
DA:427,0
DA:428,0
DA:431,0
DA:432,0
DA:435,0
DA:442,0
DA:457,0
DA:464,0
DA:467,0
DA:469,0
DA:470,0
DA:471,0
DA:473,0
DA:474,0
DA:475,0
DA:477,0
DA:478,0
DA:479,0
DA:482,0
DA:483,0
DA:486,0
DA:493,0
DA:494,0
DA:495,0
DA:502,0
DA:506,0
DA:507,0
DA:509,0
DA:510,0
DA:513,0
DA:520,0
DA:521,0
DA:523,0
DA:551,0
DA:553,0
DA:562,0
DA:563,0
DA:566,0
DA:572,0
DA:573,0
DA:576,0
DA:589,0
DA:590,0
DA:602,0
DA:604,0
DA:605,0
DA:607,0
DA:608,0
DA:619,0
DA:620,0
DA:624,0
DA:626,0
DA:642,0
DA:644,0
DA:659,0
DA:660,0
DA:662,0
DA:667,0
DA:668,0
DA:671,0
DA:682,0
DA:692,0
DA:693,0
DA:694,0
DA:696,0
DA:697,0
DA:698,0
DA:700,0
DA:709,0
DA:712,0
DA:713,0
DA:725,0
DA:727,0
DA:728,0
DA:740,0
DA:741,0
DA:742,0
DA:744,0
DA:747,0
DA:749,0
DA:750,0
DA:752,0
DA:765,0
DA:774,0
DA:775,0
DA:778,0
DA:789,0
DA:790,0
DA:805,0
DA:806,0
DA:807,0
DA:814,0
DA:815,0
DA:816,0
DA:827,0
DA:829,0
DA:831,0
LF:208
LH:0
BRDA:32,0,0,0
BRDA:38,1,0,0
BRDA:38,1,1,0
BRDA:61,2,0,0
BRDA:61,2,1,0
BRDA:64,3,0,0
BRDA:64,3,1,0
BRDA:65,4,0,0
BRDA:65,4,1,0
BRDA:86,5,0,0
BRDA:86,5,1,0
BRDA:123,6,0,0
BRDA:129,7,0,0
BRDA:129,7,1,0
BRDA:157,8,0,0
BRDA:157,8,1,0
BRDA:172,9,0,0
BRDA:172,9,1,0
BRDA:175,10,0,0
BRDA:175,10,1,0
BRDA:180,11,0,0
BRDA:180,11,1,0
BRDA:214,12,0,0
BRDA:218,13,0,0
BRDA:218,13,1,0
BRDA:237,14,0,0
BRDA:237,14,1,0
BRDA:243,15,0,0
BRDA:243,15,1,0
BRDA:255,16,0,0
BRDA:255,16,1,0
BRDA:258,17,0,0
BRDA:258,17,1,0
BRDA:263,18,0,0
BRDA:263,18,1,0
BRDA:277,19,0,0
BRDA:281,20,0,0
BRDA:281,20,1,0
BRDA:299,21,0,0
BRDA:299,21,1,0
BRDA:309,22,0,0
BRDA:309,22,1,0
BRDA:338,23,0,0
BRDA:342,24,0,0
BRDA:342,24,1,0
BRDA:350,25,0,0
BRDA:350,25,1,0
BRDA:363,26,0,0
BRDA:363,26,1,0
BRDA:382,27,0,0
BRDA:382,27,1,0
BRDA:427,28,0,0
BRDA:427,28,1,0
BRDA:431,29,0,0
BRDA:431,29,1,0
BRDA:467,30,0,0
BRDA:467,30,1,0
BRDA:467,30,2,0
BRDA:467,30,3,0
BRDA:467,30,4,0
BRDA:494,31,0,0
BRDA:494,31,1,0
BRDA:506,32,0,0
BRDA:506,32,1,0
BRDA:507,33,0,0
BRDA:507,33,1,0
BRDA:549,34,0,0
BRDA:562,35,0,0
BRDA:562,35,1,0
BRDA:572,36,0,0
BRDA:572,36,1,0
BRDA:589,37,0,0
BRDA:589,37,1,0
BRDA:607,38,0,0
BRDA:607,38,1,0
BRDA:615,39,0,0
BRDA:615,39,1,0
BRDA:616,40,0,0
BRDA:616,40,1,0
BRDA:641,41,0,0
BRDA:667,42,0,0
BRDA:667,42,1,0
BRDA:696,43,0,0
BRDA:696,43,1,0
BRDA:698,44,0,0
BRDA:698,44,1,0
BRDA:741,45,0,0
BRDA:741,45,1,0
BRDA:774,46,0,0
BRDA:774,46,1,0
BRDA:809,47,0,0
BRDA:809,47,1,0
BRDA:810,48,0,0
BRDA:810,48,1,0
BRDA:818,49,0,0
BRDA:818,49,1,0
BRDA:821,50,0,0
BRDA:821,50,1,0
BRDA:24,51,0,0
BRDA:24,51,1,0
BRDA:24,52,0,0
BRDA:24,52,1,0
BRF:102
BRH:0
end_of_record
TN:
SF:src/modules/ranking/ranking.controller.ts
FN:10,(anonymous_4)
FN:23,(anonymous_5)
FN:41,(anonymous_6)
FN:57,(anonymous_7)
FN:73,(anonymous_8)
FN:89,(anonymous_9)
FN:106,(anonymous_10)
FN:124,(anonymous_11)
FN:139,(anonymous_12)
FNF:9
FNH:0
FNDA:0,(anonymous_4)
FNDA:0,(anonymous_5)
FNDA:0,(anonymous_6)
FNDA:0,(anonymous_7)
FNDA:0,(anonymous_8)
FNDA:0,(anonymous_9)
FNDA:0,(anonymous_10)
FNDA:0,(anonymous_11)
FNDA:0,(anonymous_12)
DA:1,0
DA:2,0
DA:3,0
DA:4,0
DA:9,0
DA:10,0
DA:23,0
DA:27,0
DA:41,0
DA:45,0
DA:57,0
DA:60,0
DA:73,0
DA:76,0
DA:89,0
DA:92,0
DA:106,0
DA:111,0
DA:124,0
DA:127,0
DA:139,0
DA:142,0
LF:22
LH:0
BRDA:25,0,0,0
BRDA:42,1,0,0
BRDA:58,2,0,0
BRDA:74,3,0,0
BRDA:90,4,0,0
BRDA:109,5,0,0
BRDA:125,6,0,0
BRDA:25,7,0,0
BRDA:25,7,1,0
BRDA:25,8,0,0
BRDA:25,8,1,0
BRDA:26,9,0,0
BRDA:26,9,1,0
BRDA:26,10,0,0
BRDA:26,10,1,0
BRDA:42,11,0,0
BRDA:42,11,1,0
BRDA:42,12,0,0
BRDA:42,12,1,0
BRDA:44,13,0,0
BRDA:44,13,1,0
BRDA:44,14,0,0
BRDA:44,14,1,0
BRDA:58,15,0,0
BRDA:58,15,1,0
BRDA:58,16,0,0
BRDA:58,16,1,0
BRDA:59,17,0,0
BRDA:59,17,1,0
BRDA:59,18,0,0
BRDA:59,18,1,0
BRDA:74,19,0,0
BRDA:74,19,1,0
BRDA:74,20,0,0
BRDA:74,20,1,0
BRDA:75,21,0,0
BRDA:75,21,1,0
BRDA:75,22,0,0
BRDA:75,22,1,0
BRDA:90,23,0,0
BRDA:90,23,1,0
BRDA:90,24,0,0
BRDA:90,24,1,0
BRDA:91,25,0,0
BRDA:91,25,1,0
BRDA:91,26,0,0
BRDA:91,26,1,0
BRDA:109,27,0,0
BRDA:109,27,1,0
BRDA:109,28,0,0
BRDA:109,28,1,0
BRDA:110,29,0,0
BRDA:110,29,1,0
BRDA:110,30,0,0
BRDA:110,30,1,0
BRDA:125,31,0,0
BRDA:125,31,1,0
BRDA:125,32,0,0
BRDA:125,32,1,0
BRDA:126,33,0,0
BRDA:126,33,1,0
BRDA:126,34,0,0
BRDA:126,34,1,0
BRDA:141,35,0,0
BRDA:141,35,1,0
BRDA:141,36,0,0
BRDA:141,36,1,0
BRDA:10,37,0,0
BRDA:10,37,1,0
BRDA:10,38,0,0
BRDA:10,38,1,0
BRF:71
BRH:0
end_of_record
TN:
SF:src/modules/ranking/ranking.module.ts
FNF:0
FNH:0
DA:1,0
DA:2,0
DA:3,0
DA:4,0
DA:5,0
DA:13,0
LF:6
LH:0
BRF:0
BRH:0
end_of_record
TN:
SF:src/modules/ranking/ranking.service.ts
FN:24,(anonymous_2)
FN:30,(anonymous_3)
FN:51,(anonymous_4)
FN:52,(anonymous_5)
FN:107,(anonymous_6)
FN:109,(anonymous_7)
FN:137,(anonymous_8)
FN:148,(anonymous_9)
FN:168,(anonymous_10)
FN:191,(anonymous_11)
FN:192,(anonymous_12)
FN:256,(anonymous_13)
FN:259,(anonymous_14)
FN:276,(anonymous_15)
FN:309,(anonymous_16)
FN:312,(anonymous_17)
FN:313,(anonymous_18)
FN:316,(anonymous_19)
FN:335,(anonymous_20)
FN:354,(anonymous_21)
FN:412,(anonymous_22)
FN:415,(anonymous_23)
FN:433,(anonymous_24)
FN:452,(anonymous_25)
FN:453,(anonymous_26)
FN:474,(anonymous_27)
FN:514,(anonymous_28)
FN:539,(anonymous_29)
FN:542,(anonymous_30)
FN:558,(anonymous_31)
FN:588,(anonymous_32)
FN:671,(anonymous_33)
FN:693,(anonymous_34)
FN:712,(anonymous_35)
FN:713,(anonymous_36)
FN:798,(anonymous_37)
FN:806,(anonymous_38)
FN:811,(anonymous_39)
FN:812,(anonymous_40)
FN:827,(anonymous_41)
FN:855,(anonymous_42)
FN:882,(anonymous_43)
FN:896,(anonymous_44)
FN:899,(anonymous_45)
FNF:44
FNH:0
FNDA:0,(anonymous_2)
FNDA:0,(anonymous_3)
FNDA:0,(anonymous_4)
FNDA:0,(anonymous_5)
FNDA:0,(anonymous_6)
FNDA:0,(anonymous_7)
FNDA:0,(anonymous_8)
FNDA:0,(anonymous_9)
FNDA:0,(anonymous_10)
FNDA:0,(anonymous_11)
FNDA:0,(anonymous_12)
FNDA:0,(anonymous_13)
FNDA:0,(anonymous_14)
FNDA:0,(anonymous_15)
FNDA:0,(anonymous_16)
FNDA:0,(anonymous_17)
FNDA:0,(anonymous_18)
FNDA:0,(anonymous_19)
FNDA:0,(anonymous_20)
FNDA:0,(anonymous_21)
FNDA:0,(anonymous_22)
FNDA:0,(anonymous_23)
FNDA:0,(anonymous_24)
FNDA:0,(anonymous_25)
FNDA:0,(anonymous_26)
FNDA:0,(anonymous_27)
FNDA:0,(anonymous_28)
FNDA:0,(anonymous_29)
FNDA:0,(anonymous_30)
FNDA:0,(anonymous_31)
FNDA:0,(anonymous_32)
FNDA:0,(anonymous_33)
FNDA:0,(anonymous_34)
FNDA:0,(anonymous_35)
FNDA:0,(anonymous_36)
FNDA:0,(anonymous_37)
FNDA:0,(anonymous_38)
FNDA:0,(anonymous_39)
FNDA:0,(anonymous_40)
FNDA:0,(anonymous_41)
FNDA:0,(anonymous_42)
FNDA:0,(anonymous_43)
FNDA:0,(anonymous_44)
FNDA:0,(anonymous_45)
DA:14,0
DA:15,0
DA:18,0
DA:21,0
DA:22,0
DA:24,0
DA:34,0
DA:37,0
DA:51,0
DA:52,0
DA:55,0
DA:60,0
DA:61,0
DA:64,0
DA:65,0
DA:69,0
DA:79,0
DA:81,0
DA:82,0
DA:84,0
DA:85,0
DA:91,0
DA:92,0
DA:97,0
DA:99,0
DA:100,0
DA:102,0
DA:104,0
DA:105,0
DA:107,0
DA:108,0
DA:109,0
DA:110,0
DA:112,0
DA:124,0
DA:137,0
DA:138,0
DA:139,0
DA:141,0
DA:145,0
DA:148,0
DA:158,0
DA:172,0
DA:175,0
DA:191,0
DA:192,0
DA:195,0
DA:200,0
DA:201,0
DA:205,0
DA:215,0
DA:217,0
DA:218,0
DA:220,0
DA:221,0
DA:227,0
DA:228,0
DA:229,0
DA:234,0
DA:236,0
DA:237,0
DA:239,0
DA:241,0
DA:243,0
DA:256,0
DA:259,0
DA:260,0
DA:264,0
DA:266,0
DA:277,0
DA:280,0
DA:309,0
DA:312,0
DA:313,0
DA:316,0
DA:319,0
DA:321,0
DA:336,0
DA:339,0
DA:354,0
DA:357,0
DA:362,0
DA:363,0
DA:367,0
DA:376,0
DA:378,0
DA:379,0
DA:381,0
DA:382,0
DA:387,0
DA:388,0
DA:393,0
DA:395,0
DA:396,0
DA:398,0
DA:399,0
DA:412,0
DA:415,0
DA:416,0
DA:420,0
DA:422,0
DA:434,0
DA:437,0
DA:452,0
DA:453,0
DA:456,0
DA:460,0
DA:461,0
DA:464,0
DA:474,0
DA:475,0
DA:488,0
DA:489,0
DA:490,0
DA:491,0
DA:493,0
DA:497,0
DA:499,0
DA:500,0
DA:501,0
DA:503,0
DA:504,0
DA:511,0
DA:512,0
DA:513,0
DA:514,0
DA:519,0
DA:521,0
DA:522,0
DA:524,0
DA:525,0
DA:539,0
DA:542,0
DA:543,0
DA:547,0
DA:549,0
DA:559,0
DA:562,0
DA:564,0
DA:565,0
DA:566,0
DA:568,0
DA:569,0
DA:570,0
DA:572,0
DA:573,0
DA:574,0
DA:577,0
DA:578,0
DA:581,0
DA:593,0
DA:596,0
DA:605,0
DA:606,0
DA:610,0
DA:616,0
DA:617,0
DA:621,0
DA:634,0
DA:635,0
DA:648,0
DA:650,0
DA:651,0
DA:653,0
DA:654,0
DA:665,0
DA:666,0
DA:671,0
DA:674,0
DA:675,0
DA:677,0
DA:694,0
DA:697,0
DA:712,0
DA:713,0
DA:716,0
DA:721,0
DA:722,0
DA:726,0
DA:738,0
DA:748,0
DA:749,0
DA:750,0
DA:752,0
DA:753,0
DA:754,0
DA:756,0
DA:765,0
DA:768,0
DA:769,0
DA:782,0
DA:784,0
DA:785,0
DA:798,0
DA:799,0
DA:800,0
DA:802,0
DA:806,0
DA:807,0
DA:811,0
DA:812,0
DA:814,0
DA:829,0
DA:838,0
DA:839,0
DA:843,0
DA:855,0
DA:856,0
DA:872,0
DA:873,0
DA:874,0
DA:882,0
DA:883,0
DA:884,0
DA:896,0
DA:899,0
DA:901,0
LF:217
LH:0
BRDA:32,0,0,0
BRDA:60,1,0,0
BRDA:60,1,1,0
BRDA:64,2,0,0
BRDA:64,2,1,0
BRDA:84,3,0,0
BRDA:84,3,1,0
BRDA:102,4,0,0
BRDA:102,4,1,0
BRDA:104,5,0,0
BRDA:104,5,1,0
BRDA:105,6,0,0
BRDA:105,6,1,0
BRDA:107,7,0,0
BRDA:107,7,1,0
BRDA:108,8,0,0
BRDA:108,8,1,0
BRDA:110,9,0,0
BRDA:110,9,1,0
BRDA:138,10,0,0
BRDA:138,10,1,0
BRDA:169,11,0,0
BRDA:182,12,0,0
BRDA:182,12,1,0
BRDA:200,13,0,0
BRDA:200,13,1,0
BRDA:220,14,0,0
BRDA:220,14,1,0
BRDA:224,15,0,0
BRDA:224,15,1,0
BRDA:229,16,0,0
BRDA:229,16,1,0
BRDA:239,17,0,0
BRDA:239,17,1,0
BRDA:276,18,0,0
BRDA:303,19,0,0
BRDA:303,19,1,0
BRDA:319,20,0,0
BRDA:319,20,1,0
BRDA:335,21,0,0
BRDA:362,22,0,0
BRDA:362,22,1,0
BRDA:381,23,0,0
BRDA:381,23,1,0
BRDA:398,24,0,0
BRDA:398,24,1,0
BRDA:433,25,0,0
BRDA:460,26,0,0
BRDA:460,26,1,0
BRDA:490,27,0,0
BRDA:490,27,1,0
BRDA:501,28,0,0
BRDA:501,28,1,0
BRDA:503,29,0,0
BRDA:503,29,1,0
BRDA:524,30,0,0
BRDA:524,30,1,0
BRDA:562,31,0,0
BRDA:562,31,1,0
BRDA:562,31,2,0
BRDA:562,31,3,0
BRDA:562,31,4,0
BRDA:591,32,0,0
BRDA:605,33,0,0
BRDA:605,33,1,0
BRDA:616,34,0,0
BRDA:616,34,1,0
BRDA:634,35,0,0
BRDA:634,35,1,0
BRDA:653,36,0,0
BRDA:653,36,1,0
BRDA:661,37,0,0
BRDA:661,37,1,0
BRDA:662,38,0,0
BRDA:662,38,1,0
BRDA:693,39,0,0
BRDA:721,40,0,0
BRDA:721,40,1,0
BRDA:752,41,0,0
BRDA:752,41,1,0
BRDA:754,42,0,0
BRDA:754,42,1,0
BRDA:799,43,0,0
BRDA:799,43,1,0
BRDA:838,44,0,0
BRDA:838,44,1,0
BRDA:876,45,0,0
BRDA:876,45,1,0
BRDA:877,46,0,0
BRDA:877,46,1,0
BRDA:886,47,0,0
BRDA:886,47,1,0
BRDA:889,48,0,0
BRDA:889,48,1,0
BRDA:24,49,0,0
BRDA:24,49,1,0
BRDA:24,50,0,0
BRDA:24,50,1,0
BRF:98
BRH:0
end_of_record
TN:
SF:src/modules/ranking/dto/ranking-query.dto.ts
FN:3,(anonymous_2)
FNF:1
FNH:0
FNDA:0,(anonymous_2)
DA:1,0
DA:3,0
DA:4,0
DA:5,0
DA:6,0
DA:7,0
DA:10,0
DA:13,0
DA:17,0
DA:20,0
DA:23,0
DA:27,0
LF:12
LH:0
BRDA:3,0,0,0
BRDA:3,0,1,0
BRF:2
BRH:0
end_of_record
TN:
SF:src/modules/storage/storage.controller.ts
FN:33,(anonymous_4)
FN:45,(anonymous_5)
FN:58,(anonymous_6)
FN:132,(anonymous_7)
FN:141,(anonymous_8)
FNF:5
FNH:0
FNDA:0,(anonymous_4)
FNDA:0,(anonymous_5)
FNDA:0,(anonymous_6)
FNDA:0,(anonymous_7)
FNDA:0,(anonymous_8)
DA:7,0
DA:19,0
DA:20,0
DA:21,0
DA:22,0
DA:23,0
DA:24,0
DA:25,0
DA:26,0
DA:30,0
DA:31,0
DA:34,0
DA:35,0
DA:36,0
DA:37,0
DA:45,0
DA:49,0
DA:58,0
DA:62,0
DA:63,0
DA:66,0
DA:67,0
DA:69,0
DA:70,0
DA:71,0
DA:86,0
DA:87,0
DA:88,0
DA:91,0
DA:92,0
DA:95,0
DA:96,0
DA:97,0
DA:100,0
DA:103,0
DA:104,0
DA:110,0
DA:113,0
DA:123,0
DA:124,0
DA:132,0
DA:133,0
DA:134,0
DA:141,0
DA:142,0
LF:45
LH:0
BRDA:69,0,0,0
BRDA:69,0,1,0
BRDA:47,1,0,0
BRDA:47,1,1,0
BRDA:47,2,0,0
BRDA:47,2,1,0
BRDA:47,2,2,0
BRDA:60,3,0,0
BRDA:60,3,1,0
BRDA:60,4,0,0
BRDA:60,4,1,0
BRDA:60,4,2,0
BRDA:132,5,0,0
BRDA:132,5,1,0
BRDA:132,6,0,0
BRDA:132,6,1,0
BRDA:34,7,0,0
BRDA:34,7,1,0
BRDA:34,8,0,0
BRDA:34,8,1,0
BRDA:34,9,0,0
BRDA:34,9,1,0
BRDA:34,10,0,0
BRDA:34,10,1,0
BRDA:35,11,0,0
BRDA:35,11,1,0
BRDA:35,12,0,0
BRDA:35,12,1,0
BRDA:36,13,0,0
BRDA:36,13,1,0
BRDA:36,14,0,0
BRDA:36,14,1,0
BRF:32
BRH:0
end_of_record
TN:
SF:src/modules/storage/storage.module.ts
FNF:0
FNH:0
DA:1,0
DA:2,0
DA:3,0
DA:4,0
DA:5,0
DA:6,0
DA:7,0
DA:8,0
DA:9,0
DA:10,0
DA:11,0
DA:31,0
LF:12
LH:0
BRF:0
BRH:0
end_of_record
TN:
SF:src/modules/storage/storage.service.ts
FN:17,(anonymous_1)
FN:28,(anonymous_2)
FN:46,(anonymous_3)
FN:120,(anonymous_4)
FN:143,(anonymous_5)
FN:160,(anonymous_6)
FNF:6
FNH:0
FNDA:0,(anonymous_1)
FNDA:0,(anonymous_2)
FNDA:0,(anonymous_3)
FNDA:0,(anonymous_4)
FNDA:0,(anonymous_5)
FNDA:0,(anonymous_6)
DA:7,0
DA:8,0
DA:9,0
DA:12,0
DA:13,0
DA:18,0
DA:22,0
DA:25,0
DA:29,0
DA:30,0
DA:35,0
DA:36,0
DA:37,0
DA:39,0
DA:42,0
DA:52,0
DA:54,0
DA:55,0
DA:58,0
DA:59,0
DA:60,0
DA:63,0
DA:64,0
DA:65,0
DA:68,0
DA:69,0
DA:73,0
DA:74,0
DA:75,0
DA:77,0
DA:78,0
DA:81,0
DA:89,0
DA:90,0
DA:91,0
DA:94,0
DA:97,0
DA:102,0
DA:104,0
DA:112,0
DA:113,0
DA:115,0
DA:116,0
DA:121,0
DA:122,0
DA:127,0
DA:128,0
DA:129,0
DA:132,0
DA:135,0
DA:136,0
DA:138,0
DA:139,0
DA:144,0
DA:145,0
DA:146,0
DA:149,0
DA:151,0
DA:161,0
LF:59
LH:0
BRDA:35,0,0,0
BRDA:35,0,1,0
BRDA:52,1,0,0
BRDA:52,1,1,0
BRDA:54,2,0,0
BRDA:54,2,1,0
BRDA:58,3,0,0
BRDA:58,3,1,0
BRDA:64,4,0,0
BRDA:64,4,1,0
BRDA:68,5,0,0
BRDA:68,5,1,0
BRDA:89,6,0,0
BRDA:89,6,1,0
BRDA:112,7,0,0
BRDA:112,7,1,0
BRDA:127,8,0,0
BRDA:127,8,1,0
BRDA:135,9,0,0
BRDA:135,9,1,0
BRF:20
BRH:0
end_of_record
TN:
SF:src/modules/storage/dto/storage.dto.ts
FNF:0
FNH:0
DA:3,0
LF:1
LH:0
BRF:0
BRH:0
end_of_record
TN:
SF:src/modules/sync/sync.controller.ts
FN:11,(anonymous_4)
FN:14,(anonymous_5)
FN:23,(anonymous_6)
FN:31,(anonymous_7)
FN:36,(anonymous_8)
FN:41,(anonymous_9)
FNF:6
FNH:0
FNDA:0,(anonymous_4)
FNDA:0,(anonymous_5)
FNDA:0,(anonymous_6)
FNDA:0,(anonymous_7)
FNDA:0,(anonymous_8)
FNDA:0,(anonymous_9)
DA:1,0
DA:2,0
DA:3,0
DA:4,0
DA:5,0
DA:6,0
DA:10,0
DA:11,0
DA:14,0
DA:18,0
DA:19,0
DA:23,0
DA:27,0
DA:31,0
DA:32,0
DA:36,0
DA:37,0
DA:41,0
DA:42,0
DA:43,0
LF:20
LH:0
BRDA:18,0,0,0
BRDA:18,0,1,0
BRDA:17,1,0,0
BRDA:17,1,1,0
BRDA:17,2,0,0
BRDA:17,2,1,0
BRDA:25,3,0,0
BRDA:25,3,1,0
BRDA:25,4,0,0
BRDA:25,4,1,0
BRDA:26,5,0,0
BRDA:26,5,1,0
BRDA:26,6,0,0
BRDA:26,6,1,0
BRDA:31,7,0,0
BRDA:31,7,1,0
BRDA:31,8,0,0
BRDA:31,8,1,0
BRDA:36,9,0,0
BRDA:36,9,1,0
BRDA:36,10,0,0
BRDA:36,10,1,0
BRDA:41,11,0,0
BRDA:41,11,1,0
BRDA:41,12,0,0
BRDA:41,12,1,0
BRDA:11,13,0,0
BRDA:11,13,1,0
BRDA:11,14,0,0
BRDA:11,14,1,0
BRF:30
BRH:0
end_of_record
TN:
SF:src/modules/sync/sync.module.ts
FNF:0
FNH:0
DA:1,0
DA:2,0
DA:3,0
DA:4,0
DA:5,0
DA:13,0
LF:6
LH:0
BRF:0
BRH:0
end_of_record
TN:
SF:src/modules/sync/sync.service.ts
FN:7,(anonymous_2)
FN:9,(anonymous_3)
FN:31,(anonymous_4)
FN:34,(anonymous_5)
FN:40,(anonymous_6)
FN:97,(anonymous_7)
FN:115,(anonymous_8)
FN:121,(anonymous_9)
FN:130,(anonymous_10)
FN:151,(anonymous_11)
FN:166,(anonymous_12)
FN:174,(anonymous_13)
FN:182,(anonymous_14)
FN:198,(anonymous_15)
FN:209,(anonymous_16)
FN:219,(anonymous_17)
FNF:16
FNH:9
FNDA:12,(anonymous_2)
FNDA:3,(anonymous_3)
FNDA:0,(anonymous_4)
FNDA:0,(anonymous_5)
FNDA:6,(anonymous_6)
FNDA:2,(anonymous_7)
FNDA:1,(anonymous_8)
FNDA:2,(anonymous_9)
FNDA:2,(anonymous_10)
FNDA:1,(anonymous_11)
FNDA:1,(anonymous_12)
FNDA:0,(anonymous_13)
FNDA:0,(anonymous_14)
FNDA:0,(anonymous_15)
FNDA:0,(anonymous_16)
FNDA:0,(anonymous_17)
DA:1,1
DA:2,1
DA:6,1
DA:7,12
DA:10,3
DA:12,3
DA:30,0
DA:31,0
DA:34,0
DA:41,6
DA:42,6
DA:43,6
DA:45,6
DA:46,7
DA:47,7
DA:49,2
DA:50,2
DA:51,2
DA:54,2
DA:55,1
DA:56,1
DA:59,1
DA:60,1
DA:61,1
DA:64,1
DA:65,0
DA:66,0
DA:69,0
DA:70,0
DA:71,0
DA:74,1
DA:81,2
DA:89,6
DA:98,2
DA:102,0
DA:107,0
DA:116,1
DA:122,2
DA:131,2
DA:133,2
DA:137,2
DA:138,0
DA:141,2
DA:142,1
DA:145,1
DA:152,1
DA:156,1
DA:157,0
DA:160,1
DA:167,1
DA:175,0
DA:183,0
DA:199,0
DA:210,0
DA:220,0
LF:55
LH:38
BRDA:10,0,0,1
BRDA:10,0,1,2
BRDA:32,1,0,0
BRDA:32,1,1,0
BRDA:33,2,0,0
BRDA:33,2,1,0
BRDA:47,3,0,2
BRDA:47,3,1,2
BRDA:47,3,2,1
BRDA:47,3,3,1
BRDA:47,3,4,0
BRDA:47,3,5,1
BRDA:83,4,0,2
BRDA:83,4,1,0
BRDA:84,5,0,2
BRDA:84,5,1,2
BRDA:137,6,0,0
BRDA:137,6,1,2
BRDA:141,7,0,1
BRDA:141,7,1,1
BRDA:156,8,0,0
BRDA:156,8,1,1
BRDA:7,9,0,1
BRDA:7,9,1,0
BRDA:7,10,0,1
BRDA:7,10,1,1
BRF:26
BRH:17
end_of_record
TN:
SF:src/modules/sync/dto/sync.dto.ts
FNF:0
FNH:0
DA:1,0
DA:6,0
DA:15,0
DA:24,0
DA:26,0
DA:29,0
DA:34,0
DA:37,0
DA:40,0
DA:42,0
DA:45,0
DA:47,0
DA:50,0
DA:53,0
DA:56,0
DA:58,0
DA:61,0
DA:68,0
DA:75,0
DA:82,0
DA:84,0
DA:87,0
DA:90,0
LF:23
LH:0
BRF:0
BRH:0
end_of_record
TN:
SF:src/modules/users/users.controller.ts
FN:20,(anonymous_4)
FN:23,(anonymous_5)
FN:28,(anonymous_6)
FN:36,(anonymous_7)
FN:41,(anonymous_8)
FN:49,(anonymous_9)
FN:54,(anonymous_10)
FNF:7
FNH:0
FNDA:0,(anonymous_4)
FNDA:0,(anonymous_5)
FNDA:0,(anonymous_6)
FNDA:0,(anonymous_7)
FNDA:0,(anonymous_8)
FNDA:0,(anonymous_9)
FNDA:0,(anonymous_10)
DA:1,0
DA:9,0
DA:10,0
DA:11,0
DA:13,0
DA:14,0
DA:15,0
DA:19,0
DA:20,0
DA:23,0
DA:24,0
DA:28,0
DA:32,0
DA:36,0
DA:37,0
DA:41,0
DA:45,0
DA:49,0
DA:50,0
DA:54,0
DA:55,0
DA:56,0
LF:22
LH:0
BRDA:23,0,0,0
BRDA:23,0,1,0
BRDA:23,1,0,0
BRDA:23,1,1,0
BRDA:30,2,0,0
BRDA:30,2,1,0
BRDA:30,3,0,0
BRDA:30,3,1,0
BRDA:31,4,0,0
BRDA:31,4,1,0
BRDA:31,5,0,0
BRDA:31,5,1,0
BRDA:36,6,0,0
BRDA:36,6,1,0
BRDA:36,7,0,0
BRDA:36,7,1,0
BRDA:43,8,0,0
BRDA:43,8,1,0
BRDA:43,9,0,0
BRDA:43,9,1,0
BRDA:44,10,0,0
BRDA:44,10,1,0
BRDA:44,11,0,0
BRDA:44,11,1,0
BRDA:49,12,0,0
BRDA:49,12,1,0
BRDA:49,13,0,0
BRDA:49,13,1,0
BRDA:54,14,0,0
BRDA:54,14,1,0
BRDA:54,15,0,0
BRDA:54,15,1,0
BRDA:20,16,0,0
BRDA:20,16,1,0
BRDA:20,17,0,0
BRDA:20,17,1,0
BRF:36
BRH:0
end_of_record
TN:
SF:src/modules/users/users.module.ts
FNF:0
FNH:0
DA:1,0
DA:2,0
DA:3,0
DA:4,0
DA:5,0
DA:13,0
LF:6
LH:0
BRF:0
BRH:0
end_of_record
TN:
SF:src/modules/users/users.service.ts
FN:55,(anonymous_2)
FN:64,(anonymous_3)
FN:115,(anonymous_4)
FN:127,(anonymous_5)
FN:143,(anonymous_6)
FN:168,(anonymous_7)
FN:184,(anonymous_8)
FN:217,(anonymous_9)
FN:272,(anonymous_10)
FN:282,(anonymous_11)
FN:301,(anonymous_12)
FN:325,(anonymous_13)
FN:338,(anonymous_14)
FN:349,(anonymous_15)
FN:372,(anonymous_16)
FN:382,(anonymous_17)
FN:411,(anonymous_18)
FN:425,(anonymous_19)
FNF:18
FNH:9
FNDA:8,(anonymous_2)
FNDA:0,(anonymous_3)
FNDA:0,(anonymous_4)
FNDA:2,(anonymous_5)
FNDA:1,(anonymous_6)
FNDA:0,(anonymous_7)
FNDA:1,(anonymous_8)
FNDA:3,(anonymous_9)
FNDA:0,(anonymous_10)
FNDA:1,(anonymous_11)
FNDA:1,(anonymous_12)
FNDA:0,(anonymous_13)
FNDA:0,(anonymous_14)
FNDA:0,(anonymous_15)
FNDA:0,(anonymous_16)
FNDA:0,(anonymous_17)
FNDA:2,(anonymous_18)
FNDA:1,(anonymous_19)
DA:7,1
DA:8,1
DA:52,1
DA:53,8
DA:55,8
DA:65,0
DA:74,0
DA:75,0
DA:79,0
DA:80,0
DA:82,0
DA:86,0
DA:88,0
DA:95,0
DA:99,0
DA:104,0
DA:106,0
DA:107,0
DA:109,0
DA:116,0
DA:128,2
DA:133,2
DA:134,1
DA:137,1
DA:144,1
DA:162,1
DA:169,0
DA:174,0
DA:175,0
DA:178,0
DA:185,1
DA:197,1
DA:211,1
DA:218,3
DA:222,3
DA:223,1
DA:226,2
DA:236,0
DA:237,0
DA:238,0
DA:240,0
DA:241,0
DA:243,0
DA:260,0
DA:265,0
DA:272,0
DA:283,1
DA:291,1
DA:302,1
DA:326,0
DA:327,0
DA:328,0
DA:339,0
DA:346,0
DA:348,0
DA:349,0
DA:352,0
DA:353,0
DA:354,0
DA:356,0
DA:357,0
DA:358,0
DA:359,0
DA:360,0
DA:362,0
DA:366,0
DA:373,0
DA:379,0
DA:381,0
DA:382,0
DA:385,0
DA:386,0
DA:388,0
DA:389,0
DA:390,0
DA:391,0
DA:393,0
DA:394,0
DA:395,0
DA:396,0
DA:397,0
DA:401,0
DA:412,2
DA:426,1
DA:427,1
LF:85
LH:24
BRDA:74,0,0,0
BRDA:74,0,1,0
BRDA:82,1,0,0
BRDA:82,1,1,0
BRDA:82,1,2,0
BRDA:86,2,0,0
BRDA:86,2,1,0
BRDA:86,3,0,0
BRDA:86,3,1,0
BRDA:104,4,0,0
BRDA:104,4,1,0
BRDA:133,5,0,1
BRDA:133,5,1,1
BRDA:151,6,0,1
BRDA:151,6,1,0
BRDA:174,7,0,0
BRDA:174,7,1,0
BRDA:222,8,0,1
BRDA:222,8,1,2
BRDA:314,9,0,1
BRDA:314,9,1,0
BRDA:346,10,0,0
BRDA:346,10,1,0
BRDA:358,11,0,0
BRDA:358,11,1,0
BRDA:379,12,0,0
BRDA:379,12,1,0
BRDA:393,13,0,0
BRDA:393,13,1,0
BRDA:396,14,0,0
BRDA:396,14,1,0
BRDA:415,15,0,2
BRDA:415,15,1,2
BRDA:415,15,2,1
BRDA:416,16,0,2
BRDA:416,16,1,2
BRDA:417,17,0,2
BRDA:417,17,1,2
BRDA:417,17,2,2
BRDA:426,18,0,1
BRDA:426,18,1,1
BRDA:428,19,0,1
BRDA:428,19,1,1
BRDA:429,20,0,1
BRDA:429,20,1,1
BRDA:430,21,0,1
BRDA:430,21,1,1
BRDA:431,22,0,1
BRDA:431,22,1,1
BRDA:432,23,0,1
BRDA:432,23,1,1
BRDA:433,24,0,1
BRDA:433,24,1,1
BRDA:434,25,0,1
BRDA:434,25,1,1
BRDA:55,26,0,1
BRDA:55,26,1,0
BRDA:55,27,0,1
BRDA:55,27,1,1
BRF:59
BRH:33
end_of_record
TN:
SF:src/modules/users/dto/update-profile.dto.ts
FNF:0
FNH:0
DA:1,0
DA:3,0
DA:8,0
DA:13,0
DA:17,0
LF:5
LH:0
BRF:0
BRH:0
end_of_record
TN:
SF:src/modules/users/dto/update-settings.dto.ts
FNF:0
FNH:0
DA:1,0
DA:3,0
DA:6,0
DA:10,0
DA:14,0
DA:19,0
DA:24,0
DA:29,0
DA:33,0
LF:9
LH:0
BRF:0
BRH:0
end_of_record
TN:
SF:src/modules/users/dto/user-response.dto.ts
FNF:0
FNH:0
DA:3,0
DA:12,0
DA:22,0
DA:27,0
LF:4
LH:0
BRF:0
BRH:0
end_of_record
TN:
SF:src/scripts/backfill-dish-unlocks.ts
FN:6,main
FN:99,(anonymous_1)
FN:103,(anonymous_2)
FNF:3
FNH:0
FNDA:0,main
FNDA:0,(anonymous_1)
FNDA:0,(anonymous_2)
DA:2,0
DA:4,0
DA:7,0
DA:10,0
DA:11,0
DA:25,0
DA:29,0
DA:37,0
DA:38,0
DA:40,0
DA:41,0
DA:43,0
DA:44,0
DA:52,0
DA:55,0
DA:56,0
DA:61,0
DA:64,0
DA:65,0
DA:67,0
DA:68,0
DA:89,0
DA:90,0
DA:91,0
DA:95,0
DA:98,0
DA:100,0
DA:101,0
DA:104,0
LF:29
LH:0
BRDA:38,0,0,0
BRDA:38,0,1,0
BRDA:43,1,0,0
BRDA:43,1,1,0
BRDA:55,2,0,0
BRDA:55,2,1,0
BRDA:90,3,0,0
BRDA:90,3,1,0
BRF:8
BRH:0
end_of_record
